2020-04-25 15:28:47 -Starting LongEcologicalApplication on PC-201905161910 with PID 16036 (D:\javaSVN\zf2_qh\zfPayOver\target\classes started by Administrator in D:\javaSVN\zf2_qh\zfPayOver)
2020-04-25 15:28:47 -Running with Spring Boot v2.1.1.RELEASE, Spring v5.1.3.RELEASE
2020-04-25 15:28:47 -No active profile set, falling back to default profiles: default
2020-04-25 15:28:48 -Skipping MapperFactoryBean with name 'onlineActivityMapper' and 'com.example.longecological.mapper.activity.OnlineActivityMapper' mapperInterface. Bean already defined with the same name!
2020-04-25 15:28:48 -Skipping MapperFactoryBean with name 'benefitCentreMapper' and 'com.example.longecological.mapper.benefitcentre.BenefitCentreMapper' mapperInterface. Bean already defined with the same name!
2020-04-25 15:28:48 -Skipping MapperFactoryBean with name 'sysParamMapper' and 'com.example.longecological.mapper.common.SysParamMapper' mapperInterface. Bean already defined with the same name!
2020-04-25 15:28:48 -Skipping MapperFactoryBean with name 'sysParamRateMapper' and 'com.example.longecological.mapper.common.SysParamRateMapper' mapperInterface. Bean already defined with the same name!
2020-04-25 15:28:48 -Skipping MapperFactoryBean with name 'verifyRecordMapper' and 'com.example.longecological.mapper.common.VerifyRecordMapper' mapperInterface. Bean already defined with the same name!
2020-04-25 15:28:48 -Skipping MapperFactoryBean with name 'machinesManageMapper' and 'com.example.longecological.mapper.machines.MachinesManageMapper' mapperInterface. Bean already defined with the same name!
2020-04-25 15:28:48 -Skipping MapperFactoryBean with name 'merchantManageMapper' and 'com.example.longecological.mapper.merchant.MerchantManageMapper' mapperInterface. Bean already defined with the same name!
2020-04-25 15:28:48 -Skipping MapperFactoryBean with name 'messageMapper' and 'com.example.longecological.mapper.message.MessageMapper' mapperInterface. Bean already defined with the same name!
2020-04-25 15:28:48 -Skipping MapperFactoryBean with name 'moneyLockerCollegeMapper' and 'com.example.longecological.mapper.moneylocker.MoneyLockerCollegeMapper' mapperInterface. Bean already defined with the same name!
2020-04-25 15:28:48 -Skipping MapperFactoryBean with name 'mposMapper' and 'com.example.longecological.mapper.mpos.MposMapper' mapperInterface. Bean already defined with the same name!
2020-04-25 15:28:48 -Skipping MapperFactoryBean with name 'scheduleJobMapper' and 'com.example.longecological.mapper.quartz.ScheduleJobMapper' mapperInterface. Bean already defined with the same name!
2020-04-25 15:28:48 -Skipping MapperFactoryBean with name 'creditCardRatesApplyMapper' and 'com.example.longecological.mapper.ratesmanage.CreditCardRatesApplyMapper' mapperInterface. Bean already defined with the same name!
2020-04-25 15:28:48 -Skipping MapperFactoryBean with name 'reportFormsMapper' and 'com.example.longecological.mapper.reportforms.ReportFormsMapper' mapperInterface. Bean already defined with the same name!
2020-04-25 15:28:48 -Skipping MapperFactoryBean with name 'sysAppImgMapper' and 'com.example.longecological.mapper.system.SysAppImgMapper' mapperInterface. Bean already defined with the same name!
2020-04-25 15:28:48 -Skipping MapperFactoryBean with name 'sysBankInfoMapper' and 'com.example.longecological.mapper.system.SysBankInfoMapper' mapperInterface. Bean already defined with the same name!
2020-04-25 15:28:48 -Skipping MapperFactoryBean with name 'sysExchangeUrlMapper' and 'com.example.longecological.mapper.system.SysExchangeUrlMapper' mapperInterface. Bean already defined with the same name!
2020-04-25 15:28:48 -Skipping MapperFactoryBean with name 'sysNewsMapper' and 'com.example.longecological.mapper.system.SysNewsMapper' mapperInterface. Bean already defined with the same name!
2020-04-25 15:28:48 -Skipping MapperFactoryBean with name 'sysNoticeMapper' and 'com.example.longecological.mapper.system.SysNoticeMapper' mapperInterface. Bean already defined with the same name!
2020-04-25 15:28:48 -Skipping MapperFactoryBean with name 'sysVersionMapper' and 'com.example.longecological.mapper.system.SysVersionMapper' mapperInterface. Bean already defined with the same name!
2020-04-25 15:28:48 -Skipping MapperFactoryBean with name 'test' and 'com.example.longecological.mapper.test.Test' mapperInterface. Bean already defined with the same name!
2020-04-25 15:28:48 -Skipping MapperFactoryBean with name 'traditionalPosMapper' and 'com.example.longecological.mapper.traditionalpos.TraditionalPosMapper' mapperInterface. Bean already defined with the same name!
2020-04-25 15:28:48 -Skipping MapperFactoryBean with name 'userCardInfoMapper' and 'com.example.longecological.mapper.user.UserCardInfoMapper' mapperInterface. Bean already defined with the same name!
2020-04-25 15:28:48 -Skipping MapperFactoryBean with name 'userCashRecordMapper' and 'com.example.longecological.mapper.user.UserCashRecordMapper' mapperInterface. Bean already defined with the same name!
2020-04-25 15:28:48 -Skipping MapperFactoryBean with name 'userFeedBackMapper' and 'com.example.longecological.mapper.user.UserFeedBackMapper' mapperInterface. Bean already defined with the same name!
2020-04-25 15:28:48 -Skipping MapperFactoryBean with name 'userInfoMapper' and 'com.example.longecological.mapper.user.UserInfoMapper' mapperInterface. Bean already defined with the same name!
2020-04-25 15:28:48 -Skipping MapperFactoryBean with name 'zhongFuBackMapper' and 'com.example.longecological.mapper.zfback.ZhongFuBackMapper' mapperInterface. Bean already defined with the same name!
2020-04-25 15:28:48 -Multiple Spring Data modules found, entering strict repository configuration mode!
2020-04-25 15:28:48 -Bootstrapping Spring Data repositories in DEFAULT mode.
2020-04-25 15:28:48 -Finished Spring Data repository scanning in 53ms. Found 0 repository interfaces.
2020-04-25 15:28:48 -Multiple Spring Data modules found, entering strict repository configuration mode!
2020-04-25 15:28:48 -Bootstrapping Spring Data repositories in DEFAULT mode.
2020-04-25 15:28:48 -Finished Spring Data repository scanning in 33ms. Found 0 repository interfaces.
2020-04-25 15:28:48 -Bean 'taskExecutorConfig' of type [com.example.longecological.config.thread.TaskExecutorConfig$$EnhancerBySpringCGLIB$$61aaea2] is not eligible for getting processed by all BeanPostProcessors (for example: not eligible for auto-proxying)
2020-04-25 15:28:48 -Bean 'org.springframework.transaction.annotation.ProxyTransactionManagementConfiguration' of type [org.springframework.transaction.annotation.ProxyTransactionManagementConfiguration$$EnhancerBySpringCGLIB$$9e9342] is not eligible for getting processed by all BeanPostProcessors (for example: not eligible for auto-proxying)
2020-04-25 15:28:49 -Tomcat initialized with port(s): 8080 (http)
2020-04-25 15:28:49 -Initializing ProtocolHandler ["http-nio-8080"]
2020-04-25 15:28:49 -Starting service [Tomcat]
2020-04-25 15:28:49 -Starting Servlet Engine: Apache Tomcat/9.0.13
2020-04-25 15:28:49 -The APR based Apache Tomcat Native library which allows optimal performance in production environments was not found on the java.library.path: [C:\Program Files\Java\jdk1.8.0_181\bin;C:\Windows\Sun\Java\bin;C:\Windows\system32;C:\Windows;C:\Program Files (x86)\NetSarang\Xshell 6\;C:\Python27\;C:\Python27\Scripts;C:\Program Files (x86)\NetSarang\Xftp 6\;C:\Program Files (x86)\Common Files\Oracle\Java\javapath;C:\Windows\system32;C:\Windows;C:\Windows\System32\Wbem;C:\Windows\System32\WindowsPowerShell\v1.0\;C:\Program Files (x86)\MySQL\MySQL Utilities 1.6\;C:\Program Files\TortoiseSVN\bin;C:\Program Files\Git\cmd;C:\ProgramData\chocolatey\bin;C:\Program Files\Geth;D:\360Downloads\web3j-3.6.0\bin;C:\Program Files\nodejs\;C:\Program Files\Microsoft SQL Server\120\DTS\Binn\;C:\Program Files\Microsoft SQL Server\Client SDK\ODBC\110\Tools\Binn\;C:\Program Files (x86)\Microsoft SQL Server\120\Tools\Binn\;C:\Program Files\Microsoft SQL Server\120\Tools\Binn\;C:\Program Files (x86)\Microsoft SQL Server\120\Tools\Binn\ManagementStudio\;C:\Program Files (x86)\Microsoft SQL Server\120\DTS\Binn\;C:\Program Files\Redis\;C:\Users\Administrator\AppData\Local\Microsoft\WindowsApps;C:\Program Files\Microsoft VS Code\bin;D:\360Downloads\web3j-3.6.0\bin;C:\Users\Administrator\AppData\Roaming\npm;C:\Program Files\Java\jdk1.8.0_181;;.]
2020-04-25 15:28:49 -Initializing Spring embedded WebApplicationContext
2020-04-25 15:28:49 -Root WebApplicationContext: initialization completed in 2512 ms
2020-04-25 15:28:49 -Filter xssFilter was not registered (disabled)
2020-04-25 15:28:50 -HikariPool-1 - Starting...
2020-04-25 15:28:50 -HikariPool-1 - Start completed.
2020-04-25 15:28:50 -HHH000204: Processing PersistenceUnitInfo [
	name: default
	...]
2020-04-25 15:28:50 -HHH000412: Hibernate Core {5.3.7.Final}
2020-04-25 15:28:50 -HHH000206: hibernate.properties not found
2020-04-25 15:28:50 -HCANN000001: Hibernate Commons Annotations {5.0.4.Final}
2020-04-25 15:28:51 -HHH000400: Using dialect: org.hibernate.dialect.MySQL5Dialect
2020-04-25 15:28:51 -Initialized JPA EntityManagerFactory for persistence unit 'default'
2020-04-25 15:28:51 -Using default implementation for ThreadExecutor
2020-04-25 15:28:51 -Initialized Scheduler Signaller of type: class org.quartz.core.SchedulerSignalerImpl
2020-04-25 15:28:51 -Quartz Scheduler v.2.3.0 created.
2020-04-25 15:28:51 -RAMJobStore initialized.
2020-04-25 15:28:51 -Scheduler meta-data: Quartz Scheduler (v2.3.0) 'schedulerFactoryBean' with instanceId 'NON_CLUSTERED'
  Scheduler class: 'org.quartz.core.QuartzScheduler' - running locally.
  NOT STARTED.
  Currently in standby mode.
  Number of jobs executed: 0
  Using thread pool 'org.quartz.simpl.SimpleThreadPool' - with 10 threads.
  Using job-store 'org.quartz.simpl.RAMJobStore' - which does not support persistence. and is not clustered.

2020-04-25 15:28:51 -Quartz scheduler 'schedulerFactoryBean' initialized from an externally provided properties instance.
2020-04-25 15:28:51 -Quartz scheduler version: 2.3.0
2020-04-25 15:28:51 -JobFactory set to: org.springframework.scheduling.quartz.AdaptableJobFactory@4bbf38b8
2020-04-25 15:28:52 -STAET TaskExecutorConfig
2020-04-25 15:28:52 -Initializing ExecutorService
2020-04-25 15:28:52 -Initializing ExecutorService 'getAsyncExecutor'
2020-04-25 15:28:52 -spring.jpa.open-in-view is enabled by default. Therefore, database queries may be performed during view rendering. Explicitly configure spring.jpa.open-in-view to disable this warning
2020-04-25 15:28:52 -Cannot find template location: classpath:/templates/ (please add some templates or check your Thymeleaf configuration)
2020-04-25 15:28:53 -Initializing ExecutorService 'taskScheduler'
2020-04-25 15:28:53 -Starting Quartz Scheduler now
2020-04-25 15:28:53 -Scheduler schedulerFactoryBean_$_NON_CLUSTERED started.
2020-04-25 15:28:53 -Starting ProtocolHandler ["http-nio-8080"]
2020-04-25 15:28:53 -Using a shared selector for servlet write/read
2020-04-25 15:28:53 -Tomcat started on port(s): 8080 (http) with context path ''
2020-04-25 15:28:53 -Started LongEcologicalApplication in 6.919 seconds (JVM running for 9.569)
2020-04-25 15:29:09 -Initializing Spring DispatcherServlet 'dispatcherServlet'
2020-04-25 15:29:09 -Initializing Servlet 'dispatcherServlet'
2020-04-25 15:29:09 -Completed initialization in 12 ms
2020-04-25 15:29:10 -此处进行解密+验签+身份验证
2020-04-25 15:29:10 -此处进行解密+验签+身份验证
2020-04-25 15:29:10 -Map com.example.longecological.service.user.impl.UserInfoCacheServiceImpl.getUserFreezeCacheById(String) enable cache service,cacheKey:zfpay_user_freeze_70
2020-04-25 15:29:10 -Map com.example.longecological.service.user.impl.UserInfoCacheServiceImpl.getUserFreezeCacheById(String) enable cache service,cacheKey:zfpay_user_freeze_70
2020-04-25 15:29:10 -Starting without optional epoll library
2020-04-25 15:29:10 -Starting without optional kqueue library
2020-04-25 15:29:10 -Map com.example.longecological.service.user.impl.UserInfoCacheServiceImpl.getUserFreezeCacheById(String) enable cache service,has cacheKey:zfpay_user_freeze_70 , return
2020-04-25 15:29:10 -Map com.example.longecological.service.user.impl.UserInfoCacheServiceImpl.getUserFreezeCacheById(String) enable cache service,has cacheKey:zfpay_user_freeze_70 , return
2020-04-25 15:29:10 -请求地址 : http://192.168.191.1:8080/api/user/info/getUserAuthStatus
2020-04-25 15:29:10 -请求地址 : http://192.168.191.1:8080/api/sys/reportforms/getHomePageInfo
2020-04-25 15:29:10 -==>  Preparing: select auth_status,id_card, card_photo, real_name, auth_remark from t_user_info where id = ? 
2020-04-25 15:29:10 -==>  Preparing: SELECT cast(IFNULL(truncate((t1.performance/t.trade_num),2),0) as char) as pos_avg, cast(t.trade_num as char) as pos_num, cast(IFNULL(t1.performance,0.00) as char) as performance, cast(IFNULL(t1.merchant_trade_num+t1.agency_trade_num,0) as char) as act_num FROM (select * from t_summary_user_traditional_pos_benefit_all t where t.pos_type is null ) t LEFT JOIN (select * from t_summary_user_traditional_pos_benefit_month t where t.pos_type is null) t1 ON t.user_id = t1.user_id AND t1.cre_month = ? WHERE t.user_id = ? 
2020-04-25 15:29:10 -==> Parameters: 202004(String), 70(String)
2020-04-25 15:29:10 -==> Parameters: 70(String)
2020-04-25 15:29:10 -<==      Total: 1
2020-04-25 15:29:10 -<==      Total: 1
2020-04-25 15:29:10 -==>  Preparing: select IFNULL(cast(merchant_trade_num+agency_trade_num as char),'0') as act_num_day from t_summary_user_traditional_pos_benefit_everyday where user_id=? and pos_type is null and cre_date=CURRENT_DATE 
2020-04-25 15:29:10 -==>  Preparing: select IFNULL(cast(sum(amount) as char),'0') as amount from ( select sum(performance) as amount from t_summary_traditional_pos_trans_everyday where user_id=? and cre_date=CURRENT_DATE union select sum(performance) as amount from t_summary_mpos_trans_everyday where user_id=? and cre_date=CURRENT_DATE ) t 
2020-04-25 15:29:10 -==> Parameters: 70(String)
2020-04-25 15:29:10 -==> Parameters: 70(String), 70(String)
2020-04-25 15:29:10 -<==      Total: 0
2020-04-25 15:29:10 -==>  Preparing: SELECT cast(IFNULL(truncate((t1.performance/t.trade_num),2),0) as char) as pos_avg, cast(t.trade_num as char) as pos_num, cast(IFNULL(t1.performance,0.00) as char) as performance, cast(IFNULL(t1.merchant_trade_num+t1.agency_trade_num,0) as char) as act_num FROM t_summary_user_mpos_benefit_all t LEFT JOIN t_summary_user_mpos_benefit_month t1 ON t.user_id = t1.user_id AND t1.cre_month = ? WHERE t.user_id = ? 
2020-04-25 15:29:10 -==> Parameters: 202004(String), 70(String)
2020-04-25 15:29:10 -<==      Total: 1
2020-04-25 15:29:10 -==>  Preparing: select IFNULL(cast(merchant_trade_num+agency_trade_num as char),'0') as act_num_day from t_summary_user_mpos_benefit_everyday where user_id=? and cre_date=CURRENT_DATE 
2020-04-25 15:29:10 -==> Parameters: 70(String)
2020-04-25 15:29:10 -<==      Total: 0
2020-04-25 15:29:10 -==>  Preparing: SELECT cast(IFNULL(truncate((t1.performance/t.trade_num),2),0) as char) as pos_avg, cast(t.trade_num as char) as pos_num, cast(IFNULL(t1.performance,0.00) as char) as performance, cast(IFNULL(t1.merchant_trade_num+t1.agency_trade_num,0) as char) as act_num FROM (select * from t_summary_user_traditional_pos_benefit_all t where t.pos_type='epos' ) t LEFT JOIN (select * from t_summary_user_traditional_pos_benefit_month t where t.pos_type='epos') t1 ON t.user_id = t1.user_id AND t1.cre_month = ? WHERE t.user_id = ? 
2020-04-25 15:29:10 -==> Parameters: 202004(String), 70(String)
2020-04-25 15:29:10 -<==      Total: 1
2020-04-25 15:29:10 -==>  Preparing: select IFNULL(cast(merchant_trade_num+agency_trade_num as char),'0') as act_num_day from t_summary_user_traditional_pos_benefit_everyday where user_id=? and pos_type='epos' and cre_date=CURRENT_DATE 
2020-04-25 15:29:10 -==> Parameters: 70(String)
2020-04-25 15:29:10 -<==      Total: 0
2020-04-25 15:29:10 -耗时 : 85
2020-04-25 15:29:11 -此处进行解密+验签+身份验证
2020-04-25 15:29:11 -Map com.example.longecological.service.user.impl.UserInfoCacheServiceImpl.getUserFreezeCacheById(String) enable cache service,cacheKey:zfpay_user_freeze_70
2020-04-25 15:29:11 -Map com.example.longecological.service.user.impl.UserInfoCacheServiceImpl.getUserFreezeCacheById(String) enable cache service,has cacheKey:zfpay_user_freeze_70 , return
2020-04-25 15:29:11 -请求地址 : http://192.168.191.1:8080/api/sys/notice/getUnReadNews
2020-04-25 15:29:11 -Map com.example.longecological.service.user.impl.UserInfoCacheServiceImpl.getUserInfoCacheById(String) enable cache service,cacheKey:zfpay_user_info_id_70
2020-04-25 15:29:11 -Map com.example.longecological.service.user.impl.UserInfoCacheServiceImpl.getUserInfoCacheById(String) enable cache service,has cacheKey:zfpay_user_info_id_70 , return
2020-04-25 15:29:11 -==>  Preparing: select sum(cnt) from (select count(*) as cnt from t_user_apply_cardrate_trapos_record_info where user_id = ? and status in('08','09') union select count(*) as cnt from t_user_apply_cardrate_mpos_record_info where user_id = ? and status in('08','09')) t 
2020-04-25 15:29:11 -==> Parameters: 70(String), 70(String)
2020-04-25 15:29:12 -<==      Total: 1
2020-04-25 15:29:12 -==>  Preparing: select * from t_news_read_state where news_type=? and user_id=? 
2020-04-25 15:29:12 -==> Parameters: applyRateFlag(String), 70(String)
2020-04-25 15:29:12 -<==      Total: 2
2020-04-25 15:29:12 -==>  Preparing: update t_news_read_state set pre_unread_num=?,unread_num=? where user_id=? and news_type=? 
2020-04-25 15:29:12 -==> Parameters: 0(Integer), 0(Integer), 70(String), applyRateFlag(String)
2020-04-25 15:29:12 -<==    Updates: 2
2020-04-25 15:29:12 -==>  Preparing: select sum(cnt) from (SELECT count(*) as cnt FROM t_user_trapos_recall_record_info WHERE acce_user_id = ? AND status = '00' union SELECT count(*) as cnt FROM t_user_mpos_recall_record_info WHERE acce_user_id = ? AND status = '00') t 
2020-04-25 15:29:12 -==> Parameters: 70(String), 70(String)
2020-04-25 15:29:12 -<==      Total: 1
2020-04-25 15:29:12 -==>  Preparing: select * from t_news_read_state where news_type=? and user_id=? 
2020-04-25 15:29:12 -==> Parameters: recallFlag(String), 70(String)
2020-04-25 15:29:12 -<==      Total: 1
2020-04-25 15:29:12 -==>  Preparing: update t_news_read_state set pre_unread_num=?,unread_num=? where user_id=? and news_type=? 
2020-04-25 15:29:12 -==> Parameters: 0(Integer), 0(Integer), 70(String), recallFlag(String)
2020-04-25 15:29:12 -<==    Updates: 1
2020-04-25 15:29:12 -==>  Preparing: select count(*) as cnt from t_sys_money_locker_college_info 
2020-04-25 15:29:12 -==> Parameters: 
2020-04-25 15:29:12 -<==      Total: 1
2020-04-25 15:29:12 -==>  Preparing: select * from t_news_read_state where news_type=? and user_id=? 
2020-04-25 15:29:12 -==> Parameters: collegeFlag(String), 70(String)
2020-04-25 15:29:12 -<==      Total: 1
2020-04-25 15:29:12 -==>  Preparing: update t_news_read_state set pre_unread_num=?,unread_num=? where user_id=? and news_type=? 
2020-04-25 15:29:12 -==> Parameters: 25(Integer), 25(Integer), 70(String), collegeFlag(String)
2020-04-25 15:29:12 -<==    Updates: 1
2020-04-25 15:29:12 -==>  Preparing: select sum(cnt) from (select count(*) as cnt from t_user_apply_cardrate_trapos_record_info where user_id = ? and status in('08','09') union select count(*) as cnt from t_user_apply_cardrate_mpos_record_info where user_id = ? and status in('08','09')) t 
2020-04-25 15:29:12 -==> Parameters: 70(String), 70(String)
2020-04-25 15:29:12 -<==      Total: 1
2020-04-25 15:29:12 -==>  Preparing: select IFNULL(cast(sum(amount) as char),'0') as amount from ( select sum(performance) as amount from t_summary_traditional_pos_trans_all where user_id=? union select sum(performance) as amount from t_summary_mpos_trans_all where user_id=? ) t 
2020-04-25 15:29:12 -==> Parameters: 70(String), 70(String)
2020-04-25 15:29:12 -<==      Total: 1
2020-04-25 15:29:12 -==>  Preparing: select * from t_news_read_state where news_type=? and user_id=? 
2020-04-25 15:29:12 -==> Parameters: cardFlag(String), 70(String)
2020-04-25 15:29:12 -<==      Total: 1
2020-04-25 15:29:12 -==>  Preparing: update t_news_read_state set pre_unread_num=?,unread_num=? where user_id=? and news_type=? 
2020-04-25 15:29:12 -==> Parameters: 0(Integer), 0(Integer), 70(String), cardFlag(String)
2020-04-25 15:29:12 -<==    Updates: 1
2020-04-25 15:29:12 -==>  Preparing: select * from t_news_read_state where news_type=? and user_id=? 
2020-04-25 15:29:12 -==> Parameters: appImgFlag(String), 70(String)
2020-04-25 15:29:12 -<==      Total: 1
2020-04-25 15:29:12 -耗时 : 354
2020-04-25 15:29:12 -<==      Total: 1
2020-04-25 15:29:12 -耗时 : 1635
2020-04-25 15:32:19 -此处进行解密+验签+身份验证
2020-04-25 15:32:19 -Map com.example.longecological.service.user.impl.UserInfoCacheServiceImpl.getUserFreezeCacheById(String) enable cache service,cacheKey:zfpay_user_freeze_70
2020-04-25 15:32:19 -Map com.example.longecological.service.user.impl.UserInfoCacheServiceImpl.getUserFreezeCacheById(String) enable cache service,has cacheKey:zfpay_user_freeze_70 , return
2020-04-25 15:32:19 -请求地址 : http://192.168.191.1:8080/api/sys/notice/getUnReadNews
2020-04-25 15:32:19 -Map com.example.longecological.service.user.impl.UserInfoCacheServiceImpl.getUserInfoCacheById(String) enable cache service,cacheKey:zfpay_user_info_id_70
2020-04-25 15:32:19 -Map com.example.longecological.service.user.impl.UserInfoCacheServiceImpl.getUserInfoCacheById(String) enable cache service,has cacheKey:zfpay_user_info_id_70 , return
2020-04-25 15:32:19 -==>  Preparing: select sum(cnt) from (select count(*) as cnt from t_user_apply_cardrate_trapos_record_info where user_id = ? and status in('08','09') union select count(*) as cnt from t_user_apply_cardrate_mpos_record_info where user_id = ? and status in('08','09')) t 
2020-04-25 15:32:19 -==> Parameters: 70(String), 70(String)
2020-04-25 15:32:19 -<==      Total: 1
2020-04-25 15:32:19 -==>  Preparing: select * from t_news_read_state where news_type=? and user_id=? 
2020-04-25 15:32:19 -==> Parameters: applyRateFlag(String), 70(String)
2020-04-25 15:32:19 -<==      Total: 2
2020-04-25 15:32:19 -==>  Preparing: update t_news_read_state set pre_unread_num=?,unread_num=? where user_id=? and news_type=? 
2020-04-25 15:32:19 -==> Parameters: 0(Integer), 0(Integer), 70(String), applyRateFlag(String)
2020-04-25 15:32:19 -<==    Updates: 2
2020-04-25 15:32:19 -==>  Preparing: select sum(cnt) from (SELECT count(*) as cnt FROM t_user_trapos_recall_record_info WHERE acce_user_id = ? AND status = '00' union SELECT count(*) as cnt FROM t_user_mpos_recall_record_info WHERE acce_user_id = ? AND status = '00') t 
2020-04-25 15:32:19 -==> Parameters: 70(String), 70(String)
2020-04-25 15:32:19 -<==      Total: 1
2020-04-25 15:32:19 -==>  Preparing: select * from t_news_read_state where news_type=? and user_id=? 
2020-04-25 15:32:19 -==> Parameters: recallFlag(String), 70(String)
2020-04-25 15:32:19 -<==      Total: 1
2020-04-25 15:32:19 -==>  Preparing: update t_news_read_state set pre_unread_num=?,unread_num=? where user_id=? and news_type=? 
2020-04-25 15:32:19 -==> Parameters: 0(Integer), 0(Integer), 70(String), recallFlag(String)
2020-04-25 15:32:19 -<==    Updates: 1
2020-04-25 15:32:19 -==>  Preparing: select count(*) as cnt from t_sys_money_locker_college_info 
2020-04-25 15:32:19 -==> Parameters: 
2020-04-25 15:32:19 -<==      Total: 1
2020-04-25 15:32:19 -==>  Preparing: select * from t_news_read_state where news_type=? and user_id=? 
2020-04-25 15:32:19 -==> Parameters: collegeFlag(String), 70(String)
2020-04-25 15:32:19 -<==      Total: 1
2020-04-25 15:32:19 -==>  Preparing: update t_news_read_state set pre_unread_num=?,unread_num=? where user_id=? and news_type=? 
2020-04-25 15:32:19 -==> Parameters: 25(Integer), 25(Integer), 70(String), collegeFlag(String)
2020-04-25 15:32:19 -<==    Updates: 1
2020-04-25 15:32:19 -==>  Preparing: select sum(cnt) from (select count(*) as cnt from t_user_apply_cardrate_trapos_record_info where user_id = ? and status in('08','09') union select count(*) as cnt from t_user_apply_cardrate_mpos_record_info where user_id = ? and status in('08','09')) t 
2020-04-25 15:32:19 -==> Parameters: 70(String), 70(String)
2020-04-25 15:32:19 -<==      Total: 1
2020-04-25 15:32:19 -==>  Preparing: select * from t_news_read_state where news_type=? and user_id=? 
2020-04-25 15:32:19 -==> Parameters: cardFlag(String), 70(String)
2020-04-25 15:32:19 -<==      Total: 1
2020-04-25 15:32:19 -==>  Preparing: update t_news_read_state set pre_unread_num=?,unread_num=? where user_id=? and news_type=? 
2020-04-25 15:32:19 -==> Parameters: 0(Integer), 0(Integer), 70(String), cardFlag(String)
2020-04-25 15:32:19 -<==    Updates: 1
2020-04-25 15:32:19 -==>  Preparing: select * from t_news_read_state where news_type=? and user_id=? 
2020-04-25 15:32:19 -==> Parameters: appImgFlag(String), 70(String)
2020-04-25 15:32:19 -<==      Total: 1
2020-04-25 15:32:19 -耗时 : 113
2020-04-25 15:32:20 -此处进行解密+验签+身份验证
2020-04-25 15:32:20 -此处进行解密+验签+身份验证
2020-04-25 15:32:20 -Map com.example.longecological.service.user.impl.UserInfoCacheServiceImpl.getUserFreezeCacheById(String) enable cache service,cacheKey:zfpay_user_freeze_70
2020-04-25 15:32:20 -Map com.example.longecological.service.user.impl.UserInfoCacheServiceImpl.getUserFreezeCacheById(String) enable cache service,has cacheKey:zfpay_user_freeze_70 , return
2020-04-25 15:32:20 -请求地址 : http://192.168.191.1:8080/api/sys/notice/getUnReadNews
2020-04-25 15:32:20 -Map com.example.longecological.service.user.impl.UserInfoCacheServiceImpl.getUserInfoCacheById(String) enable cache service,cacheKey:zfpay_user_info_id_70
2020-04-25 15:32:20 -此处进行解密+验签+身份验证
2020-04-25 15:32:20 -Map com.example.longecological.service.user.impl.UserInfoCacheServiceImpl.getUserInfoCacheById(String) enable cache service,has cacheKey:zfpay_user_info_id_70 , return
2020-04-25 15:32:20 -Map com.example.longecological.service.user.impl.UserInfoCacheServiceImpl.getUserFreezeCacheById(String) enable cache service,cacheKey:zfpay_user_freeze_70
2020-04-25 15:32:20 -Map com.example.longecological.service.user.impl.UserInfoCacheServiceImpl.getUserFreezeCacheById(String) enable cache service,has cacheKey:zfpay_user_freeze_70 , return
2020-04-25 15:32:20 -==>  Preparing: select sum(cnt) from (select count(*) as cnt from t_user_apply_cardrate_trapos_record_info where user_id = ? and status in('08','09') union select count(*) as cnt from t_user_apply_cardrate_mpos_record_info where user_id = ? and status in('08','09')) t 
2020-04-25 15:32:20 -==> Parameters: 70(String), 70(String)
2020-04-25 15:32:20 -<==      Total: 1
2020-04-25 15:32:20 -==>  Preparing: select * from t_news_read_state where news_type=? and user_id=? 
2020-04-25 15:32:20 -==> Parameters: applyRateFlag(String), 70(String)
2020-04-25 15:32:20 -请求地址 : http://192.168.191.1:8080/api/sys/notice/getNewNotice
2020-04-25 15:32:20 -==>  Preparing: SELECT cast(t.id as char) as notice_id, t.notice_title, cast((select count(*) from t_user_read_notice_info where user_id = ? and notice_id = t.id) as char) as is_read, DATE_FORMAT( STR_TO_DATE( CONCAT(t.cre_date, t.cre_time), '%Y%m%d%H%i%s' ), '%Y-%m-%d %H:%i:%s' ) AS cre_date FROM t_sys_notice_info t where t.status=0 order by t.id desc limit 0,2 
2020-04-25 15:32:20 -==> Parameters: 70(String)
2020-04-25 15:32:20 -<==      Total: 2
2020-04-25 15:32:20 -==>  Preparing: update t_news_read_state set pre_unread_num=?,unread_num=? where user_id=? and news_type=? 
2020-04-25 15:32:20 -==> Parameters: 0(Integer), 0(Integer), 70(String), applyRateFlag(String)
2020-04-25 15:32:20 -<==      Total: 2
2020-04-25 15:32:20 -耗时 : 8
2020-04-25 15:32:20 -<==    Updates: 2
2020-04-25 15:32:20 -==>  Preparing: select sum(cnt) from (SELECT count(*) as cnt FROM t_user_trapos_recall_record_info WHERE acce_user_id = ? AND status = '00' union SELECT count(*) as cnt FROM t_user_mpos_recall_record_info WHERE acce_user_id = ? AND status = '00') t 
2020-04-25 15:32:20 -==> Parameters: 70(String), 70(String)
2020-04-25 15:32:20 -<==      Total: 1
2020-04-25 15:32:20 -==>  Preparing: select * from t_news_read_state where news_type=? and user_id=? 
2020-04-25 15:32:20 -==> Parameters: recallFlag(String), 70(String)
2020-04-25 15:32:20 -<==      Total: 1
2020-04-25 15:32:20 -==>  Preparing: update t_news_read_state set pre_unread_num=?,unread_num=? where user_id=? and news_type=? 
2020-04-25 15:32:20 -==> Parameters: 0(Integer), 0(Integer), 70(String), recallFlag(String)
2020-04-25 15:32:20 -<==    Updates: 1
2020-04-25 15:32:20 -==>  Preparing: select count(*) as cnt from t_sys_money_locker_college_info 
2020-04-25 15:32:20 -==> Parameters: 
2020-04-25 15:32:20 -<==      Total: 1
2020-04-25 15:32:20 -==>  Preparing: select * from t_news_read_state where news_type=? and user_id=? 
2020-04-25 15:32:20 -==> Parameters: collegeFlag(String), 70(String)
2020-04-25 15:32:20 -<==      Total: 1
2020-04-25 15:32:20 -==>  Preparing: update t_news_read_state set pre_unread_num=?,unread_num=? where user_id=? and news_type=? 
2020-04-25 15:32:20 -==> Parameters: 25(Integer), 25(Integer), 70(String), collegeFlag(String)
2020-04-25 15:32:20 -<==    Updates: 1
2020-04-25 15:32:20 -==>  Preparing: select sum(cnt) from (select count(*) as cnt from t_user_apply_cardrate_trapos_record_info where user_id = ? and status in('08','09') union select count(*) as cnt from t_user_apply_cardrate_mpos_record_info where user_id = ? and status in('08','09')) t 
2020-04-25 15:32:20 -==> Parameters: 70(String), 70(String)
2020-04-25 15:32:20 -<==      Total: 1
2020-04-25 15:32:20 -==>  Preparing: select * from t_news_read_state where news_type=? and user_id=? 
2020-04-25 15:32:20 -==> Parameters: cardFlag(String), 70(String)
2020-04-25 15:32:20 -<==      Total: 1
2020-04-25 15:32:20 -==>  Preparing: update t_news_read_state set pre_unread_num=?,unread_num=? where user_id=? and news_type=? 
2020-04-25 15:32:20 -==> Parameters: 0(Integer), 0(Integer), 70(String), cardFlag(String)
2020-04-25 15:32:20 -<==    Updates: 1
2020-04-25 15:32:20 -==>  Preparing: select * from t_news_read_state where news_type=? and user_id=? 
2020-04-25 15:32:20 -==> Parameters: appImgFlag(String), 70(String)
2020-04-25 15:32:20 -<==      Total: 1
2020-04-25 15:32:20 -耗时 : 75
2020-04-25 15:32:20 -此处进行解密+验签+身份验证
2020-04-25 15:32:20 -Map com.example.longecological.service.user.impl.UserInfoCacheServiceImpl.getUserFreezeCacheById(String) enable cache service,cacheKey:zfpay_user_freeze_70
2020-04-25 15:32:20 -Map com.example.longecological.service.user.impl.UserInfoCacheServiceImpl.getUserFreezeCacheById(String) enable cache service,has cacheKey:zfpay_user_freeze_70 , return
2020-04-25 15:32:20 -请求地址 : http://192.168.191.1:8080/api/sys/news/getNewNews
2020-04-25 15:32:20 -==>  Preparing: SELECT cast(id as char) as news_id, news_title, news_cover, cast(browse_num as char) as browse_num, DATE_FORMAT( STR_TO_DATE( CONCAT(cre_date, cre_time), '%Y%m%d%H%i%s' ), '%Y-%m-%d %H:%i:%s' ) AS cre_date FROM t_sys_news_info where status=0 order by id desc limit 0,3 
2020-04-25 15:32:20 -==> Parameters: 
2020-04-25 15:32:20 -<==      Total: 3
2020-04-25 15:32:20 -耗时 : 21
2020-04-25 15:32:20 -解密：
2020-04-25 15:32:20 -请求地址 : http://192.168.191.1:8080/api/sys/appImg/getAppImgList
2020-04-25 15:32:20 -==>  Preparing: SELECT id, img_type, (case when ?='04' then concat('http://cdn.szbypos.com/',img_url) else img_url end) as img_url FROM t_sys_app_img where img_type=? ORDER BY order_num desc 
2020-04-25 15:32:20 -==> Parameters: 01(String), 01(String)
2020-04-25 15:32:20 -<==      Total: 4
2020-04-25 15:32:20 -耗时 : 6
2020-04-25 15:32:26 -此处进行解密+验签+身份验证
2020-04-25 15:32:26 -Map com.example.longecological.service.user.impl.UserInfoCacheServiceImpl.getUserFreezeCacheById(String) enable cache service,cacheKey:zfpay_user_freeze_70
2020-04-25 15:32:26 -Map com.example.longecological.service.user.impl.UserInfoCacheServiceImpl.getUserFreezeCacheById(String) enable cache service,has cacheKey:zfpay_user_freeze_70 , return
2020-04-25 15:32:26 -请求地址 : http://192.168.191.1:8080/api/sys/notice/updateNewsReadFlag
2020-04-25 15:32:26 -==>  Preparing: update t_news_read_state set unread_num=0,read_flag=? where user_id=? and news_type=? 
2020-04-25 15:32:26 -==> Parameters: 1(String), 70(String), collegeFlag(String)
2020-04-25 15:32:26 -<==    Updates: 1
2020-04-25 15:32:26 -耗时 : 13
2020-04-25 15:32:26 -此处进行解密+验签+身份验证
2020-04-25 15:32:26 -Map com.example.longecological.service.user.impl.UserInfoCacheServiceImpl.getUserFreezeCacheById(String) enable cache service,cacheKey:zfpay_user_freeze_70
2020-04-25 15:32:26 -Map com.example.longecological.service.user.impl.UserInfoCacheServiceImpl.getUserFreezeCacheById(String) enable cache service,has cacheKey:zfpay_user_freeze_70 , return
2020-04-25 15:32:26 -请求地址 : http://192.168.191.1:8080/api/sys/moneylockercollege/getMoneyLockerCollegeList
2020-04-25 15:32:26 -List com.example.longecological.service.moneylocker.impl.MoneyLockerCollegeCacheServiceImpl.getMoneyLockerCollegeList(Map) enable cache service,cacheKey:zfpay_sys_money_locker_college_list_0
2020-04-25 15:32:26 -List com.example.longecological.service.moneylocker.impl.MoneyLockerCollegeCacheServiceImpl.getMoneyLockerCollegeList(Map) enable cache service,has cacheKey:zfpay_sys_money_locker_college_list_0 , return
2020-04-25 15:32:26 -耗时 : 14
2020-04-25 15:32:28 -此处进行解密+验签+身份验证
2020-04-25 15:32:28 -Map com.example.longecological.service.user.impl.UserInfoCacheServiceImpl.getUserFreezeCacheById(String) enable cache service,cacheKey:zfpay_user_freeze_70
2020-04-25 15:32:28 -Map com.example.longecological.service.user.impl.UserInfoCacheServiceImpl.getUserFreezeCacheById(String) enable cache service,has cacheKey:zfpay_user_freeze_70 , return
2020-04-25 15:32:28 -请求地址 : http://192.168.191.1:8080/api/sys/moneylockercollege/getMoneyLockerCollegeDetail
2020-04-25 15:32:28 -Map com.example.longecological.service.moneylocker.impl.MoneyLockerCollegeCacheServiceImpl.getMoneyLockerCollegeDetail(Map) enable cache service,cacheKey:zfpay_sys_money_locker_college_41
2020-04-25 15:32:28 -Map com.example.longecological.service.moneylocker.impl.MoneyLockerCollegeCacheServiceImpl.getMoneyLockerCollegeDetail(Map) enable cache service,has cacheKey:zfpay_sys_money_locker_college_41 , return
2020-04-25 15:32:28 -耗时 : 3
2020-04-25 15:32:49 -此处进行解密+验签+身份验证
2020-04-25 15:32:49 -Map com.example.longecological.service.user.impl.UserInfoCacheServiceImpl.getUserFreezeCacheById(String) enable cache service,cacheKey:zfpay_user_freeze_70
2020-04-25 15:32:49 -Map com.example.longecological.service.user.impl.UserInfoCacheServiceImpl.getUserFreezeCacheById(String) enable cache service,has cacheKey:zfpay_user_freeze_70 , return
2020-04-25 15:32:49 -请求地址 : http://192.168.191.1:8080/api/sys/moneylockercollege/getMoneyLockerCollegeDetail
2020-04-25 15:32:49 -Map com.example.longecological.service.moneylocker.impl.MoneyLockerCollegeCacheServiceImpl.getMoneyLockerCollegeDetail(Map) enable cache service,cacheKey:zfpay_sys_money_locker_college_43
2020-04-25 15:32:49 -Map com.example.longecological.service.moneylocker.impl.MoneyLockerCollegeCacheServiceImpl.getMoneyLockerCollegeDetail(Map) enable cache service,has cacheKey:zfpay_sys_money_locker_college_43 , return
2020-04-25 15:32:49 -耗时 : 2
2020-04-25 15:33:02 -此处进行解密+验签+身份验证
2020-04-25 15:33:02 -Map com.example.longecological.service.user.impl.UserInfoCacheServiceImpl.getUserFreezeCacheById(String) enable cache service,cacheKey:zfpay_user_freeze_70
2020-04-25 15:33:02 -Map com.example.longecological.service.user.impl.UserInfoCacheServiceImpl.getUserFreezeCacheById(String) enable cache service,has cacheKey:zfpay_user_freeze_70 , return
2020-04-25 15:33:02 -请求地址 : http://192.168.191.1:8080/api/sys/moneylockercollege/getMoneyLockerCollegeDetail
2020-04-25 15:33:02 -Map com.example.longecological.service.moneylocker.impl.MoneyLockerCollegeCacheServiceImpl.getMoneyLockerCollegeDetail(Map) enable cache service,cacheKey:zfpay_sys_money_locker_college_38
2020-04-25 15:33:02 -==>  Preparing: SELECT cast(id as char) as money_locker_id, money_locker_title, money_locker_cover, money_locker_nav, money_locker_content, DATE_FORMAT(STR_TO_DATE(CONCAT(cre_date, cre_time),'%Y%m%d%H%i%s'),'%Y-%m-%d %H:%i:%s') AS cre_datetime FROM t_sys_money_locker_college_info WHERE id = ? 
2020-04-25 15:33:02 -==> Parameters: 38(String)
2020-04-25 15:33:02 -<==      Total: 1
2020-04-25 15:33:02 -after Map com.example.longecological.service.moneylocker.impl.MoneyLockerCollegeCacheServiceImpl.getMoneyLockerCollegeDetail(Map) proceed,save result to cache,redisKey:zfpay_sys_money_locker_college_38,save content:{money_locker_title=传统大POS装机流程, cre_datetime=2020-02-28 17:10:31, money_locker_id=38, money_locker_cover=8a6b5127-3820-4311-92a5-8868f73a5347.png, money_locker_nav=763ed284-1cb5-4c6e-9bf8-3ac3ed91c0eb.png, money_locker_content=7e1fcc85-4c8a-4a7c-9a5b-1b969a006640.jpg}
2020-04-25 15:33:02 -耗时 : 15
