2019-07-30 16:04:41 -Starting LongEcologicalApplication on PC-201902191239 with PID 8844 (E:\GitProject\RET\ret\target\classes started by Administrator in E:\GitProject\RET\ret)
2019-07-30 16:04:41 -Running with Spring Boot v2.1.1.RELEASE, Spring v5.1.3.RELEASE
2019-07-30 16:04:41 -No active profile set, falling back to default profiles: default
2019-07-30 16:04:42 -Skipping MapperFactoryBean with name 'sysParamMapper' and 'com.example.longecological.mapper.common.SysParamMapper' mapperInterface. Bean already defined with the same name!
2019-07-30 16:04:42 -Skipping MapperFactoryBean with name 'verifyRecordMapper' and 'com.example.longecological.mapper.common.VerifyRecordMapper' mapperInterface. Bean already defined with the same name!
2019-07-30 16:04:42 -Skipping MapperFactoryBean with name 'depositInfoMapper' and 'com.example.longecological.mapper.deposit.DepositInfoMapper' mapperInterface. Bean already defined with the same name!
2019-07-30 16:04:42 -Skipping MapperFactoryBean with name 'scheduleJobMapper' and 'com.example.longecological.mapper.quartz.ScheduleJobMapper' mapperInterface. Bean already defined with the same name!
2019-07-30 16:04:42 -Skipping MapperFactoryBean with name 'userSendSpnMapper' and 'com.example.longecological.mapper.sendspn.UserSendSpnMapper' mapperInterface. Bean already defined with the same name!
2019-07-30 16:04:42 -Skipping MapperFactoryBean with name 'sysAppImgMapper' and 'com.example.longecological.mapper.system.SysAppImgMapper' mapperInterface. Bean already defined with the same name!
2019-07-30 16:04:42 -Skipping MapperFactoryBean with name 'sysExchangeUrlMapper' and 'com.example.longecological.mapper.system.SysExchangeUrlMapper' mapperInterface. Bean already defined with the same name!
2019-07-30 16:04:42 -Skipping MapperFactoryBean with name 'sysNewsMapper' and 'com.example.longecological.mapper.system.SysNewsMapper' mapperInterface. Bean already defined with the same name!
2019-07-30 16:04:42 -Skipping MapperFactoryBean with name 'sysNoticeMapper' and 'com.example.longecological.mapper.system.SysNoticeMapper' mapperInterface. Bean already defined with the same name!
2019-07-30 16:04:42 -Skipping MapperFactoryBean with name 'sysVersionMapper' and 'com.example.longecological.mapper.system.SysVersionMapper' mapperInterface. Bean already defined with the same name!
2019-07-30 16:04:42 -Skipping MapperFactoryBean with name 'test' and 'com.example.longecological.mapper.test.Test' mapperInterface. Bean already defined with the same name!
2019-07-30 16:04:42 -Skipping MapperFactoryBean with name 'benefitRecordMapper' and 'com.example.longecological.mapper.trade.BenefitRecordMapper' mapperInterface. Bean already defined with the same name!
2019-07-30 16:04:42 -Skipping MapperFactoryBean with name 'userExchangeLogMapper' and 'com.example.longecological.mapper.trade.UserExchangeLogMapper' mapperInterface. Bean already defined with the same name!
2019-07-30 16:04:42 -Skipping MapperFactoryBean with name 'userRollLogMapper' and 'com.example.longecological.mapper.trade.UserRollLogMapper' mapperInterface. Bean already defined with the same name!
2019-07-30 16:04:42 -Skipping MapperFactoryBean with name 'userSpnRechargeIeoMapper' and 'com.example.longecological.mapper.trade.UserSpnRechargeIeoMapper' mapperInterface. Bean already defined with the same name!
2019-07-30 16:04:42 -Skipping MapperFactoryBean with name 'benefitRecordDetailMapper' and 'com.example.longecological.mapper.user.BenefitRecordDetailMapper' mapperInterface. Bean already defined with the same name!
2019-07-30 16:04:42 -Skipping MapperFactoryBean with name 'userFeedBackMapper' and 'com.example.longecological.mapper.user.UserFeedBackMapper' mapperInterface. Bean already defined with the same name!
2019-07-30 16:04:42 -Skipping MapperFactoryBean with name 'userInfoMapper' and 'com.example.longecological.mapper.user.UserInfoMapper' mapperInterface. Bean already defined with the same name!
2019-07-30 16:04:42 -Multiple Spring Data modules found, entering strict repository configuration mode!
2019-07-30 16:04:42 -Bootstrapping Spring Data repositories in DEFAULT mode.
2019-07-30 16:04:43 -Finished Spring Data repository scanning in 63ms. Found 0 repository interfaces.
2019-07-30 16:04:43 -Multiple Spring Data modules found, entering strict repository configuration mode!
2019-07-30 16:04:43 -Bootstrapping Spring Data repositories in DEFAULT mode.
2019-07-30 16:04:43 -Finished Spring Data repository scanning in 40ms. Found 0 repository interfaces.
2019-07-30 16:04:43 -Bean 'taskExecutorConfig' of type [com.example.longecological.config.thread.TaskExecutorConfig$$EnhancerBySpringCGLIB$$318621f0] is not eligible for getting processed by all BeanPostProcessors (for example: not eligible for auto-proxying)
2019-07-30 16:04:43 -Bean 'org.springframework.transaction.annotation.ProxyTransactionManagementConfiguration' of type [org.springframework.transaction.annotation.ProxyTransactionManagementConfiguration$$EnhancerBySpringCGLIB$$2c0a0690] is not eligible for getting processed by all BeanPostProcessors (for example: not eligible for auto-proxying)
2019-07-30 16:04:44 -An incompatible version [1.2.10] of the APR based Apache Tomcat Native library is installed, while Tomcat requires version [1.2.14]
2019-07-30 16:04:44 -Tomcat initialized with port(s): 8080 (http)
2019-07-30 16:04:44 -An incompatible version [1.2.10] of the APR based Apache Tomcat Native library is installed, while Tomcat requires version [1.2.14]
2019-07-30 16:04:44 -Initializing ProtocolHandler ["http-nio-8080"]
2019-07-30 16:04:44 -Starting service [Tomcat]
2019-07-30 16:04:44 -Starting Servlet Engine: Apache Tomcat/9.0.13
2019-07-30 16:04:44 -An incompatible version [1.2.10] of the APR based Apache Tomcat Native library is installed, while Tomcat requires version [1.2.14]
2019-07-30 16:04:44 -Initializing Spring embedded WebApplicationContext
2019-07-30 16:04:44 -Root WebApplicationContext: initialization completed in 2589 ms
2019-07-30 16:04:44 -Filter xssFilter was not registered (disabled)
2019-07-30 16:04:45 -HikariPool-1 - Starting...
2019-07-30 16:04:45 -HikariPool-1 - Start completed.
2019-07-30 16:04:46 -HHH000204: Processing PersistenceUnitInfo [
	name: default
	...]
2019-07-30 16:04:46 -HHH000412: Hibernate Core {5.3.7.Final}
2019-07-30 16:04:46 -HHH000206: hibernate.properties not found
2019-07-30 16:04:46 -HCANN000001: Hibernate Commons Annotations {5.0.4.Final}
2019-07-30 16:04:46 -HHH000400: Using dialect: org.hibernate.dialect.MySQL5Dialect
2019-07-30 16:04:46 -Initialized JPA EntityManagerFactory for persistence unit 'default'
2019-07-30 16:04:47 -Using default implementation for ThreadExecutor
2019-07-30 16:04:47 -Initialized Scheduler Signaller of type: class org.quartz.core.SchedulerSignalerImpl
2019-07-30 16:04:47 -Quartz Scheduler v.2.3.0 created.
2019-07-30 16:04:47 -RAMJobStore initialized.
2019-07-30 16:04:47 -Scheduler meta-data: Quartz Scheduler (v2.3.0) 'schedulerFactoryBean' with instanceId 'NON_CLUSTERED'
  Scheduler class: 'org.quartz.core.QuartzScheduler' - running locally.
  NOT STARTED.
  Currently in standby mode.
  Number of jobs executed: 0
  Using thread pool 'org.quartz.simpl.SimpleThreadPool' - with 10 threads.
  Using job-store 'org.quartz.simpl.RAMJobStore' - which does not support persistence. and is not clustered.

2019-07-30 16:04:47 -Quartz scheduler 'schedulerFactoryBean' initialized from an externally provided properties instance.
2019-07-30 16:04:47 -Quartz scheduler version: 2.3.0
2019-07-30 16:04:47 -JobFactory set to: org.springframework.scheduling.quartz.AdaptableJobFactory@2a120c88
2019-07-30 16:04:48 -==>  Preparing: select * from t_user_deposit_info where deal_status = '00' 
2019-07-30 16:04:48 -==> Parameters: 
2019-07-30 16:04:48 -<==      Total: 0
2019-07-30 16:04:48 -==>  Preparing: select * from t_sys_schedule_job where carryStatus=0 and jobStatus=1 
2019-07-30 16:04:48 -==> Parameters: 
2019-07-30 16:04:48 -<==      Total: 0
2019-07-30 16:04:48 -STAET TaskExecutorConfig
2019-07-30 16:04:48 -Initializing ExecutorService
2019-07-30 16:04:48 -Initializing ExecutorService 'getAsyncExecutor'
2019-07-30 16:04:48 -spring.jpa.open-in-view is enabled by default. Therefore, database queries may be performed during view rendering. Explicitly configure spring.jpa.open-in-view to disable this warning
2019-07-30 16:04:48 -Cannot find template location: classpath:/templates/ (please add some templates or check your Thymeleaf configuration)
2019-07-30 16:04:49 -Initializing ExecutorService 'taskScheduler'
2019-07-30 16:04:49 -Starting Quartz Scheduler now
2019-07-30 16:04:49 -Scheduler schedulerFactoryBean_$_NON_CLUSTERED started.
2019-07-30 16:04:49 -Starting ProtocolHandler ["http-nio-8080"]
2019-07-30 16:04:49 -Using a shared selector for servlet write/read
2019-07-30 16:04:49 -Tomcat started on port(s): 8080 (http) with context path ''
2019-07-30 16:04:49 -Started LongEcologicalApplication in 7.887 seconds (JVM running for 8.308)
