2019-07-22 17:30:57 -Starting LongEcologicalApplication on PC-201902191239 with PID 8820 (E:\GitProject\RET\ret\target\classes started by Administrator in E:\GitProject\RET\ret)
2019-07-22 17:30:57 -Running with Spring Boot v2.1.1.RELEASE, Spring v5.1.3.RELEASE
2019-07-22 17:30:57 -No active profile set, falling back to default profiles: default
2019-07-22 17:30:57 -Skipping MapperFactoryBean with name 'sysParamMapper' and 'com.example.longecological.mapper.common.SysParamMapper' mapperInterface. Bean already defined with the same name!
2019-07-22 17:30:57 -Skipping MapperFactoryBean with name 'verifyRecordMapper' and 'com.example.longecological.mapper.common.VerifyRecordMapper' mapperInterface. Bean already defined with the same name!
2019-07-22 17:30:57 -Skipping MapperFactoryBean with name 'depositInfoMapper' and 'com.example.longecological.mapper.deposit.DepositInfoMapper' mapperInterface. Bean already defined with the same name!
2019-07-22 17:30:57 -Skipping MapperFactoryBean with name 'scheduleJobMapper' and 'com.example.longecological.mapper.quartz.ScheduleJobMapper' mapperInterface. Bean already defined with the same name!
2019-07-22 17:30:57 -Skipping MapperFactoryBean with name 'userSendSpnMapper' and 'com.example.longecological.mapper.sendspn.UserSendSpnMapper' mapperInterface. Bean already defined with the same name!
2019-07-22 17:30:57 -Skipping MapperFactoryBean with name 'sysAppImgMapper' and 'com.example.longecological.mapper.system.SysAppImgMapper' mapperInterface. Bean already defined with the same name!
2019-07-22 17:30:57 -Skipping MapperFactoryBean with name 'sysExchangeUrlMapper' and 'com.example.longecological.mapper.system.SysExchangeUrlMapper' mapperInterface. Bean already defined with the same name!
2019-07-22 17:30:57 -Skipping MapperFactoryBean with name 'sysNewsMapper' and 'com.example.longecological.mapper.system.SysNewsMapper' mapperInterface. Bean already defined with the same name!
2019-07-22 17:30:57 -Skipping MapperFactoryBean with name 'sysNoticeMapper' and 'com.example.longecological.mapper.system.SysNoticeMapper' mapperInterface. Bean already defined with the same name!
2019-07-22 17:30:57 -Skipping MapperFactoryBean with name 'sysVersionMapper' and 'com.example.longecological.mapper.system.SysVersionMapper' mapperInterface. Bean already defined with the same name!
2019-07-22 17:30:57 -Skipping MapperFactoryBean with name 'test' and 'com.example.longecological.mapper.test.Test' mapperInterface. Bean already defined with the same name!
2019-07-22 17:30:57 -Skipping MapperFactoryBean with name 'benefitRecordMapper' and 'com.example.longecological.mapper.trade.BenefitRecordMapper' mapperInterface. Bean already defined with the same name!
2019-07-22 17:30:57 -Skipping MapperFactoryBean with name 'userExchangeLogMapper' and 'com.example.longecological.mapper.trade.UserExchangeLogMapper' mapperInterface. Bean already defined with the same name!
2019-07-22 17:30:57 -Skipping MapperFactoryBean with name 'userRollLogMapper' and 'com.example.longecological.mapper.trade.UserRollLogMapper' mapperInterface. Bean already defined with the same name!
2019-07-22 17:30:57 -Skipping MapperFactoryBean with name 'userSpnRechargeIeoMapper' and 'com.example.longecological.mapper.trade.UserSpnRechargeIeoMapper' mapperInterface. Bean already defined with the same name!
2019-07-22 17:30:57 -Skipping MapperFactoryBean with name 'benefitRecordDetailMapper' and 'com.example.longecological.mapper.user.BenefitRecordDetailMapper' mapperInterface. Bean already defined with the same name!
2019-07-22 17:30:57 -Skipping MapperFactoryBean with name 'userFeedBackMapper' and 'com.example.longecological.mapper.user.UserFeedBackMapper' mapperInterface. Bean already defined with the same name!
2019-07-22 17:30:57 -Skipping MapperFactoryBean with name 'userInfoMapper' and 'com.example.longecological.mapper.user.UserInfoMapper' mapperInterface. Bean already defined with the same name!
2019-07-22 17:30:58 -Multiple Spring Data modules found, entering strict repository configuration mode!
2019-07-22 17:30:58 -Bootstrapping Spring Data repositories in DEFAULT mode.
2019-07-22 17:30:58 -Finished Spring Data repository scanning in 59ms. Found 0 repository interfaces.
2019-07-22 17:30:58 -Multiple Spring Data modules found, entering strict repository configuration mode!
2019-07-22 17:30:58 -Bootstrapping Spring Data repositories in DEFAULT mode.
2019-07-22 17:30:58 -Finished Spring Data repository scanning in 37ms. Found 0 repository interfaces.
2019-07-22 17:30:58 -Bean 'taskExecutorConfig' of type [com.example.longecological.config.thread.TaskExecutorConfig$$EnhancerBySpringCGLIB$$aa96e613] is not eligible for getting processed by all BeanPostProcessors (for example: not eligible for auto-proxying)
2019-07-22 17:30:58 -Bean 'org.springframework.transaction.annotation.ProxyTransactionManagementConfiguration' of type [org.springframework.transaction.annotation.ProxyTransactionManagementConfiguration$$EnhancerBySpringCGLIB$$a51acab3] is not eligible for getting processed by all BeanPostProcessors (for example: not eligible for auto-proxying)
2019-07-22 17:30:59 -An incompatible version [1.2.10] of the APR based Apache Tomcat Native library is installed, while Tomcat requires version [1.2.14]
2019-07-22 17:30:59 -Tomcat initialized with port(s): 8080 (http)
2019-07-22 17:30:59 -An incompatible version [1.2.10] of the APR based Apache Tomcat Native library is installed, while Tomcat requires version [1.2.14]
2019-07-22 17:30:59 -Initializing ProtocolHandler ["http-nio-8080"]
2019-07-22 17:30:59 -Starting service [Tomcat]
2019-07-22 17:30:59 -Starting Servlet Engine: Apache Tomcat/9.0.13
2019-07-22 17:30:59 -An incompatible version [1.2.10] of the APR based Apache Tomcat Native library is installed, while Tomcat requires version [1.2.14]
2019-07-22 17:30:59 -Initializing Spring embedded WebApplicationContext
2019-07-22 17:30:59 -Root WebApplicationContext: initialization completed in 2450 ms
2019-07-22 17:30:59 -Filter xssFilter was not registered (disabled)
2019-07-22 17:31:00 -HikariPool-1 - Starting...
2019-07-22 17:31:01 -HikariPool-1 - Start completed.
2019-07-22 17:31:01 -HHH000204: Processing PersistenceUnitInfo [
	name: default
	...]
2019-07-22 17:31:01 -HHH000412: Hibernate Core {5.3.7.Final}
2019-07-22 17:31:01 -HHH000206: hibernate.properties not found
2019-07-22 17:31:01 -HCANN000001: Hibernate Commons Annotations {5.0.4.Final}
2019-07-22 17:31:01 -HHH000400: Using dialect: org.hibernate.dialect.MySQL5Dialect
2019-07-22 17:31:02 -Initialized JPA EntityManagerFactory for persistence unit 'default'
2019-07-22 17:31:02 -Using default implementation for ThreadExecutor
2019-07-22 17:31:02 -Initialized Scheduler Signaller of type: class org.quartz.core.SchedulerSignalerImpl
2019-07-22 17:31:02 -Quartz Scheduler v.2.3.0 created.
2019-07-22 17:31:02 -RAMJobStore initialized.
2019-07-22 17:31:02 -Scheduler meta-data: Quartz Scheduler (v2.3.0) 'schedulerFactoryBean' with instanceId 'NON_CLUSTERED'
  Scheduler class: 'org.quartz.core.QuartzScheduler' - running locally.
  NOT STARTED.
  Currently in standby mode.
  Number of jobs executed: 0
  Using thread pool 'org.quartz.simpl.SimpleThreadPool' - with 10 threads.
  Using job-store 'org.quartz.simpl.RAMJobStore' - which does not support persistence. and is not clustered.

2019-07-22 17:31:02 -Quartz scheduler 'schedulerFactoryBean' initialized from an externally provided properties instance.
2019-07-22 17:31:02 -Quartz scheduler version: 2.3.0
2019-07-22 17:31:02 -JobFactory set to: org.springframework.scheduling.quartz.AdaptableJobFactory@249b54af
2019-07-22 17:31:03 -Exception encountered during context initialization - cancelling refresh attempt: org.springframework.beans.factory.UnsatisfiedDependencyException: Error creating bean with name 'tradeIeoController': Unsatisfied dependency expressed through field 'tradeIeoService'; nested exception is org.springframework.beans.factory.NoSuchBeanDefinitionException: No qualifying bean of type 'com.example.longecological.service.trade.TradeIeoService' available: expected at least 1 bean which qualifies as autowire candidate. Dependency annotations: {@org.springframework.beans.factory.annotation.Autowired(required=true)}
2019-07-22 17:31:03 -Shutting down Quartz Scheduler
2019-07-22 17:31:03 -Scheduler schedulerFactoryBean_$_NON_CLUSTERED shutting down.
2019-07-22 17:31:03 -Scheduler schedulerFactoryBean_$_NON_CLUSTERED paused.
2019-07-22 17:31:03 -Scheduler schedulerFactoryBean_$_NON_CLUSTERED shutdown complete.
2019-07-22 17:31:03 -Closing JPA EntityManagerFactory for persistence unit 'default'
2019-07-22 17:31:03 -HikariPool-1 - Shutdown initiated...
2019-07-22 17:31:03 -HikariPool-1 - Shutdown completed.
2019-07-22 17:31:03 -Stopping service [Tomcat]
2019-07-22 17:31:03 -

Error starting ApplicationContext. To display the conditions report re-run your application with 'debug' enabled.
2019-07-22 17:31:03 -

***************************
APPLICATION FAILED TO START
***************************

Description:

Field tradeIeoService in com.example.longecological.controller.trade.TradeIeoController required a bean of type 'com.example.longecological.service.trade.TradeIeoService' that could not be found.

The injection point has the following annotations:
	- @org.springframework.beans.factory.annotation.Autowired(required=true)


Action:

Consider defining a bean of type 'com.example.longecological.service.trade.TradeIeoService' in your configuration.

2019-07-22 17:31:45 -Starting LongEcologicalApplication on PC-201902191239 with PID 9108 (E:\GitProject\RET\ret\target\classes started by Administrator in E:\GitProject\RET\ret)
2019-07-22 17:31:45 -Running with Spring Boot v2.1.1.RELEASE, Spring v5.1.3.RELEASE
2019-07-22 17:31:45 -No active profile set, falling back to default profiles: default
2019-07-22 17:31:46 -Skipping MapperFactoryBean with name 'sysParamMapper' and 'com.example.longecological.mapper.common.SysParamMapper' mapperInterface. Bean already defined with the same name!
2019-07-22 17:31:46 -Skipping MapperFactoryBean with name 'verifyRecordMapper' and 'com.example.longecological.mapper.common.VerifyRecordMapper' mapperInterface. Bean already defined with the same name!
2019-07-22 17:31:46 -Skipping MapperFactoryBean with name 'depositInfoMapper' and 'com.example.longecological.mapper.deposit.DepositInfoMapper' mapperInterface. Bean already defined with the same name!
2019-07-22 17:31:46 -Skipping MapperFactoryBean with name 'scheduleJobMapper' and 'com.example.longecological.mapper.quartz.ScheduleJobMapper' mapperInterface. Bean already defined with the same name!
2019-07-22 17:31:46 -Skipping MapperFactoryBean with name 'userSendSpnMapper' and 'com.example.longecological.mapper.sendspn.UserSendSpnMapper' mapperInterface. Bean already defined with the same name!
2019-07-22 17:31:46 -Skipping MapperFactoryBean with name 'sysAppImgMapper' and 'com.example.longecological.mapper.system.SysAppImgMapper' mapperInterface. Bean already defined with the same name!
2019-07-22 17:31:46 -Skipping MapperFactoryBean with name 'sysExchangeUrlMapper' and 'com.example.longecological.mapper.system.SysExchangeUrlMapper' mapperInterface. Bean already defined with the same name!
2019-07-22 17:31:46 -Skipping MapperFactoryBean with name 'sysNewsMapper' and 'com.example.longecological.mapper.system.SysNewsMapper' mapperInterface. Bean already defined with the same name!
2019-07-22 17:31:46 -Skipping MapperFactoryBean with name 'sysNoticeMapper' and 'com.example.longecological.mapper.system.SysNoticeMapper' mapperInterface. Bean already defined with the same name!
2019-07-22 17:31:46 -Skipping MapperFactoryBean with name 'sysVersionMapper' and 'com.example.longecological.mapper.system.SysVersionMapper' mapperInterface. Bean already defined with the same name!
2019-07-22 17:31:46 -Skipping MapperFactoryBean with name 'test' and 'com.example.longecological.mapper.test.Test' mapperInterface. Bean already defined with the same name!
2019-07-22 17:31:46 -Skipping MapperFactoryBean with name 'benefitRecordMapper' and 'com.example.longecological.mapper.trade.BenefitRecordMapper' mapperInterface. Bean already defined with the same name!
2019-07-22 17:31:46 -Skipping MapperFactoryBean with name 'userExchangeLogMapper' and 'com.example.longecological.mapper.trade.UserExchangeLogMapper' mapperInterface. Bean already defined with the same name!
2019-07-22 17:31:46 -Skipping MapperFactoryBean with name 'userRollLogMapper' and 'com.example.longecological.mapper.trade.UserRollLogMapper' mapperInterface. Bean already defined with the same name!
2019-07-22 17:31:46 -Skipping MapperFactoryBean with name 'userSpnRechargeIeoMapper' and 'com.example.longecological.mapper.trade.UserSpnRechargeIeoMapper' mapperInterface. Bean already defined with the same name!
2019-07-22 17:31:46 -Skipping MapperFactoryBean with name 'benefitRecordDetailMapper' and 'com.example.longecological.mapper.user.BenefitRecordDetailMapper' mapperInterface. Bean already defined with the same name!
2019-07-22 17:31:46 -Skipping MapperFactoryBean with name 'userFeedBackMapper' and 'com.example.longecological.mapper.user.UserFeedBackMapper' mapperInterface. Bean already defined with the same name!
2019-07-22 17:31:46 -Skipping MapperFactoryBean with name 'userInfoMapper' and 'com.example.longecological.mapper.user.UserInfoMapper' mapperInterface. Bean already defined with the same name!
2019-07-22 17:31:46 -Multiple Spring Data modules found, entering strict repository configuration mode!
2019-07-22 17:31:46 -Bootstrapping Spring Data repositories in DEFAULT mode.
2019-07-22 17:31:46 -Finished Spring Data repository scanning in 62ms. Found 0 repository interfaces.
2019-07-22 17:31:46 -Multiple Spring Data modules found, entering strict repository configuration mode!
2019-07-22 17:31:46 -Bootstrapping Spring Data repositories in DEFAULT mode.
2019-07-22 17:31:47 -Finished Spring Data repository scanning in 38ms. Found 0 repository interfaces.
2019-07-22 17:31:47 -Bean 'taskExecutorConfig' of type [com.example.longecological.config.thread.TaskExecutorConfig$$EnhancerBySpringCGLIB$$afe99f35] is not eligible for getting processed by all BeanPostProcessors (for example: not eligible for auto-proxying)
2019-07-22 17:31:47 -Bean 'org.springframework.transaction.annotation.ProxyTransactionManagementConfiguration' of type [org.springframework.transaction.annotation.ProxyTransactionManagementConfiguration$$EnhancerBySpringCGLIB$$aa6d83d5] is not eligible for getting processed by all BeanPostProcessors (for example: not eligible for auto-proxying)
2019-07-22 17:31:48 -An incompatible version [1.2.10] of the APR based Apache Tomcat Native library is installed, while Tomcat requires version [1.2.14]
2019-07-22 17:31:48 -Tomcat initialized with port(s): 8080 (http)
2019-07-22 17:31:48 -An incompatible version [1.2.10] of the APR based Apache Tomcat Native library is installed, while Tomcat requires version [1.2.14]
2019-07-22 17:31:48 -Initializing ProtocolHandler ["http-nio-8080"]
2019-07-22 17:31:48 -Starting service [Tomcat]
2019-07-22 17:31:48 -Starting Servlet Engine: Apache Tomcat/9.0.13
2019-07-22 17:31:48 -An incompatible version [1.2.10] of the APR based Apache Tomcat Native library is installed, while Tomcat requires version [1.2.14]
2019-07-22 17:31:48 -Initializing Spring embedded WebApplicationContext
2019-07-22 17:31:48 -Root WebApplicationContext: initialization completed in 2336 ms
2019-07-22 17:31:48 -Filter xssFilter was not registered (disabled)
2019-07-22 17:31:48 -HikariPool-1 - Starting...
2019-07-22 17:31:49 -HikariPool-1 - Start completed.
2019-07-22 17:31:49 -HHH000204: Processing PersistenceUnitInfo [
	name: default
	...]
2019-07-22 17:31:50 -HHH000412: Hibernate Core {5.3.7.Final}
2019-07-22 17:31:50 -HHH000206: hibernate.properties not found
2019-07-22 17:31:50 -HCANN000001: Hibernate Commons Annotations {5.0.4.Final}
2019-07-22 17:31:50 -HHH000400: Using dialect: org.hibernate.dialect.MySQL5Dialect
2019-07-22 17:31:50 -Initialized JPA EntityManagerFactory for persistence unit 'default'
2019-07-22 17:31:51 -Using default implementation for ThreadExecutor
2019-07-22 17:31:51 -Initialized Scheduler Signaller of type: class org.quartz.core.SchedulerSignalerImpl
2019-07-22 17:31:51 -Quartz Scheduler v.2.3.0 created.
2019-07-22 17:31:51 -RAMJobStore initialized.
2019-07-22 17:31:51 -Scheduler meta-data: Quartz Scheduler (v2.3.0) 'schedulerFactoryBean' with instanceId 'NON_CLUSTERED'
  Scheduler class: 'org.quartz.core.QuartzScheduler' - running locally.
  NOT STARTED.
  Currently in standby mode.
  Number of jobs executed: 0
  Using thread pool 'org.quartz.simpl.SimpleThreadPool' - with 10 threads.
  Using job-store 'org.quartz.simpl.RAMJobStore' - which does not support persistence. and is not clustered.

2019-07-22 17:31:51 -Quartz scheduler 'schedulerFactoryBean' initialized from an externally provided properties instance.
2019-07-22 17:31:51 -Quartz scheduler version: 2.3.0
2019-07-22 17:31:51 -JobFactory set to: org.springframework.scheduling.quartz.AdaptableJobFactory@2a120c88
2019-07-22 17:31:51 -==>  Preparing: select * from t_user_deposit_info where deal_status = '00' 
2019-07-22 17:31:51 -==> Parameters: 
2019-07-22 17:31:51 -<==      Total: 0
2019-07-22 17:31:51 -==>  Preparing: select * from t_sys_schedule_job where carryStatus=0 and jobStatus=1 
2019-07-22 17:31:51 -==> Parameters: 
2019-07-22 17:31:51 -<==      Total: 0
2019-07-22 17:31:51 -STAET TaskExecutorConfig
2019-07-22 17:31:51 -Initializing ExecutorService
2019-07-22 17:31:51 -Initializing ExecutorService 'getAsyncExecutor'
2019-07-22 17:31:52 -spring.jpa.open-in-view is enabled by default. Therefore, database queries may be performed during view rendering. Explicitly configure spring.jpa.open-in-view to disable this warning
2019-07-22 17:31:52 -Cannot find template location: classpath:/templates/ (please add some templates or check your Thymeleaf configuration)
2019-07-22 17:31:53 -Initializing ExecutorService 'taskScheduler'
2019-07-22 17:31:53 -Starting Quartz Scheduler now
2019-07-22 17:31:53 -Scheduler schedulerFactoryBean_$_NON_CLUSTERED started.
2019-07-22 17:31:53 -Starting ProtocolHandler ["http-nio-8080"]
2019-07-22 17:31:53 -Using a shared selector for servlet write/read
2019-07-22 17:31:53 -Tomcat started on port(s): 8080 (http) with context path ''
2019-07-22 17:31:53 -Started LongEcologicalApplication in 7.689 seconds (JVM running for 8.131)
