2020-04-15 15:05:50 -Starting LongEcologicalApplication on PC-201905161910 with PID 12308 (D:\javaSVN\zf2_qh\zfPayOver\target\classes started by Administrator in D:\javaSVN\zf2_qh\zfPayOver)
2020-04-15 15:05:50 -Running with Spring Boot v2.1.1.RELEASE, Spring v5.1.3.RELEASE
2020-04-15 15:05:50 -No active profile set, falling back to default profiles: default
2020-04-15 15:05:51 -Skipping MapperFactoryBean with name 'onlineActivityMapper' and 'com.example.longecological.mapper.activity.OnlineActivityMapper' mapperInterface. Bean already defined with the same name!
2020-04-15 15:05:51 -Skipping MapperFactoryBean with name 'benefitCentreMapper' and 'com.example.longecological.mapper.benefitcentre.BenefitCentreMapper' mapperInterface. Bean already defined with the same name!
2020-04-15 15:05:51 -Skipping MapperFactoryBean with name 'sysParamMapper' and 'com.example.longecological.mapper.common.SysParamMapper' mapperInterface. Bean already defined with the same name!
2020-04-15 15:05:51 -Skipping MapperFactoryBean with name 'sysParamRateMapper' and 'com.example.longecological.mapper.common.SysParamRateMapper' mapperInterface. Bean already defined with the same name!
2020-04-15 15:05:51 -Skipping MapperFactoryBean with name 'verifyRecordMapper' and 'com.example.longecological.mapper.common.VerifyRecordMapper' mapperInterface. Bean already defined with the same name!
2020-04-15 15:05:51 -Skipping MapperFactoryBean with name 'machinesManageMapper' and 'com.example.longecological.mapper.machines.MachinesManageMapper' mapperInterface. Bean already defined with the same name!
2020-04-15 15:05:51 -Skipping MapperFactoryBean with name 'merchantManageMapper' and 'com.example.longecological.mapper.merchant.MerchantManageMapper' mapperInterface. Bean already defined with the same name!
2020-04-15 15:05:51 -Skipping MapperFactoryBean with name 'messageMapper' and 'com.example.longecological.mapper.message.MessageMapper' mapperInterface. Bean already defined with the same name!
2020-04-15 15:05:51 -Skipping MapperFactoryBean with name 'moneyLockerCollegeMapper' and 'com.example.longecological.mapper.moneylocker.MoneyLockerCollegeMapper' mapperInterface. Bean already defined with the same name!
2020-04-15 15:05:51 -Skipping MapperFactoryBean with name 'mposMapper' and 'com.example.longecological.mapper.mpos.MposMapper' mapperInterface. Bean already defined with the same name!
2020-04-15 15:05:51 -Skipping MapperFactoryBean with name 'scheduleJobMapper' and 'com.example.longecological.mapper.quartz.ScheduleJobMapper' mapperInterface. Bean already defined with the same name!
2020-04-15 15:05:51 -Skipping MapperFactoryBean with name 'creditCardRatesApplyMapper' and 'com.example.longecological.mapper.ratesmanage.CreditCardRatesApplyMapper' mapperInterface. Bean already defined with the same name!
2020-04-15 15:05:51 -Skipping MapperFactoryBean with name 'reportFormsMapper' and 'com.example.longecological.mapper.reportforms.ReportFormsMapper' mapperInterface. Bean already defined with the same name!
2020-04-15 15:05:51 -Skipping MapperFactoryBean with name 'sysAppImgMapper' and 'com.example.longecological.mapper.system.SysAppImgMapper' mapperInterface. Bean already defined with the same name!
2020-04-15 15:05:51 -Skipping MapperFactoryBean with name 'sysBankInfoMapper' and 'com.example.longecological.mapper.system.SysBankInfoMapper' mapperInterface. Bean already defined with the same name!
2020-04-15 15:05:51 -Skipping MapperFactoryBean with name 'sysExchangeUrlMapper' and 'com.example.longecological.mapper.system.SysExchangeUrlMapper' mapperInterface. Bean already defined with the same name!
2020-04-15 15:05:51 -Skipping MapperFactoryBean with name 'sysNewsMapper' and 'com.example.longecological.mapper.system.SysNewsMapper' mapperInterface. Bean already defined with the same name!
2020-04-15 15:05:51 -Skipping MapperFactoryBean with name 'sysNoticeMapper' and 'com.example.longecological.mapper.system.SysNoticeMapper' mapperInterface. Bean already defined with the same name!
2020-04-15 15:05:51 -Skipping MapperFactoryBean with name 'sysVersionMapper' and 'com.example.longecological.mapper.system.SysVersionMapper' mapperInterface. Bean already defined with the same name!
2020-04-15 15:05:51 -Skipping MapperFactoryBean with name 'test' and 'com.example.longecological.mapper.test.Test' mapperInterface. Bean already defined with the same name!
2020-04-15 15:05:51 -Skipping MapperFactoryBean with name 'traditionalPosMapper' and 'com.example.longecological.mapper.traditionalpos.TraditionalPosMapper' mapperInterface. Bean already defined with the same name!
2020-04-15 15:05:51 -Skipping MapperFactoryBean with name 'userCardInfoMapper' and 'com.example.longecological.mapper.user.UserCardInfoMapper' mapperInterface. Bean already defined with the same name!
2020-04-15 15:05:51 -Skipping MapperFactoryBean with name 'userCashRecordMapper' and 'com.example.longecological.mapper.user.UserCashRecordMapper' mapperInterface. Bean already defined with the same name!
2020-04-15 15:05:51 -Skipping MapperFactoryBean with name 'userFeedBackMapper' and 'com.example.longecological.mapper.user.UserFeedBackMapper' mapperInterface. Bean already defined with the same name!
2020-04-15 15:05:51 -Skipping MapperFactoryBean with name 'userInfoMapper' and 'com.example.longecological.mapper.user.UserInfoMapper' mapperInterface. Bean already defined with the same name!
2020-04-15 15:05:51 -Skipping MapperFactoryBean with name 'zhongFuBackMapper' and 'com.example.longecological.mapper.zfback.ZhongFuBackMapper' mapperInterface. Bean already defined with the same name!
2020-04-15 15:05:51 -Multiple Spring Data modules found, entering strict repository configuration mode!
2020-04-15 15:05:51 -Bootstrapping Spring Data repositories in DEFAULT mode.
2020-04-15 15:05:51 -Finished Spring Data repository scanning in 114ms. Found 0 repository interfaces.
2020-04-15 15:05:51 -Multiple Spring Data modules found, entering strict repository configuration mode!
2020-04-15 15:05:51 -Bootstrapping Spring Data repositories in DEFAULT mode.
2020-04-15 15:05:51 -Finished Spring Data repository scanning in 49ms. Found 0 repository interfaces.
2020-04-15 15:05:51 -Bean 'taskExecutorConfig' of type [com.example.longecological.config.thread.TaskExecutorConfig$$EnhancerBySpringCGLIB$$57401de5] is not eligible for getting processed by all BeanPostProcessors (for example: not eligible for auto-proxying)
2020-04-15 15:05:51 -Bean 'org.springframework.transaction.annotation.ProxyTransactionManagementConfiguration' of type [org.springframework.transaction.annotation.ProxyTransactionManagementConfiguration$$EnhancerBySpringCGLIB$$51c40285] is not eligible for getting processed by all BeanPostProcessors (for example: not eligible for auto-proxying)
2020-04-15 15:05:52 -Tomcat initialized with port(s): 8080 (http)
2020-04-15 15:05:52 -Initializing ProtocolHandler ["http-nio-8080"]
2020-04-15 15:05:52 -Starting service [Tomcat]
2020-04-15 15:05:52 -Starting Servlet Engine: Apache Tomcat/9.0.13
2020-04-15 15:05:52 -The APR based Apache Tomcat Native library which allows optimal performance in production environments was not found on the java.library.path: [C:\Program Files\Java\jdk1.8.0_181\bin;C:\Windows\Sun\Java\bin;C:\Windows\system32;C:\Windows;C:\Program Files (x86)\NetSarang\Xshell 6\;C:\Python27\;C:\Python27\Scripts;C:\Program Files (x86)\NetSarang\Xftp 6\;C:\Program Files (x86)\Common Files\Oracle\Java\javapath;C:\Windows\system32;C:\Windows;C:\Windows\System32\Wbem;C:\Windows\System32\WindowsPowerShell\v1.0\;C:\Program Files (x86)\MySQL\MySQL Utilities 1.6\;C:\Program Files\TortoiseSVN\bin;C:\Program Files\Git\cmd;C:\ProgramData\chocolatey\bin;C:\Program Files\Geth;D:\360Downloads\web3j-3.6.0\bin;C:\Program Files\nodejs\;C:\Program Files\Microsoft SQL Server\120\DTS\Binn\;C:\Program Files\Microsoft SQL Server\Client SDK\ODBC\110\Tools\Binn\;C:\Program Files (x86)\Microsoft SQL Server\120\Tools\Binn\;C:\Program Files\Microsoft SQL Server\120\Tools\Binn\;C:\Program Files (x86)\Microsoft SQL Server\120\Tools\Binn\ManagementStudio\;C:\Program Files (x86)\Microsoft SQL Server\120\DTS\Binn\;C:\Program Files\Redis\;C:\Users\Administrator\AppData\Local\Microsoft\WindowsApps;C:\Program Files\Microsoft VS Code\bin;D:\360Downloads\web3j-3.6.0\bin;C:\Users\Administrator\AppData\Roaming\npm;C:\Program Files\Java\jdk1.8.0_181;;.]
2020-04-15 15:05:52 -Initializing Spring embedded WebApplicationContext
2020-04-15 15:05:52 -Root WebApplicationContext: initialization completed in 2781 ms
2020-04-15 15:05:52 -Filter xssFilter was not registered (disabled)
2020-04-15 15:05:53 -HikariPool-1 - Starting...
2020-04-15 15:05:54 -HikariPool-1 - Start completed.
2020-04-15 15:05:54 -HHH000204: Processing PersistenceUnitInfo [
	name: default
	...]
2020-04-15 15:05:54 -HHH000412: Hibernate Core {5.3.7.Final}
2020-04-15 15:05:54 -HHH000206: hibernate.properties not found
2020-04-15 15:05:54 -HCANN000001: Hibernate Commons Annotations {5.0.4.Final}
2020-04-15 15:05:54 -HHH000400: Using dialect: org.hibernate.dialect.MySQL5Dialect
2020-04-15 15:05:55 -Initialized JPA EntityManagerFactory for persistence unit 'default'
2020-04-15 15:05:55 -Using default implementation for ThreadExecutor
2020-04-15 15:05:56 -Initialized Scheduler Signaller of type: class org.quartz.core.SchedulerSignalerImpl
2020-04-15 15:05:56 -Quartz Scheduler v.2.3.0 created.
2020-04-15 15:05:56 -RAMJobStore initialized.
2020-04-15 15:05:56 -Scheduler meta-data: Quartz Scheduler (v2.3.0) 'schedulerFactoryBean' with instanceId 'NON_CLUSTERED'
  Scheduler class: 'org.quartz.core.QuartzScheduler' - running locally.
  NOT STARTED.
  Currently in standby mode.
  Number of jobs executed: 0
  Using thread pool 'org.quartz.simpl.SimpleThreadPool' - with 10 threads.
  Using job-store 'org.quartz.simpl.RAMJobStore' - which does not support persistence. and is not clustered.

2020-04-15 15:05:56 -Quartz scheduler 'schedulerFactoryBean' initialized from an externally provided properties instance.
2020-04-15 15:05:56 -Quartz scheduler version: 2.3.0
2020-04-15 15:05:56 -JobFactory set to: org.springframework.scheduling.quartz.AdaptableJobFactory@5d66ae3a
2020-04-15 15:05:56 -STAET TaskExecutorConfig
2020-04-15 15:05:56 -Initializing ExecutorService
2020-04-15 15:05:56 -Initializing ExecutorService 'getAsyncExecutor'
2020-04-15 15:05:57 -spring.jpa.open-in-view is enabled by default. Therefore, database queries may be performed during view rendering. Explicitly configure spring.jpa.open-in-view to disable this warning
2020-04-15 15:05:58 -Cannot find template location: classpath:/templates/ (please add some templates or check your Thymeleaf configuration)
2020-04-15 15:05:59 -Initializing ExecutorService 'taskScheduler'
2020-04-15 15:05:59 -Starting Quartz Scheduler now
2020-04-15 15:05:59 -Scheduler schedulerFactoryBean_$_NON_CLUSTERED started.
2020-04-15 15:05:59 -Starting ProtocolHandler ["http-nio-8080"]
2020-04-15 15:05:59 -Using a shared selector for servlet write/read
2020-04-15 15:05:59 -Tomcat started on port(s): 8080 (http) with context path ''
2020-04-15 15:05:59 -Started LongEcologicalApplication in 9.948 seconds (JVM running for 11.322)
2020-04-15 15:07:58 -Initializing Spring DispatcherServlet 'dispatcherServlet'
2020-04-15 15:07:58 -Initializing Servlet 'dispatcherServlet'
2020-04-15 15:07:58 -Completed initialization in 12 ms
2020-04-15 15:07:58 -此处进行解密+验签+身份验证
2020-04-15 15:07:58 -此处进行解密+验签+身份验证
2020-04-15 15:07:58 -请求地址 : http://192.168.191.1:8080/api/sys/version/getNewVersion
2020-04-15 15:07:58 -Map com.example.longecological.service.system.impl.SysVersionCacheServiceImpl.getNewVersion(Map) enable cache service,cacheKey:zfpay_sys_version_info_new_android
2020-04-15 15:07:58 -Starting without optional epoll library
2020-04-15 15:07:58 -Starting without optional kqueue library
2020-04-15 15:07:59 -解密：
2020-04-15 15:07:59 -请求地址 : http://192.168.191.1:8080/api/sys/appImg/getAppImgList
2020-04-15 15:07:59 -==>  Preparing: SELECT id, img_type, (case when ?='04' then concat('http://cdn.yhswl.com/',img_url) else img_url end) as img_url FROM t_sys_app_img where img_type=? ORDER BY order_num 
2020-04-15 15:07:59 -==> Parameters: 04(String), 04(String)
2020-04-15 15:07:59 -<==      Total: 1
2020-04-15 15:07:59 -耗时 : 428
2020-04-15 15:07:59 -Map com.example.longecological.service.system.impl.SysVersionCacheServiceImpl.getNewVersion(Map) enable cache service,has cacheKey:zfpay_sys_version_info_new_android , return
2020-04-15 15:07:59 -耗时 : 1090
2020-04-15 15:07:59 -此处进行解密+验签+身份验证
2020-04-15 15:07:59 -解密：{"version_no":"","login_password":"","login_type":"token","sign":"BA9F13BFF766417681E506546606D32C","device_no":"1.1.4","device_type":"android","sys_user_account":"","token":"426|RDT9PFSETBEVH3JRNQ9PU2323LLV89FP"}
2020-04-15 15:07:59 -请求地址 : http://192.168.191.1:8080/api/user/login/userLogin
2020-04-15 15:07:59 -token值=======426|RDT9PFSETBEVH3JRNQ9PU2323LLV89FP
2020-04-15 15:07:59 -==>  Preparing: SELECT * FROM t_user_info where id = ? 
2020-04-15 15:07:59 -==> Parameters: 426(String)
2020-04-15 15:07:59 -<==      Total: 1
2020-04-15 15:07:59 -==>  Preparing: SELECT user_id AS manager_id, auth_isaudit, card_isaudit, app_id FROM sys_user WHERE user_id = ? AND del_flag='0' AND status='0' 
2020-04-15 15:07:59 -==> Parameters: 25(String)
2020-04-15 15:07:59 -<==      Total: 1
2020-04-15 15:07:59 -String com.example.longecological.service.common.impl.SysParamServiceImpl.getParamByCode(String) enable cache service,cacheKey:zfpay_sys_param_openThreeTierDistribution
2020-04-15 15:07:59 -String com.example.longecological.service.common.impl.SysParamServiceImpl.getParamByCode(String) enable cache service,has cacheKey:zfpay_sys_param_openThreeTierDistribution , return
2020-04-15 15:07:59 -String com.example.longecological.service.common.impl.SysParamServiceImpl.getParamByCode(String) enable cache service,cacheKey:zfpay_sys_param_openThreeTierDistribution
2020-04-15 15:07:59 -String com.example.longecological.service.common.impl.SysParamServiceImpl.getParamByCode(String) enable cache service,has cacheKey:zfpay_sys_param_openThreeTierDistribution , return
2020-04-15 15:07:59 -String com.example.longecological.service.common.impl.SysParamServiceImpl.getParamByCode(String) enable cache service,cacheKey:zfpay_sys_param_openThreeTierDistribution
2020-04-15 15:07:59 -String com.example.longecological.service.common.impl.SysParamServiceImpl.getParamByCode(String) enable cache service,has cacheKey:zfpay_sys_param_openThreeTierDistribution , return
2020-04-15 15:07:59 -耗时 : 59
2020-04-15 15:08:03 -此处进行解密+验签+身份验证
2020-04-15 15:08:03 -Map com.example.longecological.service.user.impl.UserInfoCacheServiceImpl.getUserFreezeCacheById(String) enable cache service,cacheKey:zfpay_user_freeze_426
2020-04-15 15:08:03 -Map com.example.longecological.service.user.impl.UserInfoCacheServiceImpl.getUserFreezeCacheById(String) enable cache service,has cacheKey:zfpay_user_freeze_426 , return
2020-04-15 15:08:03 -请求地址 : http://192.168.191.1:8080/api/user/info/getUserNewInfo
2020-04-15 15:08:03 -==>  Preparing: SELECT money, settle_money, deduct_money, today_benefit, total_benefit, settle_single_feet_money, single_rate_feet_money FROM t_user_info WHERE id = ? 
2020-04-15 15:08:03 -==> Parameters: 426(String)
2020-04-15 15:08:03 -<==      Total: 1
2020-04-15 15:08:03 -耗时 : 6
2020-04-15 15:08:03 -此处进行解密+验签+身份验证
2020-04-15 15:08:03 -Map com.example.longecological.service.user.impl.UserInfoCacheServiceImpl.getUserFreezeCacheById(String) enable cache service,cacheKey:zfpay_user_freeze_426
2020-04-15 15:08:03 -此处进行解密+验签+身份验证
2020-04-15 15:08:03 -解密：
2020-04-15 15:08:03 -请求地址 : http://192.168.191.1:8080/api/sys/appImg/getAppImgList
2020-04-15 15:08:03 -Map com.example.longecological.service.user.impl.UserInfoCacheServiceImpl.getUserFreezeCacheById(String) enable cache service,has cacheKey:zfpay_user_freeze_426 , return
2020-04-15 15:08:03 -==>  Preparing: SELECT id, img_type, (case when ?='04' then concat('http://cdn.yhswl.com/',img_url) else img_url end) as img_url FROM t_sys_app_img where img_type=? ORDER BY order_num 
2020-04-15 15:08:03 -==> Parameters: 01(String), 01(String)
2020-04-15 15:08:03 -请求地址 : http://192.168.191.1:8080/api/sys/notice/getNewNotice
2020-04-15 15:08:03 -<==      Total: 4
2020-04-15 15:08:03 -耗时 : 4
2020-04-15 15:08:03 -==>  Preparing: SELECT cast(t.id as char) as notice_id, t.notice_title, cast((select count(*) from t_user_read_notice_info where user_id = ? and notice_id = t.id) as char) as is_read, DATE_FORMAT( STR_TO_DATE( CONCAT(t.cre_date, t.cre_time), '%Y%m%d%H%i%s' ), '%Y-%m-%d %H:%i:%s' ) AS cre_date FROM t_sys_notice_info t where t.status=0 order by t.id desc limit 0,2 
2020-04-15 15:08:03 -==> Parameters: 426(String)
2020-04-15 15:08:03 -此处进行解密+验签+身份验证
2020-04-15 15:08:03 -Map com.example.longecological.service.user.impl.UserInfoCacheServiceImpl.getUserFreezeCacheById(String) enable cache service,cacheKey:zfpay_user_freeze_426
2020-04-15 15:08:03 -Map com.example.longecological.service.user.impl.UserInfoCacheServiceImpl.getUserFreezeCacheById(String) enable cache service,has cacheKey:zfpay_user_freeze_426 , return
2020-04-15 15:08:03 -请求地址 : http://192.168.191.1:8080/api/sys/notice/getUnReadNews
2020-04-15 15:08:03 -Map com.example.longecological.service.user.impl.UserInfoCacheServiceImpl.getUserInfoCacheById(String) enable cache service,cacheKey:zfpay_user_info_id_426
2020-04-15 15:08:03 -Map com.example.longecological.service.user.impl.UserInfoCacheServiceImpl.getUserInfoCacheById(String) enable cache service,has cacheKey:zfpay_user_info_id_426 , return
2020-04-15 15:08:03 -==>  Preparing: select sum(cnt) from (select count(*) as cnt from t_user_apply_cardrate_trapos_record_info where user_id = ? and status in('08','09') union select count(*) as cnt from t_user_apply_cardrate_mpos_record_info where user_id = ? and status in('08','09')) t 
2020-04-15 15:08:03 -==> Parameters: 426(String), 426(String)
2020-04-15 15:08:03 -此处进行解密+验签+身份验证
2020-04-15 15:08:03 -Map com.example.longecological.service.user.impl.UserInfoCacheServiceImpl.getUserFreezeCacheById(String) enable cache service,cacheKey:zfpay_user_freeze_426
2020-04-15 15:08:03 -Map com.example.longecological.service.user.impl.UserInfoCacheServiceImpl.getUserFreezeCacheById(String) enable cache service,has cacheKey:zfpay_user_freeze_426 , return
2020-04-15 15:08:03 -请求地址 : http://192.168.191.1:8080/api/user/info/getUserNewInfo
2020-04-15 15:08:03 -==>  Preparing: SELECT money, settle_money, deduct_money, today_benefit, total_benefit, settle_single_feet_money, single_rate_feet_money FROM t_user_info WHERE id = ? 
2020-04-15 15:08:03 -==> Parameters: 426(String)
2020-04-15 15:08:03 -<==      Total: 1
2020-04-15 15:08:03 -耗时 : 10
2020-04-15 15:08:03 -<==      Total: 1
2020-04-15 15:08:03 -==>  Preparing: select * from t_news_read_state where news_type=? and user_id=? 
2020-04-15 15:08:03 -==> Parameters: applyRateFlag(String), 426(String)
2020-04-15 15:08:03 -<==      Total: 1
2020-04-15 15:08:03 -==>  Preparing: update t_news_read_state set pre_unread_num=?,unread_num=? where user_id=? and news_type=? 
2020-04-15 15:08:03 -==> Parameters: 0(Integer), 0(Integer), 426(String), applyRateFlag(String)
2020-04-15 15:08:03 -<==      Total: 2
2020-04-15 15:08:03 -耗时 : 111
2020-04-15 15:08:03 -此处进行解密+验签+身份验证
2020-04-15 15:08:03 -Map com.example.longecological.service.user.impl.UserInfoCacheServiceImpl.getUserFreezeCacheById(String) enable cache service,cacheKey:zfpay_user_freeze_426
2020-04-15 15:08:03 -Map com.example.longecological.service.user.impl.UserInfoCacheServiceImpl.getUserFreezeCacheById(String) enable cache service,has cacheKey:zfpay_user_freeze_426 , return
2020-04-15 15:08:03 -请求地址 : http://192.168.191.1:8080/api/sys/news/getNewNews
2020-04-15 15:08:03 -==>  Preparing: SELECT cast(id as char) as news_id, news_title, news_cover, cast(browse_num as char) as browse_num, DATE_FORMAT( STR_TO_DATE( CONCAT(cre_date, cre_time), '%Y%m%d%H%i%s' ), '%Y-%m-%d %H:%i:%s' ) AS cre_date FROM t_sys_news_info where status=0 order by id desc limit 0,3 
2020-04-15 15:08:03 -==> Parameters: 
2020-04-15 15:08:03 -<==      Total: 3
2020-04-15 15:08:03 -耗时 : 9
2020-04-15 15:08:03 -此处进行解密+验签+身份验证
2020-04-15 15:08:03 -Map com.example.longecological.service.user.impl.UserInfoCacheServiceImpl.getUserFreezeCacheById(String) enable cache service,cacheKey:zfpay_user_freeze_426
2020-04-15 15:08:03 -Map com.example.longecological.service.user.impl.UserInfoCacheServiceImpl.getUserFreezeCacheById(String) enable cache service,has cacheKey:zfpay_user_freeze_426 , return
2020-04-15 15:08:03 -请求地址 : http://192.168.191.1:8080/api/sys/notice/getUnReadNews
2020-04-15 15:08:03 -Map com.example.longecological.service.user.impl.UserInfoCacheServiceImpl.getUserInfoCacheById(String) enable cache service,cacheKey:zfpay_user_info_id_426
2020-04-15 15:08:03 -Map com.example.longecological.service.user.impl.UserInfoCacheServiceImpl.getUserInfoCacheById(String) enable cache service,has cacheKey:zfpay_user_info_id_426 , return
2020-04-15 15:08:03 -==>  Preparing: select sum(cnt) from (select count(*) as cnt from t_user_apply_cardrate_trapos_record_info where user_id = ? and status in('08','09') union select count(*) as cnt from t_user_apply_cardrate_mpos_record_info where user_id = ? and status in('08','09')) t 
2020-04-15 15:08:03 -==> Parameters: 426(String), 426(String)
2020-04-15 15:08:03 -<==      Total: 1
2020-04-15 15:08:03 -==>  Preparing: select * from t_news_read_state where news_type=? and user_id=? 
2020-04-15 15:08:03 -==> Parameters: applyRateFlag(String), 426(String)
2020-04-15 15:08:03 -<==      Total: 1
2020-04-15 15:08:03 -==>  Preparing: update t_news_read_state set pre_unread_num=?,unread_num=? where user_id=? and news_type=? 
2020-04-15 15:08:03 -==> Parameters: 0(Integer), 0(Integer), 426(String), applyRateFlag(String)
2020-04-15 15:08:03 -<==    Updates: 1
2020-04-15 15:08:03 -==>  Preparing: select sum(cnt) from (SELECT count(*) as cnt FROM t_user_trapos_recall_record_info WHERE acce_user_id = ? AND status = '00' union SELECT count(*) as cnt FROM t_user_mpos_recall_record_info WHERE acce_user_id = ? AND status = '00') t 
2020-04-15 15:08:03 -==> Parameters: 426(String), 426(String)
2020-04-15 15:08:03 -<==      Total: 1
2020-04-15 15:08:03 -==>  Preparing: select * from t_news_read_state where news_type=? and user_id=? 
2020-04-15 15:08:03 -==> Parameters: recallFlag(String), 426(String)
2020-04-15 15:08:03 -<==      Total: 1
2020-04-15 15:08:03 -==>  Preparing: update t_news_read_state set pre_unread_num=?,unread_num=? where user_id=? and news_type=? 
2020-04-15 15:08:03 -==> Parameters: 0(Integer), 0(Integer), 426(String), recallFlag(String)
2020-04-15 15:08:03 -<==    Updates: 1
2020-04-15 15:08:03 -==>  Preparing: select sum(cnt) from (SELECT count(*) as cnt FROM t_user_trapos_recall_record_info WHERE acce_user_id = ? AND status = '00' union SELECT count(*) as cnt FROM t_user_mpos_recall_record_info WHERE acce_user_id = ? AND status = '00') t 
2020-04-15 15:08:03 -==> Parameters: 426(String), 426(String)
2020-04-15 15:08:03 -<==    Updates: 1
2020-04-15 15:08:03 -==>  Preparing: select count(*) as cnt from t_sys_money_locker_college_info 
2020-04-15 15:08:03 -==> Parameters: 
2020-04-15 15:08:03 -<==      Total: 1
2020-04-15 15:08:03 -==>  Preparing: select * from t_news_read_state where news_type=? and user_id=? 
2020-04-15 15:08:03 -==> Parameters: collegeFlag(String), 426(String)
2020-04-15 15:08:03 -<==      Total: 1
2020-04-15 15:08:03 -==>  Preparing: select * from t_news_read_state where news_type=? and user_id=? 
2020-04-15 15:08:03 -==> Parameters: recallFlag(String), 426(String)
2020-04-15 15:08:03 -<==      Total: 1
2020-04-15 15:08:03 -==>  Preparing: update t_news_read_state set pre_unread_num=?,unread_num=? where user_id=? and news_type=? 
2020-04-15 15:08:03 -==> Parameters: 25(Integer), 25(Integer), 426(String), collegeFlag(String)
2020-04-15 15:08:03 -<==      Total: 1
2020-04-15 15:08:03 -==>  Preparing: update t_news_read_state set pre_unread_num=?,unread_num=? where user_id=? and news_type=? 
2020-04-15 15:08:03 -==> Parameters: 0(Integer), 0(Integer), 426(String), recallFlag(String)
2020-04-15 15:08:03 -<==    Updates: 1
2020-04-15 15:08:03 -==>  Preparing: select sum(cnt) from (select count(*) as cnt from t_user_apply_cardrate_trapos_record_info where user_id = ? and status in('08','09') union select count(*) as cnt from t_user_apply_cardrate_mpos_record_info where user_id = ? and status in('08','09')) t 
2020-04-15 15:08:03 -==> Parameters: 426(String), 426(String)
2020-04-15 15:08:03 -<==    Updates: 1
2020-04-15 15:08:03 -==>  Preparing: select count(*) as cnt from t_sys_money_locker_college_info 
2020-04-15 15:08:03 -==> Parameters: 
2020-04-15 15:08:03 -<==      Total: 1
2020-04-15 15:08:03 -==>  Preparing: select * from t_news_read_state where news_type=? and user_id=? 
2020-04-15 15:08:03 -==> Parameters: collegeFlag(String), 426(String)
2020-04-15 15:08:03 -<==      Total: 1
2020-04-15 15:08:03 -==>  Preparing: select * from t_news_read_state where news_type=? and user_id=? 
2020-04-15 15:08:03 -==> Parameters: cardFlag(String), 426(String)
2020-04-15 15:08:03 -<==      Total: 1
2020-04-15 15:08:03 -<==      Total: 1
2020-04-15 15:08:03 -==>  Preparing: update t_news_read_state set pre_unread_num=?,unread_num=? where user_id=? and news_type=? 
2020-04-15 15:08:03 -==>  Preparing: update t_news_read_state set pre_unread_num=?,unread_num=? where user_id=? and news_type=? 
2020-04-15 15:08:03 -==> Parameters: 0(Integer), 0(Integer), 426(String), cardFlag(String)
2020-04-15 15:08:03 -==> Parameters: 25(Integer), 25(Integer), 426(String), collegeFlag(String)
2020-04-15 15:08:03 -<==    Updates: 1
2020-04-15 15:08:03 -==>  Preparing: select sum(cnt) from (select count(*) as cnt from t_user_apply_cardrate_trapos_record_info where user_id = ? and status in('08','09') union select count(*) as cnt from t_user_apply_cardrate_mpos_record_info where user_id = ? and status in('08','09')) t 
2020-04-15 15:08:03 -==> Parameters: 426(String), 426(String)
2020-04-15 15:08:03 -<==      Total: 1
2020-04-15 15:08:03 -==>  Preparing: select * from t_news_read_state where news_type=? and user_id=? 
2020-04-15 15:08:03 -==> Parameters: cardFlag(String), 426(String)
2020-04-15 15:08:03 -<==      Total: 1
2020-04-15 15:08:03 -==>  Preparing: update t_news_read_state set pre_unread_num=?,unread_num=? where user_id=? and news_type=? 
2020-04-15 15:08:03 -==> Parameters: 0(Integer), 0(Integer), 426(String), cardFlag(String)
2020-04-15 15:08:03 -<==    Updates: 1
2020-04-15 15:08:03 -==>  Preparing: select * from t_news_read_state where news_type=? and user_id=? 
2020-04-15 15:08:03 -==> Parameters: appImgFlag(String), 426(String)
2020-04-15 15:08:03 -<==    Updates: 1
2020-04-15 15:08:03 -==>  Preparing: select * from t_news_read_state where news_type=? and user_id=? 
2020-04-15 15:08:03 -<==      Total: 1
2020-04-15 15:08:03 -==> Parameters: appImgFlag(String), 426(String)
2020-04-15 15:08:03 -耗时 : 229
2020-04-15 15:08:03 -<==      Total: 1
2020-04-15 15:08:03 -耗时 : 130
2020-04-15 15:08:19 -此处进行解密+验签+身份验证
2020-04-15 15:08:19 -Map com.example.longecological.service.user.impl.UserInfoCacheServiceImpl.getUserFreezeCacheById(String) enable cache service,cacheKey:zfpay_user_freeze_426
2020-04-15 15:08:19 -Map com.example.longecological.service.user.impl.UserInfoCacheServiceImpl.getUserFreezeCacheById(String) enable cache service,has cacheKey:zfpay_user_freeze_426 , return
2020-04-15 15:08:19 -请求地址 : http://192.168.191.1:8080/api/sys/merchant/getSummaryTraditionalPosList
2020-04-15 15:08:19 -此处进行解密+验签+身份验证
2020-04-15 15:08:19 -Map com.example.longecological.service.user.impl.UserInfoCacheServiceImpl.getUserFreezeCacheById(String) enable cache service,cacheKey:zfpay_user_freeze_426
2020-04-15 15:08:19 -Map com.example.longecological.service.user.impl.UserInfoCacheServiceImpl.getUserFreezeCacheById(String) enable cache service,has cacheKey:zfpay_user_freeze_426 , return
2020-04-15 15:08:19 -请求地址 : http://192.168.191.1:8080/api/sys/merchant/getSummaryMposList
2020-04-15 15:08:19 -==>  Preparing: SELECT count(*) FROM t_user_mpos_info WHERE user_id = ? AND state_status = '1' AND del='0' 
2020-04-15 15:08:19 -==> Parameters: 426(String)
2020-04-15 15:08:19 -==>  Preparing: SELECT count(*) FROM t_user_traditional_pos_info WHERE user_id = ? AND state_status = '1' AND del = '0' and pos_type is null 
2020-04-15 15:08:19 -==> Parameters: 426(String)
2020-04-15 15:08:19 -<==      Total: 1
2020-04-15 15:08:19 -==>  Preparing: SELECT count(*) FROM t_user_traditional_pos_info t WHERE t.user_id = ? AND t.state_status = '1' AND EXISTS ( SELECT 1 FROM t_summary_traditional_pos_trans_month t1 WHERE t1.user_id = ? AND t1.sn = t.sn AND t1.merchant_performance >= 50000 AND t1.cre_month = ? ) and t.pos_type is null 
2020-04-15 15:08:19 -==> Parameters: 426(String), 426(String), 202004(String)
2020-04-15 15:08:19 -<==      Total: 1
2020-04-15 15:08:19 -==>  Preparing: SELECT count(*) FROM t_user_mpos_info t WHERE t.user_id = ? AND t.state_status = '1' AND EXISTS ( SELECT 1 FROM t_summary_mpos_trans_month t1 WHERE t1.user_id = ? AND t1.sn = t.sn AND t1.merchant_performance >= 50000 AND t1.cre_month = ? ) 
2020-04-15 15:08:19 -==> Parameters: 426(String), 426(String), 202004(String)
2020-04-15 15:08:19 -<==      Total: 1
2020-04-15 15:08:19 -==>  Preparing: SELECT count(*) FROM t_user_traditional_pos_info t WHERE t.user_id = ? AND t.state_status = '1' and t.pos_type is null AND EXISTS ( SELECT 1 FROM ( SELECT user_id, sn, sum(merchant_performance) as merchant_performance, sum(merchant_num) as merchant_num FROM t_summary_traditional_pos_trans_everyday WHERE user_id = ? AND cre_date BETWEEN ? AND ? GROUP BY user_id, sn) t1 WHERE t1.user_id = ? AND t1.sn = t.sn AND t1.merchant_performance>=10 AND t1.merchant_num>=2) 
2020-04-15 15:08:19 -==> Parameters: 426(String), 426(String), 20200316(String), 20200415(String), 426(String)
2020-04-15 15:08:19 -<==      Total: 1
2020-04-15 15:08:19 -==>  Preparing: SELECT count(*) FROM t_user_mpos_info t WHERE t.user_id = ? AND t.state_status = '1' AND EXISTS ( SELECT 1 FROM ( SELECT user_id, sn, sum(merchant_performance) as merchant_performance, sum(merchant_num) as merchant_num FROM t_summary_mpos_trans_everyday WHERE user_id = ? AND cre_date BETWEEN ? AND ? GROUP BY user_id, sn) t1 WHERE t1.user_id = ? AND t1.sn = t.sn AND t1.merchant_performance>=10 AND t1.merchant_num>=2) 
2020-04-15 15:08:19 -==> Parameters: 426(String), 426(String), 20200316(String), 20200415(String), 426(String)
2020-04-15 15:08:20 -<==      Total: 1
2020-04-15 15:08:20 -==>  Preparing: SELECT count(*) FROM t_user_traditional_pos_info t WHERE t.user_id = ? AND t.state_status = '1' AND t.cre_date <= ? and t.pos_type is null AND NOT EXISTS ( SELECT 1 FROM ( SELECT user_id, sn, sum(merchant_num) as merchant_num FROM t_summary_traditional_pos_trans_everyday WHERE user_id = ? AND cre_date BETWEEN ? AND ? GROUP BY user_id, sn) t1 WHERE t1.user_id = ? AND t1.sn = t.sn AND t1.merchant_num>0) 
2020-04-15 15:08:20 -==> Parameters: 426(String), 20200215(String), 426(String), 20200215(String), 20200415(String), 426(String)
2020-04-15 15:08:21 -<==      Total: 1
2020-04-15 15:08:21 -==>  Preparing: SELECT count(*) FROM t_user_mpos_info t WHERE t.user_id = ? AND t.state_status = '1' AND t.cre_date <= ? AND NOT EXISTS ( SELECT 1 FROM ( SELECT user_id, sn, sum(merchant_num) as merchant_num FROM t_summary_mpos_trans_everyday WHERE user_id = ? AND cre_date BETWEEN ? AND ? GROUP BY user_id, sn) t1 WHERE t1.user_id = ? AND t1.sn = t.sn AND t1.merchant_num>0) 
2020-04-15 15:08:21 -==> Parameters: 426(String), 20200215(String), 426(String), 20200215(String), 20200415(String), 426(String)
2020-04-15 15:08:21 -<==      Total: 1
2020-04-15 15:08:21 -==>  Preparing: select count(distinct mer_id) as cnt from t_sys_pos_policy3_record where user_id=? and pos_type='01' 
2020-04-15 15:08:21 -==> Parameters: 426(String)
2020-04-15 15:08:21 -<==      Total: 1
2020-04-15 15:08:21 -耗时 : 2485
2020-04-15 15:08:22 -<==      Total: 1
2020-04-15 15:08:22 -==>  Preparing: select count(distinct mer_id) as cnt from t_sys_pos_policy3_record where user_id=? and pos_type='02' 
2020-04-15 15:08:22 -==> Parameters: 426(String)
2020-04-15 15:08:22 -<==      Total: 1
2020-04-15 15:08:22 -耗时 : 3264
2020-04-15 15:08:35 -此处进行解密+验签+身份验证
2020-04-15 15:08:35 -Map com.example.longecological.service.user.impl.UserInfoCacheServiceImpl.getUserFreezeCacheById(String) enable cache service,cacheKey:zfpay_user_freeze_426
2020-04-15 15:08:35 -Map com.example.longecological.service.user.impl.UserInfoCacheServiceImpl.getUserFreezeCacheById(String) enable cache service,has cacheKey:zfpay_user_freeze_426 , return
2020-04-15 15:08:35 -请求地址 : http://192.168.191.1:8080/api/sys/merchant/getExcellentMerchantTraditionalPosList
2020-04-15 15:08:35 -==>  Preparing: SELECT cast(t.id as char) as trapos_id, t.sn, t1.mer_name, t1.mer_id, t1.name, t1.tel FROM t_user_traditional_pos_info t LEFT JOIN t_sys_traditional_pos_info t1 on t.sn = t1.sn WHERE t.user_id = ? AND t.state_status = '1' and t1.pos_type is null AND EXISTS ( SELECT 1 FROM t_summary_traditional_pos_trans_month t2 WHERE t2.user_id = ? AND t2.sn = t.sn AND t2.merchant_performance >= 50000 AND t2.cre_month = ? ) ORDER BY t.id desc limit 0,10 
2020-04-15 15:08:35 -==> Parameters: 426(String), 426(String), 202004(String)
2020-04-15 15:08:36 -<==      Total: 0
2020-04-15 15:08:36 -耗时 : 204
2020-04-15 15:11:02 -此处进行解密+验签+身份验证
2020-04-15 15:11:02 -Map com.example.longecological.service.user.impl.UserInfoCacheServiceImpl.getUserFreezeCacheById(String) enable cache service,cacheKey:zfpay_user_freeze_426
2020-04-15 15:11:02 -Map com.example.longecological.service.user.impl.UserInfoCacheServiceImpl.getUserFreezeCacheById(String) enable cache service,has cacheKey:zfpay_user_freeze_426 , return
2020-04-15 15:11:02 -请求地址 : http://192.168.191.1:8080/api/sys/merchant/getExcellentMerchantTraditionalPosList
2020-04-15 15:11:02 -==>  Preparing: SELECT cast(t.id as char) as trapos_id, t.sn, t1.mer_name, t1.mer_id, t1.name, t1.tel FROM t_user_traditional_pos_info t LEFT JOIN t_sys_traditional_pos_info t1 on t.sn = t1.sn WHERE t.user_id = ? AND t.state_status = '1' and t1.pos_type is null AND EXISTS ( SELECT 1 FROM t_summary_traditional_pos_trans_month t2 WHERE t2.user_id = ? AND t2.sn = t.sn AND t2.merchant_performance >= 50000 AND t2.cre_month = ? ) ORDER BY t.id desc limit 0,10 
2020-04-15 15:11:02 -==> Parameters: 426(String), 426(String), 202004(String)
2020-04-15 15:11:02 -<==      Total: 0
2020-04-15 15:11:02 -耗时 : 25
2020-04-15 15:11:20 -此处进行解密+验签+身份验证
2020-04-15 15:11:20 -Map com.example.longecological.service.user.impl.UserInfoCacheServiceImpl.getUserFreezeCacheById(String) enable cache service,cacheKey:zfpay_user_freeze_426
2020-04-15 15:11:20 -Map com.example.longecological.service.user.impl.UserInfoCacheServiceImpl.getUserFreezeCacheById(String) enable cache service,has cacheKey:zfpay_user_freeze_426 , return
2020-04-15 15:11:20 -请求地址 : http://192.168.191.1:8080/api/sys/merchant/getSummaryTraditionalPosList
2020-04-15 15:11:20 -==>  Preparing: SELECT count(*) FROM t_user_traditional_pos_info WHERE user_id = ? AND state_status = '1' AND del = '0' and pos_type is null 
2020-04-15 15:11:20 -==> Parameters: 426(String)
2020-04-15 15:11:20 -<==      Total: 1
2020-04-15 15:11:20 -==>  Preparing: SELECT count(*) FROM t_user_traditional_pos_info t WHERE t.user_id = ? AND t.state_status = '1' AND EXISTS ( SELECT 1 FROM t_summary_traditional_pos_trans_month t1 WHERE t1.user_id = ? AND t1.sn = t.sn AND t1.merchant_performance >= 50000 AND t1.cre_month = ? ) and t.pos_type is null 
2020-04-15 15:11:20 -==> Parameters: 426(String), 426(String), 202004(String)
2020-04-15 15:11:20 -<==      Total: 1
2020-04-15 15:11:20 -==>  Preparing: SELECT count(*) FROM t_user_traditional_pos_info t WHERE t.user_id = ? AND t.state_status = '1' and t.pos_type is null AND EXISTS ( SELECT 1 FROM ( SELECT user_id, sn, sum(merchant_performance) as merchant_performance, sum(merchant_num) as merchant_num FROM t_summary_traditional_pos_trans_everyday WHERE user_id = ? AND cre_date BETWEEN ? AND ? GROUP BY user_id, sn) t1 WHERE t1.user_id = ? AND t1.sn = t.sn AND t1.merchant_performance>=10 AND t1.merchant_num>=2) 
2020-04-15 15:11:20 -==> Parameters: 426(String), 426(String), 20200316(String), 20200415(String), 426(String)
2020-04-15 15:11:20 -此处进行解密+验签+身份验证
2020-04-15 15:11:20 -Map com.example.longecological.service.user.impl.UserInfoCacheServiceImpl.getUserFreezeCacheById(String) enable cache service,cacheKey:zfpay_user_freeze_426
2020-04-15 15:11:20 -Map com.example.longecological.service.user.impl.UserInfoCacheServiceImpl.getUserFreezeCacheById(String) enable cache service,has cacheKey:zfpay_user_freeze_426 , return
2020-04-15 15:11:20 -请求地址 : http://192.168.191.1:8080/api/sys/merchant/getSummaryMposList
2020-04-15 15:11:20 -==>  Preparing: SELECT count(*) FROM t_user_mpos_info WHERE user_id = ? AND state_status = '1' AND del='0' 
2020-04-15 15:11:20 -==> Parameters: 426(String)
2020-04-15 15:11:21 -<==      Total: 1
2020-04-15 15:11:21 -==>  Preparing: SELECT count(*) FROM t_user_mpos_info t WHERE t.user_id = ? AND t.state_status = '1' AND EXISTS ( SELECT 1 FROM t_summary_mpos_trans_month t1 WHERE t1.user_id = ? AND t1.sn = t.sn AND t1.merchant_performance >= 50000 AND t1.cre_month = ? ) 
2020-04-15 15:11:21 -==> Parameters: 426(String), 426(String), 202004(String)
2020-04-15 15:11:21 -<==      Total: 1
2020-04-15 15:11:21 -==>  Preparing: SELECT count(*) FROM t_user_mpos_info t WHERE t.user_id = ? AND t.state_status = '1' AND EXISTS ( SELECT 1 FROM ( SELECT user_id, sn, sum(merchant_performance) as merchant_performance, sum(merchant_num) as merchant_num FROM t_summary_mpos_trans_everyday WHERE user_id = ? AND cre_date BETWEEN ? AND ? GROUP BY user_id, sn) t1 WHERE t1.user_id = ? AND t1.sn = t.sn AND t1.merchant_performance>=10 AND t1.merchant_num>=2) 
2020-04-15 15:11:21 -==> Parameters: 426(String), 426(String), 20200316(String), 20200415(String), 426(String)
2020-04-15 15:11:21 -<==      Total: 1
2020-04-15 15:11:21 -==>  Preparing: SELECT count(*) FROM t_user_traditional_pos_info t WHERE t.user_id = ? AND t.state_status = '1' AND t.cre_date <= ? and t.pos_type is null AND NOT EXISTS ( SELECT 1 FROM ( SELECT user_id, sn, sum(merchant_num) as merchant_num FROM t_summary_traditional_pos_trans_everyday WHERE user_id = ? AND cre_date BETWEEN ? AND ? GROUP BY user_id, sn) t1 WHERE t1.user_id = ? AND t1.sn = t.sn AND t1.merchant_num>0) 
2020-04-15 15:11:21 -==> Parameters: 426(String), 20200215(String), 426(String), 20200215(String), 20200415(String), 426(String)
2020-04-15 15:11:23 -<==      Total: 1
2020-04-15 15:11:23 -==>  Preparing: select count(distinct mer_id) as cnt from t_sys_pos_policy3_record where user_id=? and pos_type='01' 
2020-04-15 15:11:23 -==> Parameters: 426(String)
2020-04-15 15:11:23 -<==      Total: 1
2020-04-15 15:11:23 -耗时 : 2500
2020-04-15 15:11:23 -<==      Total: 1
2020-04-15 15:11:23 -==>  Preparing: SELECT count(*) FROM t_user_mpos_info t WHERE t.user_id = ? AND t.state_status = '1' AND t.cre_date <= ? AND NOT EXISTS ( SELECT 1 FROM ( SELECT user_id, sn, sum(merchant_num) as merchant_num FROM t_summary_mpos_trans_everyday WHERE user_id = ? AND cre_date BETWEEN ? AND ? GROUP BY user_id, sn) t1 WHERE t1.user_id = ? AND t1.sn = t.sn AND t1.merchant_num>0) 
2020-04-15 15:11:23 -==> Parameters: 426(String), 20200215(String), 426(String), 20200215(String), 20200415(String), 426(String)
2020-04-15 15:11:24 -<==      Total: 1
2020-04-15 15:11:24 -==>  Preparing: select count(distinct mer_id) as cnt from t_sys_pos_policy3_record where user_id=? and pos_type='02' 
2020-04-15 15:11:24 -==> Parameters: 426(String)
2020-04-15 15:11:24 -<==      Total: 1
2020-04-15 15:11:24 -耗时 : 3424
2020-04-15 15:12:12 -此处进行解密+验签+身份验证
2020-04-15 15:12:12 -Map com.example.longecological.service.user.impl.UserInfoCacheServiceImpl.getUserFreezeCacheById(String) enable cache service,cacheKey:zfpay_user_freeze_426
2020-04-15 15:12:12 -Map com.example.longecological.service.user.impl.UserInfoCacheServiceImpl.getUserFreezeCacheById(String) enable cache service,has cacheKey:zfpay_user_freeze_426 , return
2020-04-15 15:12:12 -请求地址 : http://192.168.191.1:8080/api/sys/merchant/getExcellentMerchantTraditionalPosList
2020-04-15 15:12:12 -==>  Preparing: SELECT cast(t.id as char) as trapos_id, t.sn, t1.mer_name, t1.mer_id, t1.name, t1.tel FROM t_user_traditional_pos_info t LEFT JOIN t_sys_traditional_pos_info t1 on t.sn = t1.sn WHERE t.user_id = ? AND t.state_status = '1' and t1.pos_type is null AND EXISTS ( SELECT 1 FROM t_summary_traditional_pos_trans_month t2 WHERE t2.user_id = ? AND t2.sn = t.sn AND t2.merchant_performance >= 50000 AND t2.cre_month = ? ) ORDER BY t.id desc limit 0,10 
2020-04-15 15:12:12 -==> Parameters: 426(String), 426(String), 202004(String)
2020-04-15 15:12:12 -<==      Total: 0
2020-04-15 15:12:12 -耗时 : 71
2020-04-15 15:12:25 -此处进行解密+验签+身份验证
2020-04-15 15:12:25 -Map com.example.longecological.service.user.impl.UserInfoCacheServiceImpl.getUserFreezeCacheById(String) enable cache service,cacheKey:zfpay_user_freeze_426
2020-04-15 15:12:25 -Map com.example.longecological.service.user.impl.UserInfoCacheServiceImpl.getUserFreezeCacheById(String) enable cache service,has cacheKey:zfpay_user_freeze_426 , return
2020-04-15 15:12:25 -请求地址 : http://192.168.191.1:8080/api/sys/merchant/getSummaryTraditionalPosList
2020-04-15 15:12:25 -==>  Preparing: SELECT count(*) FROM t_user_traditional_pos_info WHERE user_id = ? AND state_status = '1' AND del = '0' and pos_type='epos' 
2020-04-15 15:12:25 -==> Parameters: 426(String)
2020-04-15 15:12:25 -<==      Total: 1
2020-04-15 15:12:25 -==>  Preparing: SELECT count(*) FROM t_user_traditional_pos_info t WHERE t.user_id = ? AND t.state_status = '1' AND EXISTS ( SELECT 1 FROM t_summary_traditional_pos_trans_month t1 WHERE t1.user_id = ? AND t1.sn = t.sn AND t1.merchant_performance >= 50000 AND t1.cre_month = ? ) and t.pos_type='epos' 
2020-04-15 15:12:25 -==> Parameters: 426(String), 426(String), 202004(String)
2020-04-15 15:12:25 -<==      Total: 1
2020-04-15 15:12:25 -==>  Preparing: SELECT count(*) FROM t_user_traditional_pos_info t WHERE t.user_id = ? AND t.state_status = '1' and t.pos_type='epos' AND EXISTS ( SELECT 1 FROM ( SELECT user_id, sn, sum(merchant_performance) as merchant_performance, sum(merchant_num) as merchant_num FROM t_summary_traditional_pos_trans_everyday WHERE user_id = ? AND cre_date BETWEEN ? AND ? GROUP BY user_id, sn) t1 WHERE t1.user_id = ? AND t1.sn = t.sn AND t1.merchant_performance>=10 AND t1.merchant_num>=2) 
2020-04-15 15:12:25 -==> Parameters: 426(String), 426(String), 20200316(String), 20200415(String), 426(String)
2020-04-15 15:12:25 -<==      Total: 1
2020-04-15 15:12:25 -==>  Preparing: SELECT count(*) FROM t_user_traditional_pos_info t WHERE t.user_id = ? AND t.state_status = '1' AND t.cre_date <= ? and t.pos_type='epos' AND NOT EXISTS ( SELECT 1 FROM ( SELECT user_id, sn, sum(merchant_num) as merchant_num FROM t_summary_traditional_pos_trans_everyday WHERE user_id = ? AND cre_date BETWEEN ? AND ? GROUP BY user_id, sn) t1 WHERE t1.user_id = ? AND t1.sn = t.sn AND t1.merchant_num>0) 
2020-04-15 15:12:25 -==> Parameters: 426(String), 20200215(String), 426(String), 20200215(String), 20200415(String), 426(String)
2020-04-15 15:12:25 -<==      Total: 1
2020-04-15 15:12:25 -==>  Preparing: select count(distinct mer_id) as cnt from t_sys_pos_policy3_record where user_id=? and pos_type='03' 
2020-04-15 15:12:25 -==> Parameters: 426(String)
2020-04-15 15:12:25 -<==      Total: 1
2020-04-15 15:12:25 -耗时 : 508
2020-04-15 15:12:29 -此处进行解密+验签+身份验证
2020-04-15 15:12:29 -Map com.example.longecological.service.user.impl.UserInfoCacheServiceImpl.getUserFreezeCacheById(String) enable cache service,cacheKey:zfpay_user_freeze_426
2020-04-15 15:12:29 -Map com.example.longecological.service.user.impl.UserInfoCacheServiceImpl.getUserFreezeCacheById(String) enable cache service,has cacheKey:zfpay_user_freeze_426 , return
2020-04-15 15:12:29 -请求地址 : http://192.168.191.1:8080/api/sys/merchant/getExcellentMerchantTraditionalPosList
2020-04-15 15:12:29 -==>  Preparing: SELECT cast(t.id as char) as trapos_id, t.sn, t1.mer_name, t1.mer_id, t1.name, t1.tel FROM t_user_traditional_pos_info t LEFT JOIN t_sys_traditional_pos_info t1 on t.sn = t1.sn WHERE t.user_id = ? AND t.state_status = '1' and t1.pos_type='epos' AND EXISTS ( SELECT 1 FROM t_summary_traditional_pos_trans_month t2 WHERE t2.user_id = ? AND t2.sn = t.sn AND t2.merchant_performance >= 50000 AND t2.cre_month = ? ) ORDER BY t.id desc limit 0,10 
2020-04-15 15:12:29 -==> Parameters: 426(String), 426(String), 202004(String)
2020-04-15 15:12:29 -<==      Total: 0
2020-04-15 15:12:29 -耗时 : 29
2020-04-15 15:12:38 -此处进行解密+验签+身份验证
2020-04-15 15:12:38 -Map com.example.longecological.service.user.impl.UserInfoCacheServiceImpl.getUserFreezeCacheById(String) enable cache service,cacheKey:zfpay_user_freeze_426
2020-04-15 15:12:38 -Map com.example.longecological.service.user.impl.UserInfoCacheServiceImpl.getUserFreezeCacheById(String) enable cache service,has cacheKey:zfpay_user_freeze_426 , return
2020-04-15 15:12:38 -请求地址 : http://192.168.191.1:8080/api/sys/merchant/getExcellentMerchantTraditionalPosList
2020-04-15 15:12:38 -==>  Preparing: SELECT cast(t.id as char) as trapos_id, t.sn, t1.mer_name, t1.mer_id, t1.name, t1.tel FROM t_user_traditional_pos_info t LEFT JOIN t_sys_traditional_pos_info t1 on t.sn = t1.sn WHERE t.user_id = ? AND t.state_status = '1' and t1.pos_type is null AND EXISTS ( SELECT 1 FROM t_summary_traditional_pos_trans_month t2 WHERE t2.user_id = ? AND t2.sn = t.sn AND t2.merchant_performance >= 50000 AND t2.cre_month = ? ) ORDER BY t.id desc limit 0,10 
2020-04-15 15:12:38 -==> Parameters: 426(String), 426(String), 202004(String)
2020-04-15 15:12:38 -<==      Total: 0
2020-04-15 15:12:38 -耗时 : 12
2020-04-15 15:12:45 -此处进行解密+验签+身份验证
2020-04-15 15:12:45 -Map com.example.longecological.service.user.impl.UserInfoCacheServiceImpl.getUserFreezeCacheById(String) enable cache service,cacheKey:zfpay_user_freeze_426
2020-04-15 15:12:45 -Map com.example.longecological.service.user.impl.UserInfoCacheServiceImpl.getUserFreezeCacheById(String) enable cache service,has cacheKey:zfpay_user_freeze_426 , return
2020-04-15 15:12:45 -请求地址 : http://192.168.191.1:8080/api/sys/merchant/getExcellentMerchantTraditionalPosList
2020-04-15 15:12:45 -==>  Preparing: SELECT cast(t.id as char) as trapos_id, t.sn, t1.mer_name, t1.mer_id, t1.name, t1.tel FROM t_user_traditional_pos_info t LEFT JOIN t_sys_traditional_pos_info t1 on t.sn = t1.sn WHERE t.user_id = ? AND t.state_status = '1' and t1.pos_type='epos' AND EXISTS ( SELECT 1 FROM t_summary_traditional_pos_trans_month t2 WHERE t2.user_id = ? AND t2.sn = t.sn AND t2.merchant_performance >= 50000 AND t2.cre_month = ? ) ORDER BY t.id desc limit 0,10 
2020-04-15 15:12:45 -==> Parameters: 426(String), 426(String), 202004(String)
2020-04-15 15:12:45 -<==      Total: 0
2020-04-15 15:12:45 -耗时 : 13
2020-04-15 16:24:39 -此处进行解密+验签+身份验证
2020-04-15 16:24:39 -Map com.example.longecological.service.user.impl.UserInfoCacheServiceImpl.getUserFreezeCacheById(String) enable cache service,cacheKey:zfpay_user_freeze_426
2020-04-15 16:24:39 -Map com.example.longecological.service.user.impl.UserInfoCacheServiceImpl.getUserFreezeCacheById(String) enable cache service,has cacheKey:zfpay_user_freeze_426 , return
2020-04-15 16:24:39 -请求地址 : http://192.168.191.1:8080/api/user/info/getUserNewInfo
2020-04-15 16:24:39 -此处进行解密+验签+身份验证
2020-04-15 16:24:39 -==>  Preparing: SELECT money, settle_money, deduct_money, today_benefit, total_benefit, settle_single_feet_money, single_rate_feet_money FROM t_user_info WHERE id = ? 
2020-04-15 16:24:39 -==> Parameters: 426(String)
2020-04-15 16:24:39 -Map com.example.longecological.service.user.impl.UserInfoCacheServiceImpl.getUserFreezeCacheById(String) enable cache service,cacheKey:zfpay_user_freeze_426
2020-04-15 16:24:39 -Map com.example.longecological.service.user.impl.UserInfoCacheServiceImpl.getUserFreezeCacheById(String) enable cache service,has cacheKey:zfpay_user_freeze_426 , return
2020-04-15 16:24:39 -请求地址 : http://192.168.191.1:8080/api/sys/notice/getUnReadNews
2020-04-15 16:24:39 -Map com.example.longecological.service.user.impl.UserInfoCacheServiceImpl.getUserInfoCacheById(String) enable cache service,cacheKey:zfpay_user_info_id_426
2020-04-15 16:24:39 -Map com.example.longecological.service.user.impl.UserInfoCacheServiceImpl.getUserInfoCacheById(String) enable cache service,has cacheKey:zfpay_user_info_id_426 , return
2020-04-15 16:24:39 -==>  Preparing: select sum(cnt) from (select count(*) as cnt from t_user_apply_cardrate_trapos_record_info where user_id = ? and status in('08','09') union select count(*) as cnt from t_user_apply_cardrate_mpos_record_info where user_id = ? and status in('08','09')) t 
2020-04-15 16:24:39 -==> Parameters: 426(String), 426(String)
2020-04-15 16:24:39 -<==      Total: 1
2020-04-15 16:24:39 -耗时 : 150
2020-04-15 16:24:39 -<==      Total: 1
2020-04-15 16:24:39 -==>  Preparing: select * from t_news_read_state where news_type=? and user_id=? 
2020-04-15 16:24:39 -==> Parameters: applyRateFlag(String), 426(String)
2020-04-15 16:24:39 -<==      Total: 1
2020-04-15 16:24:39 -==>  Preparing: update t_news_read_state set pre_unread_num=?,unread_num=? where user_id=? and news_type=? 
2020-04-15 16:24:39 -==> Parameters: 0(Integer), 0(Integer), 426(String), applyRateFlag(String)
2020-04-15 16:24:39 -<==    Updates: 1
2020-04-15 16:24:39 -==>  Preparing: select sum(cnt) from (SELECT count(*) as cnt FROM t_user_trapos_recall_record_info WHERE acce_user_id = ? AND status = '00' union SELECT count(*) as cnt FROM t_user_mpos_recall_record_info WHERE acce_user_id = ? AND status = '00') t 
2020-04-15 16:24:39 -==> Parameters: 426(String), 426(String)
2020-04-15 16:24:39 -<==      Total: 1
2020-04-15 16:24:39 -==>  Preparing: select * from t_news_read_state where news_type=? and user_id=? 
2020-04-15 16:24:39 -==> Parameters: recallFlag(String), 426(String)
2020-04-15 16:24:39 -<==      Total: 1
2020-04-15 16:24:39 -==>  Preparing: update t_news_read_state set pre_unread_num=?,unread_num=? where user_id=? and news_type=? 
2020-04-15 16:24:39 -==> Parameters: 0(Integer), 0(Integer), 426(String), recallFlag(String)
2020-04-15 16:24:39 -<==    Updates: 1
2020-04-15 16:24:39 -==>  Preparing: select count(*) as cnt from t_sys_money_locker_college_info 
2020-04-15 16:24:39 -==> Parameters: 
2020-04-15 16:24:39 -<==      Total: 1
2020-04-15 16:24:39 -==>  Preparing: select * from t_news_read_state where news_type=? and user_id=? 
2020-04-15 16:24:39 -==> Parameters: collegeFlag(String), 426(String)
2020-04-15 16:24:39 -<==      Total: 1
2020-04-15 16:24:39 -==>  Preparing: update t_news_read_state set pre_unread_num=?,unread_num=? where user_id=? and news_type=? 
2020-04-15 16:24:39 -==> Parameters: 25(Integer), 25(Integer), 426(String), collegeFlag(String)
2020-04-15 16:24:39 -<==    Updates: 1
2020-04-15 16:24:39 -==>  Preparing: select sum(cnt) from (select count(*) as cnt from t_user_apply_cardrate_trapos_record_info where user_id = ? and status in('08','09') union select count(*) as cnt from t_user_apply_cardrate_mpos_record_info where user_id = ? and status in('08','09')) t 
2020-04-15 16:24:39 -==> Parameters: 426(String), 426(String)
2020-04-15 16:24:39 -<==      Total: 1
2020-04-15 16:24:39 -==>  Preparing: select * from t_news_read_state where news_type=? and user_id=? 
2020-04-15 16:24:39 -==> Parameters: cardFlag(String), 426(String)
2020-04-15 16:24:39 -<==      Total: 1
2020-04-15 16:24:39 -==>  Preparing: update t_news_read_state set pre_unread_num=?,unread_num=? where user_id=? and news_type=? 
2020-04-15 16:24:39 -==> Parameters: 0(Integer), 0(Integer), 426(String), cardFlag(String)
2020-04-15 16:24:39 -<==    Updates: 1
2020-04-15 16:24:39 -==>  Preparing: select * from t_news_read_state where news_type=? and user_id=? 
2020-04-15 16:24:39 -==> Parameters: appImgFlag(String), 426(String)
2020-04-15 16:24:39 -<==      Total: 1
2020-04-15 16:24:39 -耗时 : 262
2020-04-15 17:03:22 -此处进行解密+验签+身份验证
2020-04-15 17:03:22 -Map com.example.longecological.service.user.impl.UserInfoCacheServiceImpl.getUserFreezeCacheById(String) enable cache service,cacheKey:zfpay_user_freeze_426
2020-04-15 17:03:22 -此处进行解密+验签+身份验证
2020-04-15 17:03:22 -Map com.example.longecological.service.user.impl.UserInfoCacheServiceImpl.getUserFreezeCacheById(String) enable cache service,has cacheKey:zfpay_user_freeze_426 , return
2020-04-15 17:03:22 -Map com.example.longecological.service.user.impl.UserInfoCacheServiceImpl.getUserFreezeCacheById(String) enable cache service,cacheKey:zfpay_user_freeze_426
2020-04-15 17:03:22 -Map com.example.longecological.service.user.impl.UserInfoCacheServiceImpl.getUserFreezeCacheById(String) enable cache service,has cacheKey:zfpay_user_freeze_426 , return
2020-04-15 17:03:22 -请求地址 : http://192.168.191.1:8080/api/sys/notice/getUnReadNews
2020-04-15 17:03:22 -请求地址 : http://192.168.191.1:8080/api/user/info/getUserNewInfo
2020-04-15 17:03:22 -Map com.example.longecological.service.user.impl.UserInfoCacheServiceImpl.getUserInfoCacheById(String) enable cache service,cacheKey:zfpay_user_info_id_426
2020-04-15 17:03:22 -==>  Preparing: SELECT money, settle_money, deduct_money, today_benefit, total_benefit, settle_single_feet_money, single_rate_feet_money FROM t_user_info WHERE id = ? 
2020-04-15 17:03:22 -Map com.example.longecological.service.user.impl.UserInfoCacheServiceImpl.getUserInfoCacheById(String) enable cache service,has cacheKey:zfpay_user_info_id_426 , return
2020-04-15 17:03:22 -==> Parameters: 426(String)
2020-04-15 17:03:22 -==>  Preparing: select sum(cnt) from (select count(*) as cnt from t_user_apply_cardrate_trapos_record_info where user_id = ? and status in('08','09') union select count(*) as cnt from t_user_apply_cardrate_mpos_record_info where user_id = ? and status in('08','09')) t 
2020-04-15 17:03:22 -==> Parameters: 426(String), 426(String)
2020-04-15 17:03:22 -<==      Total: 1
2020-04-15 17:03:22 -==>  Preparing: select * from t_news_read_state where news_type=? and user_id=? 
2020-04-15 17:03:22 -==> Parameters: applyRateFlag(String), 426(String)
2020-04-15 17:03:22 -<==      Total: 1
2020-04-15 17:03:22 -耗时 : 7
2020-04-15 17:03:22 -<==      Total: 1
2020-04-15 17:03:22 -==>  Preparing: update t_news_read_state set pre_unread_num=?,unread_num=? where user_id=? and news_type=? 
2020-04-15 17:03:22 -==> Parameters: 0(Integer), 0(Integer), 426(String), applyRateFlag(String)
2020-04-15 17:03:22 -<==    Updates: 1
2020-04-15 17:03:22 -==>  Preparing: select sum(cnt) from (SELECT count(*) as cnt FROM t_user_trapos_recall_record_info WHERE acce_user_id = ? AND status = '00' union SELECT count(*) as cnt FROM t_user_mpos_recall_record_info WHERE acce_user_id = ? AND status = '00') t 
2020-04-15 17:03:22 -==> Parameters: 426(String), 426(String)
2020-04-15 17:03:22 -<==      Total: 1
2020-04-15 17:03:22 -==>  Preparing: select * from t_news_read_state where news_type=? and user_id=? 
2020-04-15 17:03:22 -==> Parameters: recallFlag(String), 426(String)
2020-04-15 17:03:22 -<==      Total: 1
2020-04-15 17:03:22 -==>  Preparing: update t_news_read_state set pre_unread_num=?,unread_num=? where user_id=? and news_type=? 
2020-04-15 17:03:22 -==> Parameters: 0(Integer), 0(Integer), 426(String), recallFlag(String)
2020-04-15 17:03:22 -<==    Updates: 1
2020-04-15 17:03:22 -==>  Preparing: select count(*) as cnt from t_sys_money_locker_college_info 
2020-04-15 17:03:22 -==> Parameters: 
2020-04-15 17:03:22 -<==      Total: 1
2020-04-15 17:03:22 -==>  Preparing: select * from t_news_read_state where news_type=? and user_id=? 
2020-04-15 17:03:22 -==> Parameters: collegeFlag(String), 426(String)
2020-04-15 17:03:22 -<==      Total: 1
2020-04-15 17:03:22 -==>  Preparing: update t_news_read_state set pre_unread_num=?,unread_num=? where user_id=? and news_type=? 
2020-04-15 17:03:22 -==> Parameters: 25(Integer), 25(Integer), 426(String), collegeFlag(String)
2020-04-15 17:03:22 -<==    Updates: 1
2020-04-15 17:03:22 -==>  Preparing: select sum(cnt) from (select count(*) as cnt from t_user_apply_cardrate_trapos_record_info where user_id = ? and status in('08','09') union select count(*) as cnt from t_user_apply_cardrate_mpos_record_info where user_id = ? and status in('08','09')) t 
2020-04-15 17:03:22 -==> Parameters: 426(String), 426(String)
2020-04-15 17:03:22 -<==      Total: 1
2020-04-15 17:03:22 -==>  Preparing: select * from t_news_read_state where news_type=? and user_id=? 
2020-04-15 17:03:22 -==> Parameters: cardFlag(String), 426(String)
2020-04-15 17:03:22 -<==      Total: 1
2020-04-15 17:03:22 -==>  Preparing: update t_news_read_state set pre_unread_num=?,unread_num=? where user_id=? and news_type=? 
2020-04-15 17:03:22 -==> Parameters: 0(Integer), 0(Integer), 426(String), cardFlag(String)
2020-04-15 17:03:22 -<==    Updates: 1
2020-04-15 17:03:22 -==>  Preparing: select * from t_news_read_state where news_type=? and user_id=? 
2020-04-15 17:03:22 -==> Parameters: appImgFlag(String), 426(String)
2020-04-15 17:03:22 -<==      Total: 1
2020-04-15 17:03:22 -耗时 : 72
