2020-06-19 13:59:13 -Starting LongEcologicalApplication on PC-201905161910 with PID 11940 (D:\javaSVN\zf2_qh\zfPayOver\target\classes started by Administrator in D:\javaSVN\zf2_qh\zfPayOver)
2020-06-19 13:59:13 -Running with Spring Boot v2.1.1.RELEASE, Spring v5.1.3.RELEASE
2020-06-19 13:59:13 -No active profile set, falling back to default profiles: default
2020-06-19 13:59:14 -Skipping MapperFactoryBean with name 'onlineActivityMapper' and 'com.example.longecological.mapper.activity.OnlineActivityMapper' mapperInterface. Bean already defined with the same name!
2020-06-19 13:59:14 -Skipping MapperFactoryBean with name 'benefitCentreMapper' and 'com.example.longecological.mapper.benefitcentre.BenefitCentreMapper' mapperInterface. Bean already defined with the same name!
2020-06-19 13:59:14 -Skipping MapperFactoryBean with name 'sysParamMapper' and 'com.example.longecological.mapper.common.SysParamMapper' mapperInterface. Bean already defined with the same name!
2020-06-19 13:59:14 -Skipping MapperFactoryBean with name 'sysParamRateMapper' and 'com.example.longecological.mapper.common.SysParamRateMapper' mapperInterface. Bean already defined with the same name!
2020-06-19 13:59:14 -Skipping MapperFactoryBean with name 'verifyRecordMapper' and 'com.example.longecological.mapper.common.VerifyRecordMapper' mapperInterface. Bean already defined with the same name!
2020-06-19 13:59:14 -Skipping MapperFactoryBean with name 'machinesManageMapper' and 'com.example.longecological.mapper.machines.MachinesManageMapper' mapperInterface. Bean already defined with the same name!
2020-06-19 13:59:14 -Skipping MapperFactoryBean with name 'merchantManageMapper' and 'com.example.longecological.mapper.merchant.MerchantManageMapper' mapperInterface. Bean already defined with the same name!
2020-06-19 13:59:14 -Skipping MapperFactoryBean with name 'messageMapper' and 'com.example.longecological.mapper.message.MessageMapper' mapperInterface. Bean already defined with the same name!
2020-06-19 13:59:14 -Skipping MapperFactoryBean with name 'moneyLockerCollegeMapper' and 'com.example.longecological.mapper.moneylocker.MoneyLockerCollegeMapper' mapperInterface. Bean already defined with the same name!
2020-06-19 13:59:14 -Skipping MapperFactoryBean with name 'mposMapper' and 'com.example.longecological.mapper.mpos.MposMapper' mapperInterface. Bean already defined with the same name!
2020-06-19 13:59:14 -Skipping MapperFactoryBean with name 'scheduleJobMapper' and 'com.example.longecological.mapper.quartz.ScheduleJobMapper' mapperInterface. Bean already defined with the same name!
2020-06-19 13:59:14 -Skipping MapperFactoryBean with name 'creditCardRatesApplyMapper' and 'com.example.longecological.mapper.ratesmanage.CreditCardRatesApplyMapper' mapperInterface. Bean already defined with the same name!
2020-06-19 13:59:14 -Skipping MapperFactoryBean with name 'reportFormsMapper' and 'com.example.longecological.mapper.reportforms.ReportFormsMapper' mapperInterface. Bean already defined with the same name!
2020-06-19 13:59:14 -Skipping MapperFactoryBean with name 'sysAppImgMapper' and 'com.example.longecological.mapper.system.SysAppImgMapper' mapperInterface. Bean already defined with the same name!
2020-06-19 13:59:14 -Skipping MapperFactoryBean with name 'sysBankInfoMapper' and 'com.example.longecological.mapper.system.SysBankInfoMapper' mapperInterface. Bean already defined with the same name!
2020-06-19 13:59:14 -Skipping MapperFactoryBean with name 'sysExchangeUrlMapper' and 'com.example.longecological.mapper.system.SysExchangeUrlMapper' mapperInterface. Bean already defined with the same name!
2020-06-19 13:59:14 -Skipping MapperFactoryBean with name 'sysNewsMapper' and 'com.example.longecological.mapper.system.SysNewsMapper' mapperInterface. Bean already defined with the same name!
2020-06-19 13:59:14 -Skipping MapperFactoryBean with name 'sysNoticeMapper' and 'com.example.longecological.mapper.system.SysNoticeMapper' mapperInterface. Bean already defined with the same name!
2020-06-19 13:59:14 -Skipping MapperFactoryBean with name 'sysVersionMapper' and 'com.example.longecological.mapper.system.SysVersionMapper' mapperInterface. Bean already defined with the same name!
2020-06-19 13:59:14 -Skipping MapperFactoryBean with name 'test' and 'com.example.longecological.mapper.test.Test' mapperInterface. Bean already defined with the same name!
2020-06-19 13:59:14 -Skipping MapperFactoryBean with name 'traditionalPosMapper' and 'com.example.longecological.mapper.traditionalpos.TraditionalPosMapper' mapperInterface. Bean already defined with the same name!
2020-06-19 13:59:14 -Skipping MapperFactoryBean with name 'userCardInfoMapper' and 'com.example.longecological.mapper.user.UserCardInfoMapper' mapperInterface. Bean already defined with the same name!
2020-06-19 13:59:14 -Skipping MapperFactoryBean with name 'userCashRecordMapper' and 'com.example.longecological.mapper.user.UserCashRecordMapper' mapperInterface. Bean already defined with the same name!
2020-06-19 13:59:14 -Skipping MapperFactoryBean with name 'userFeedBackMapper' and 'com.example.longecological.mapper.user.UserFeedBackMapper' mapperInterface. Bean already defined with the same name!
2020-06-19 13:59:14 -Skipping MapperFactoryBean with name 'userInfoMapper' and 'com.example.longecological.mapper.user.UserInfoMapper' mapperInterface. Bean already defined with the same name!
2020-06-19 13:59:14 -Skipping MapperFactoryBean with name 'userMapper' and 'com.example.longecological.mapper.user.UserMapper' mapperInterface. Bean already defined with the same name!
2020-06-19 13:59:14 -Skipping MapperFactoryBean with name 'userRoleMapper' and 'com.example.longecological.mapper.user.UserRoleMapper' mapperInterface. Bean already defined with the same name!
2020-06-19 13:59:14 -Skipping MapperFactoryBean with name 'zhongFuBackMapper' and 'com.example.longecological.mapper.zfback.ZhongFuBackMapper' mapperInterface. Bean already defined with the same name!
2020-06-19 13:59:14 -Multiple Spring Data modules found, entering strict repository configuration mode!
2020-06-19 13:59:14 -Bootstrapping Spring Data repositories in DEFAULT mode.
2020-06-19 13:59:14 -Finished Spring Data repository scanning in 52ms. Found 0 repository interfaces.
2020-06-19 13:59:14 -Multiple Spring Data modules found, entering strict repository configuration mode!
2020-06-19 13:59:14 -Bootstrapping Spring Data repositories in DEFAULT mode.
2020-06-19 13:59:14 -Finished Spring Data repository scanning in 19ms. Found 0 repository interfaces.
2020-06-19 13:59:15 -Bean 'taskExecutorConfig' of type [com.example.longecological.config.thread.TaskExecutorConfig$$EnhancerBySpringCGLIB$$5788bd09] is not eligible for getting processed by all BeanPostProcessors (for example: not eligible for auto-proxying)
2020-06-19 13:59:15 -Bean 'org.springframework.transaction.annotation.ProxyTransactionManagementConfiguration' of type [org.springframework.transaction.annotation.ProxyTransactionManagementConfiguration$$EnhancerBySpringCGLIB$$520ca1a9] is not eligible for getting processed by all BeanPostProcessors (for example: not eligible for auto-proxying)
2020-06-19 13:59:15 -Tomcat initialized with port(s): 8080 (http)
2020-06-19 13:59:15 -Initializing ProtocolHandler ["http-nio-8080"]
2020-06-19 13:59:15 -Starting service [Tomcat]
2020-06-19 13:59:15 -Starting Servlet Engine: Apache Tomcat/9.0.13
2020-06-19 13:59:15 -The APR based Apache Tomcat Native library which allows optimal performance in production environments was not found on the java.library.path: [C:\Program Files\Java\jdk1.8.0_181\bin;C:\Windows\Sun\Java\bin;C:\Windows\system32;C:\Windows;C:\Program Files (x86)\NetSarang\Xshell 6\;C:\Python27\;C:\Python27\Scripts;C:\Program Files (x86)\NetSarang\Xftp 6\;C:\Program Files (x86)\Common Files\Oracle\Java\javapath;C:\Windows\system32;C:\Windows;C:\Windows\System32\Wbem;C:\Windows\System32\WindowsPowerShell\v1.0\;C:\Program Files (x86)\MySQL\MySQL Utilities 1.6\;C:\Program Files\TortoiseSVN\bin;C:\Program Files\Git\cmd;C:\ProgramData\chocolatey\bin;C:\Program Files\Geth;D:\360Downloads\web3j-3.6.0\bin;C:\Program Files\nodejs\;C:\Program Files\Microsoft SQL Server\120\DTS\Binn\;C:\Program Files\Microsoft SQL Server\Client SDK\ODBC\110\Tools\Binn\;C:\Program Files (x86)\Microsoft SQL Server\120\Tools\Binn\;C:\Program Files\Microsoft SQL Server\120\Tools\Binn\;C:\Program Files (x86)\Microsoft SQL Server\120\Tools\Binn\ManagementStudio\;C:\Program Files (x86)\Microsoft SQL Server\120\DTS\Binn\;C:\Program Files\Redis\;D:\360Downloads\apache-maven-3.6.1\apache-maven-3.6.1\bin;"C:\Windows\system32;C:\Windows;C:\Windows\System32\Wbem;";;C:\Program Files\python;C:\Program Files\python\Scripts;;D:\BtSoft\panel\script;C:\Users\Administrator\AppData\Local\Microsoft\WindowsApps;C:\Program Files\Microsoft VS Code\bin;D:\360Downloads\web3j-3.6.0\bin;C:\Users\Administrator\AppData\Roaming\npm;C:\Program Files\Java\jdk1.8.0_181;;.]
2020-06-19 13:59:16 -Initializing Spring embedded WebApplicationContext
2020-06-19 13:59:16 -Root WebApplicationContext: initialization completed in 2426 ms
2020-06-19 13:59:16 -Filter xssFilter was not registered (disabled)
2020-06-19 13:59:16 -HikariPool-1 - Starting...
2020-06-19 13:59:16 -HikariPool-1 - Start completed.
2020-06-19 13:59:16 -HHH000204: Processing PersistenceUnitInfo [
	name: default
	...]
2020-06-19 13:59:16 -HHH000412: Hibernate Core {5.3.7.Final}
2020-06-19 13:59:16 -HHH000206: hibernate.properties not found
2020-06-19 13:59:16 -HCANN000001: Hibernate Commons Annotations {5.0.4.Final}
2020-06-19 13:59:17 -HHH000400: Using dialect: org.hibernate.dialect.MySQL5Dialect
2020-06-19 13:59:17 -Initialized JPA EntityManagerFactory for persistence unit 'default'
2020-06-19 13:59:17 -Using default implementation for ThreadExecutor
2020-06-19 13:59:17 -Initialized Scheduler Signaller of type: class org.quartz.core.SchedulerSignalerImpl
2020-06-19 13:59:17 -Quartz Scheduler v.2.3.0 created.
2020-06-19 13:59:17 -RAMJobStore initialized.
2020-06-19 13:59:17 -Scheduler meta-data: Quartz Scheduler (v2.3.0) 'schedulerFactoryBean' with instanceId 'NON_CLUSTERED'
  Scheduler class: 'org.quartz.core.QuartzScheduler' - running locally.
  NOT STARTED.
  Currently in standby mode.
  Number of jobs executed: 0
  Using thread pool 'org.quartz.simpl.SimpleThreadPool' - with 10 threads.
  Using job-store 'org.quartz.simpl.RAMJobStore' - which does not support persistence. and is not clustered.

2020-06-19 13:59:17 -Quartz scheduler 'schedulerFactoryBean' initialized from an externally provided properties instance.
2020-06-19 13:59:17 -Quartz scheduler version: 2.3.0
2020-06-19 13:59:17 -JobFactory set to: org.springframework.scheduling.quartz.AdaptableJobFactory@5e67a490
2020-06-19 13:59:18 -STAET TaskExecutorConfig
2020-06-19 13:59:18 -Initializing ExecutorService
2020-06-19 13:59:18 -Initializing ExecutorService 'getAsyncExecutor'
2020-06-19 13:59:18 -spring.jpa.open-in-view is enabled by default. Therefore, database queries may be performed during view rendering. Explicitly configure spring.jpa.open-in-view to disable this warning
2020-06-19 13:59:18 -Cannot find template location: classpath:/templates/ (please add some templates or check your Thymeleaf configuration)
2020-06-19 13:59:19 -Initializing ExecutorService 'taskScheduler'
2020-06-19 13:59:19 -Starting Quartz Scheduler now
2020-06-19 13:59:19 -Scheduler schedulerFactoryBean_$_NON_CLUSTERED started.
2020-06-19 13:59:19 -Starting ProtocolHandler ["http-nio-8080"]
2020-06-19 13:59:19 -Using a shared selector for servlet write/read
2020-06-19 13:59:19 -Tomcat started on port(s): 8080 (http) with context path ''
2020-06-19 13:59:19 -Started LongEcologicalApplication in 6.344 seconds (JVM running for 7.659)
2020-06-19 14:01:26 -Initializing Spring DispatcherServlet 'dispatcherServlet'
2020-06-19 14:01:26 -Initializing Servlet 'dispatcherServlet'
2020-06-19 14:01:26 -Completed initialization in 24 ms
2020-06-19 14:01:26 -此处进行解密+验签+身份验证
2020-06-19 14:01:26 -此处进行解密+验签+身份验证
2020-06-19 14:01:26 -Map com.example.longecological.service.user.impl.UserInfoCacheServiceImpl.getUserFreezeCacheById(String) enable cache service,cacheKey:zfpay_user_freeze_181
2020-06-19 14:01:26 -Map com.example.longecological.service.user.impl.UserInfoCacheServiceImpl.getUserFreezeCacheById(String) enable cache service,cacheKey:zfpay_user_freeze_181
2020-06-19 14:01:27 -Starting without optional epoll library
2020-06-19 14:01:27 -Starting without optional kqueue library
2020-06-19 14:01:28 -Map com.example.longecological.service.user.impl.UserInfoCacheServiceImpl.getUserFreezeCacheById(String) enable cache service,has cacheKey:zfpay_user_freeze_181 , return
2020-06-19 14:01:28 -Map com.example.longecological.service.user.impl.UserInfoCacheServiceImpl.getUserFreezeCacheById(String) enable cache service,has cacheKey:zfpay_user_freeze_181 , return
2020-06-19 14:01:28 -请求地址 : http://192.168.191.1:8080/api/sys/notice/getUnReadNews
2020-06-19 14:01:28 -请求地址 : http://192.168.191.1:8080/api/user/info/getUserNewInfo
2020-06-19 14:01:28 -Map com.example.longecological.service.user.impl.UserInfoCacheServiceImpl.getUserInfoCacheById(String) enable cache service,cacheKey:zfpay_user_info_id_181
2020-06-19 14:01:28 -Map com.example.longecological.service.user.impl.UserInfoCacheServiceImpl.getUserInfoCacheById(String) enable cache service,has cacheKey:zfpay_user_info_id_181 , return
2020-06-19 14:01:28 -==>  Preparing: SELECT money, settle_money, deduct_money, today_benefit, total_benefit, settle_single_feet_money, single_rate_feet_money FROM t_user_info WHERE id = ? 
2020-06-19 14:01:28 -==>  Preparing: select sum(cnt) from (select count(*) as cnt from t_user_apply_cardrate_trapos_record_info where user_id = ? and status in('08','09') union select count(*) as cnt from t_user_apply_cardrate_mpos_record_info where user_id = ? and status in('08','09')) t 
2020-06-19 14:01:28 -==> Parameters: 181(String), 181(String)
2020-06-19 14:01:28 -==> Parameters: 181(String)
2020-06-19 14:01:28 -<==      Total: 1
2020-06-19 14:01:28 -耗时 : 47
2020-06-19 14:01:28 -此处进行解密+验签+身份验证
2020-06-19 14:01:28 -Map com.example.longecological.service.user.impl.UserInfoCacheServiceImpl.getUserFreezeCacheById(String) enable cache service,cacheKey:zfpay_user_freeze_181
2020-06-19 14:01:28 -<==      Total: 1
2020-06-19 14:01:28 -==>  Preparing: select * from t_news_read_state where news_type=? and user_id=? 
2020-06-19 14:01:28 -==> Parameters: applyRateFlag(String), 181(String)
2020-06-19 14:01:28 -Map com.example.longecological.service.user.impl.UserInfoCacheServiceImpl.getUserFreezeCacheById(String) enable cache service,has cacheKey:zfpay_user_freeze_181 , return
2020-06-19 14:01:28 -请求地址 : http://192.168.191.1:8080/api/user/info/getUserAuthStatus
2020-06-19 14:01:28 -==>  Preparing: select auth_status,id_card, card_photo, real_name, auth_remark,label from t_user_info where id = ? 
2020-06-19 14:01:28 -==> Parameters: 181(String)
2020-06-19 14:01:28 -<==      Total: 2
2020-06-19 14:01:28 -==>  Preparing: update t_news_read_state set pre_unread_num=?,unread_num=? where user_id=? and news_type=? 
2020-06-19 14:01:28 -==> Parameters: 7(Integer), 7(Integer), 181(String), applyRateFlag(String)
2020-06-19 14:01:28 -<==    Updates: 2
2020-06-19 14:01:28 -==>  Preparing: select sum(cnt) from (SELECT count(*) as cnt FROM t_user_trapos_recall_record_info WHERE acce_user_id = ? AND status = '00' union SELECT count(*) as cnt FROM t_user_mpos_recall_record_info WHERE acce_user_id = ? AND status = '00') t 
2020-06-19 14:01:28 -==> Parameters: 181(String), 181(String)
2020-06-19 14:01:28 -<==      Total: 1
2020-06-19 14:01:28 -==>  Preparing: select * from t_news_read_state where news_type=? and user_id=? 
2020-06-19 14:01:28 -==> Parameters: recallFlag(String), 181(String)
2020-06-19 14:01:28 -<==      Total: 1
2020-06-19 14:01:28 -==>  Preparing: update t_news_read_state set pre_unread_num=?,unread_num=? where user_id=? and news_type=? 
2020-06-19 14:01:28 -==> Parameters: 0(Integer), 0(Integer), 181(String), recallFlag(String)
2020-06-19 14:01:28 -<==    Updates: 1
2020-06-19 14:01:28 -==>  Preparing: select count(*) as cnt from t_sys_money_locker_college_info 
2020-06-19 14:01:28 -==> Parameters: 
2020-06-19 14:01:28 -<==      Total: 1
2020-06-19 14:01:28 -==>  Preparing: select * from t_news_read_state where news_type=? and user_id=? 
2020-06-19 14:01:28 -UserInfoServiceImpl -- getUserAuthStatus方法处理异常：
### Error querying database.  Cause: com.mysql.jdbc.exceptions.jdbc4.MySQLSyntaxErrorException: Unknown column 'label' in 'field list'
### The error may exist in file [D:\javaSVN\zf2_qh\zfPayOver\target\classes\mapper\user\UserInfoMapper.xml]
### The error may involve com.example.longecological.mapper.user.UserInfoMapper.getUserAuthStatus-Inline
### The error occurred while setting parameters
### SQL: select     auth_status,id_card, card_photo, real_name, auth_remark,label    from t_user_info    where id = ?
### Cause: com.mysql.jdbc.exceptions.jdbc4.MySQLSyntaxErrorException: Unknown column 'label' in 'field list'
; bad SQL grammar []; nested exception is com.mysql.jdbc.exceptions.jdbc4.MySQLSyntaxErrorException: Unknown column 'label' in 'field list'
	at org.springframework.jdbc.support.SQLErrorCodeSQLExceptionTranslator.doTranslate(SQLErrorCodeSQLExceptionTranslator.java:234)
	at org.springframework.jdbc.support.AbstractFallbackSQLExceptionTranslator.translate(AbstractFallbackSQLExceptionTranslator.java:72)
	at org.mybatis.spring.MyBatisExceptionTranslator.translateExceptionIfPossible(MyBatisExceptionTranslator.java:73)
	at org.mybatis.spring.SqlSessionTemplate$SqlSessionInterceptor.invoke(SqlSessionTemplate.java:446)
	at com.sun.proxy.$Proxy103.selectOne(Unknown Source)
	at org.mybatis.spring.SqlSessionTemplate.selectOne(SqlSessionTemplate.java:166)
	at org.apache.ibatis.binding.MapperMethod.execute(MapperMethod.java:83)
	at org.apache.ibatis.binding.MapperProxy.invoke(MapperProxy.java:59)
	at com.sun.proxy.$Proxy104.getUserAuthStatus(Unknown Source)
	at com.example.longecological.service.user.impl.UserInfoServiceImpl.getUserAuthStatus(UserInfoServiceImpl.java:309)
	at com.example.longecological.service.user.impl.UserInfoServiceImpl$$FastClassBySpringCGLIB$$2353ffaf.invoke(<generated>)
	at org.springframework.cglib.proxy.MethodProxy.invoke(MethodProxy.java:218)
	at org.springframework.aop.framework.CglibAopProxy$DynamicAdvisedInterceptor.intercept(CglibAopProxy.java:684)
	at com.example.longecological.service.user.impl.UserInfoServiceImpl$$EnhancerBySpringCGLIB$$f86204de.getUserAuthStatus(<generated>)
	at com.example.longecological.controller.user.UserInfoController.getUserAuthStatus(UserInfoController.java:98)
	at com.example.longecological.controller.user.UserInfoController$$FastClassBySpringCGLIB$$961f520f.invoke(<generated>)
	at org.springframework.cglib.proxy.MethodProxy.invoke(MethodProxy.java:218)
	at org.springframework.aop.framework.CglibAopProxy$CglibMethodInvocation.invokeJoinpoint(CglibAopProxy.java:749)
	at org.springframework.aop.framework.ReflectiveMethodInvocation.proceed(ReflectiveMethodInvocation.java:163)
	at org.springframework.aop.framework.adapter.MethodBeforeAdviceInterceptor.invoke(MethodBeforeAdviceInterceptor.java:56)
	at org.springframework.aop.framework.ReflectiveMethodInvocation.proceed(ReflectiveMethodInvocation.java:186)
	at org.springframework.aop.aspectj.MethodInvocationProceedingJoinPoint.proceed(MethodInvocationProceedingJoinPoint.java:88)
	at com.example.longecological.aspect.WebLogAspect.doAround(WebLogAspect.java:53)
	at sun.reflect.NativeMethodAccessorImpl.invoke0(Native Method)
	at sun.reflect.NativeMethodAccessorImpl.invoke(NativeMethodAccessorImpl.java:62)
	at sun.reflect.DelegatingMethodAccessorImpl.invoke(DelegatingMethodAccessorImpl.java:43)
	at java.lang.reflect.Method.invoke(Method.java:498)
	at org.springframework.aop.aspectj.AbstractAspectJAdvice.invokeAdviceMethodWithGivenArgs(AbstractAspectJAdvice.java:644)
	at org.springframework.aop.aspectj.AbstractAspectJAdvice.invokeAdviceMethod(AbstractAspectJAdvice.java:633)
	at org.springframework.aop.aspectj.AspectJAroundAdvice.invoke(AspectJAroundAdvice.java:70)
	at org.springframework.aop.framework.ReflectiveMethodInvocation.proceed(ReflectiveMethodInvocation.java:186)
	at org.springframework.aop.framework.adapter.AfterReturningAdviceInterceptor.invoke(AfterReturningAdviceInterceptor.java:55)
	at org.springframework.aop.framework.ReflectiveMethodInvocation.proceed(ReflectiveMethodInvocation.java:186)
	at org.springframework.aop.interceptor.ExposeInvocationInterceptor.invoke(ExposeInvocationInterceptor.java:93)
	at org.springframework.aop.framework.ReflectiveMethodInvocation.proceed(ReflectiveMethodInvocation.java:186)
	at org.springframework.aop.framework.CglibAopProxy$DynamicAdvisedInterceptor.intercept(CglibAopProxy.java:688)
	at com.example.longecological.controller.user.UserInfoController$$EnhancerBySpringCGLIB$$de0c0008.getUserAuthStatus(<generated>)
	at sun.reflect.NativeMethodAccessorImpl.invoke0(Native Method)
	at sun.reflect.NativeMethodAccessorImpl.invoke(NativeMethodAccessorImpl.java:62)
	at sun.reflect.DelegatingMethodAccessorImpl.invoke(DelegatingMethodAccessorImpl.java:43)
	at java.lang.reflect.Method.invoke(Method.java:498)
	at org.springframework.web.method.support.InvocableHandlerMethod.doInvoke(InvocableHandlerMethod.java:189)
	at org.springframework.web.method.support.InvocableHandlerMethod.invokeForRequest(InvocableHandlerMethod.java:138)
	at org.springframework.web.servlet.mvc.method.annotation.ServletInvocableHandlerMethod.invokeAndHandle(ServletInvocableHandlerMethod.java:102)
	at org.springframework.web.servlet.mvc.method.annotation.RequestMappingHandlerAdapter.invokeHandlerMethod(RequestMappingHandlerAdapter.java:895)
	at org.springframework.web.servlet.mvc.method.annotation.RequestMappingHandlerAdapter.handleInternal(RequestMappingHandlerAdapter.java:800)
	at org.springframework.web.servlet.mvc.method.AbstractHandlerMethodAdapter.handle(AbstractHandlerMethodAdapter.java:87)
	at org.springframework.web.servlet.DispatcherServlet.doDispatch(DispatcherServlet.java:1038)
	at org.springframework.web.servlet.DispatcherServlet.doService(DispatcherServlet.java:942)
	at org.springframework.web.servlet.FrameworkServlet.processRequest(FrameworkServlet.java:1005)
	at org.springframework.web.servlet.FrameworkServlet.doPost(FrameworkServlet.java:908)
	at javax.servlet.http.HttpServlet.service(HttpServlet.java:660)
	at org.springframework.web.servlet.FrameworkServlet.service(FrameworkServlet.java:882)
	at javax.servlet.http.HttpServlet.service(HttpServlet.java:741)
	at org.apache.catalina.core.ApplicationFilterChain.internalDoFilter(ApplicationFilterChain.java:231)
	at org.apache.catalina.core.ApplicationFilterChain.doFilter(ApplicationFilterChain.java:166)
	at org.apache.tomcat.websocket.server.WsFilter.doFilter(WsFilter.java:53)
	at org.apache.catalina.core.ApplicationFilterChain.internalDoFilter(ApplicationFilterChain.java:193)
	at org.apache.catalina.core.ApplicationFilterChain.doFilter(ApplicationFilterChain.java:166)
	at org.springframework.web.filter.RequestContextFilter.doFilterInternal(RequestContextFilter.java:99)
	at org.springframework.web.filter.OncePerRequestFilter.doFilter(OncePerRequestFilter.java:107)
	at org.apache.catalina.core.ApplicationFilterChain.internalDoFilter(ApplicationFilterChain.java:193)
	at org.apache.catalina.core.ApplicationFilterChain.doFilter(ApplicationFilterChain.java:166)
	at org.springframework.web.filter.FormContentFilter.doFilterInternal(FormContentFilter.java:92)
	at org.springframework.web.filter.OncePerRequestFilter.doFilter(OncePerRequestFilter.java:107)
	at org.apache.catalina.core.ApplicationFilterChain.internalDoFilter(ApplicationFilterChain.java:193)
	at org.apache.catalina.core.ApplicationFilterChain.doFilter(ApplicationFilterChain.java:166)
	at org.springframework.web.filter.HiddenHttpMethodFilter.doFilterInternal(HiddenHttpMethodFilter.java:93)
	at org.springframework.web.filter.OncePerRequestFilter.doFilter(OncePerRequestFilter.java:107)
	at org.apache.catalina.core.ApplicationFilterChain.internalDoFilter(ApplicationFilterChain.java:193)
	at org.apache.catalina.core.ApplicationFilterChain.doFilter(ApplicationFilterChain.java:166)
	at org.springframework.web.filter.CharacterEncodingFilter.doFilterInternal(CharacterEncodingFilter.java:200)
	at org.springframework.web.filter.OncePerRequestFilter.doFilter(OncePerRequestFilter.java:107)
	at org.apache.catalina.core.ApplicationFilterChain.internalDoFilter(ApplicationFilterChain.java:193)
	at org.apache.catalina.core.ApplicationFilterChain.doFilter(ApplicationFilterChain.java:166)
	at org.apache.catalina.core.StandardWrapperValve.invoke(StandardWrapperValve.java:199)
	at org.apache.catalina.core.StandardContextValve.invoke(StandardContextValve.java:96)
	at org.apache.catalina.authenticator.AuthenticatorBase.invoke(AuthenticatorBase.java:490)
	at org.apache.catalina.core.StandardHostValve.invoke(StandardHostValve.java:139)
	at org.apache.catalina.valves.ErrorReportValve.invoke(ErrorReportValve.java:92)
	at org.apache.catalina.core.StandardEngineValve.invoke(StandardEngineValve.java:74)
	at org.apache.catalina.connector.CoyoteAdapter.service(CoyoteAdapter.java:343)
	at org.apache.coyote.http11.Http11Processor.service(Http11Processor.java:408)
	at org.apache.coyote.AbstractProcessorLight.process(AbstractProcessorLight.java:66)
	at org.apache.coyote.AbstractProtocol$ConnectionHandler.process(AbstractProtocol.java:791)
	at org.apache.tomcat.util.net.NioEndpoint$SocketProcessor.doRun(NioEndpoint.java:1417)
	at org.apache.tomcat.util.net.SocketProcessorBase.run(SocketProcessorBase.java:49)
	at java.util.concurrent.ThreadPoolExecutor.runWorker(ThreadPoolExecutor.java:1149)
	at java.util.concurrent.ThreadPoolExecutor$Worker.run(ThreadPoolExecutor.java:624)
	at org.apache.tomcat.util.threads.TaskThread$WrappingRunnable.run(TaskThread.java:61)
	at java.lang.Thread.run(Thread.java:748)

2020-06-19 14:01:28 -==> Parameters: collegeFlag(String), 181(String)
2020-06-19 14:01:28 -耗时 : 66
2020-06-19 14:01:28 -<==      Total: 1
2020-06-19 14:01:28 -==>  Preparing: update t_news_read_state set pre_unread_num=?,unread_num=? where user_id=? and news_type=? 
2020-06-19 14:01:28 -==> Parameters: 25(Integer), 25(Integer), 181(String), collegeFlag(String)
2020-06-19 14:01:28 -<==    Updates: 1
2020-06-19 14:01:28 -==>  Preparing: select sum(cnt) from (select count(*) as cnt from t_user_apply_cardrate_trapos_record_info where user_id = ? and status in('08','09') union select count(*) as cnt from t_user_apply_cardrate_mpos_record_info where user_id = ? and status in('08','09')) t 
2020-06-19 14:01:28 -==> Parameters: 181(String), 181(String)
2020-06-19 14:01:28 -<==      Total: 1
2020-06-19 14:01:28 -==>  Preparing: select * from t_news_read_state where news_type=? and user_id=? 
2020-06-19 14:01:28 -==> Parameters: cardFlag(String), 181(String)
2020-06-19 14:01:28 -<==      Total: 1
2020-06-19 14:01:28 -==>  Preparing: update t_news_read_state set pre_unread_num=?,unread_num=? where user_id=? and news_type=? 
2020-06-19 14:01:28 -==> Parameters: 7(Integer), 7(Integer), 181(String), cardFlag(String)
2020-06-19 14:01:28 -<==    Updates: 1
2020-06-19 14:01:28 -==>  Preparing: select * from t_news_read_state where news_type=? and user_id=? 
2020-06-19 14:01:28 -==> Parameters: appImgFlag(String), 181(String)
2020-06-19 14:01:28 -<==      Total: 41
2020-06-19 14:01:28 -==>  Preparing: select * from t_news_read_state where news_type=? and user_id=? 
2020-06-19 14:01:28 -==> Parameters: cashFlag(String), 181(String)
2020-06-19 14:01:28 -<==      Total: 0
2020-06-19 14:01:28 -==>  Preparing: insert into t_news_read_state(user_id,news_type,pre_unread_num,unread_num,manager_id) values(?,?,?,?,?) 
2020-06-19 14:01:28 -==> Parameters: 181(String), appImgFlag(String), 0(Integer), 0(Integer), 26(String)
2020-06-19 14:01:28 -<==    Updates: 1
2020-06-19 14:01:28 -耗时 : 217
2020-06-19 14:01:28 -此处进行解密+验签+身份验证
2020-06-19 14:01:28 -Map com.example.longecological.service.user.impl.UserInfoCacheServiceImpl.getUserFreezeCacheById(String) enable cache service,cacheKey:zfpay_user_freeze_181
2020-06-19 14:01:28 -Map com.example.longecological.service.user.impl.UserInfoCacheServiceImpl.getUserFreezeCacheById(String) enable cache service,has cacheKey:zfpay_user_freeze_181 , return
2020-06-19 14:01:28 -请求地址 : http://192.168.191.1:8080/api/sys/reportforms/getHomePageInfo
2020-06-19 14:01:28 -==>  Preparing: SELECT cast(IFNULL(truncate((t1.performance/t.trade_num),2),0) as char) as pos_avg, cast(t.trade_num as char) as pos_num, cast(IFNULL(t1.performance,0.00) as char) as performance, cast(IFNULL(t1.merchant_trade_num+t1.agency_trade_num,0) as char) as act_num FROM (select * from t_summary_user_traditional_pos_benefit_all t where t.pos_type is null ) t LEFT JOIN (select * from t_summary_user_traditional_pos_benefit_month t where t.pos_type is null) t1 ON t.user_id = t1.user_id AND t1.cre_month = ? WHERE t.user_id = ? 
2020-06-19 14:01:28 -==> Parameters: 202006(String), 181(String)
2020-06-19 14:01:28 -<==      Total: 1
2020-06-19 14:01:28 -==>  Preparing: select IFNULL(cast(merchant_trade_num+agency_trade_num as char),'0') as act_num_day from t_summary_user_traditional_pos_benefit_everyday where user_id=? and pos_type is null and cre_date=CURRENT_DATE 
2020-06-19 14:01:28 -==> Parameters: 181(String)
2020-06-19 14:01:28 -<==      Total: 0
2020-06-19 14:01:28 -==>  Preparing: SELECT cast(IFNULL(truncate((t1.performance/t.trade_num),2),0) as char) as pos_avg, cast(t.trade_num as char) as pos_num, cast(IFNULL(t1.performance,0.00) as char) as performance, cast(IFNULL(t1.merchant_trade_num+t1.agency_trade_num,0) as char) as act_num FROM t_summary_user_mpos_benefit_all t LEFT JOIN t_summary_user_mpos_benefit_month t1 ON t.user_id = t1.user_id AND t1.cre_month = ? WHERE t.user_id = ? 
2020-06-19 14:01:28 -==> Parameters: 202006(String), 181(String)
2020-06-19 14:01:28 -<==      Total: 1
2020-06-19 14:01:28 -==>  Preparing: select IFNULL(cast(merchant_trade_num+agency_trade_num as char),'0') as act_num_day from t_summary_user_mpos_benefit_everyday where user_id=? and cre_date=CURRENT_DATE 
2020-06-19 14:01:28 -==> Parameters: 181(String)
2020-06-19 14:01:28 -<==      Total: 0
2020-06-19 14:01:28 -==>  Preparing: SELECT cast(IFNULL(truncate((t1.performance/t.trade_num),2),0) as char) as pos_avg, cast(t.trade_num as char) as pos_num, cast(IFNULL(t1.performance,0.00) as char) as performance, cast(IFNULL(t1.merchant_trade_num+t1.agency_trade_num,0) as char) as act_num FROM (select * from t_summary_user_traditional_pos_benefit_all t where t.pos_type='epos' ) t LEFT JOIN (select * from t_summary_user_traditional_pos_benefit_month t where t.pos_type='epos') t1 ON t.user_id = t1.user_id AND t1.cre_month = ? WHERE t.user_id = ? 
2020-06-19 14:01:28 -==> Parameters: 202006(String), 181(String)
2020-06-19 14:01:28 -<==      Total: 1
2020-06-19 14:01:28 -==>  Preparing: select IFNULL(cast(merchant_trade_num+agency_trade_num as char),'0') as act_num_day from t_summary_user_traditional_pos_benefit_everyday where user_id=? and pos_type='epos' and cre_date=CURRENT_DATE 
2020-06-19 14:01:28 -==> Parameters: 181(String)
2020-06-19 14:01:28 -<==      Total: 0
2020-06-19 14:01:28 -耗时 : 58
2020-06-19 14:01:37 -此处进行解密+验签+身份验证
2020-06-19 14:01:37 -Map com.example.longecological.service.user.impl.UserInfoCacheServiceImpl.getUserFreezeCacheById(String) enable cache service,cacheKey:zfpay_user_freeze_181
2020-06-19 14:01:37 -Map com.example.longecological.service.user.impl.UserInfoCacheServiceImpl.getUserFreezeCacheById(String) enable cache service,has cacheKey:zfpay_user_freeze_181 , return
2020-06-19 14:01:37 -请求地址 : http://192.168.191.1:8080/api/sys/benefitcentre/getHeaderInformation
2020-06-19 14:01:37 -==>  Preparing: SELECT cast(today_benefit as char) as today_benefit, cast(money as char) AS withdraw_money, cast(settle_money as char) as settle_money, cast(total_benefit as char) as total_benefit FROM t_user_info WHERE id = ? 
2020-06-19 14:01:37 -==> Parameters: 181(String)
2020-06-19 14:01:37 -<==      Total: 1
2020-06-19 14:01:37 -耗时 : 6
2020-06-19 14:01:37 -此处进行解密+验签+身份验证
2020-06-19 14:01:37 -Map com.example.longecological.service.user.impl.UserInfoCacheServiceImpl.getUserFreezeCacheById(String) enable cache service,cacheKey:zfpay_user_freeze_181
2020-06-19 14:01:37 -Map com.example.longecological.service.user.impl.UserInfoCacheServiceImpl.getUserFreezeCacheById(String) enable cache service,has cacheKey:zfpay_user_freeze_181 , return
2020-06-19 14:01:37 -请求地址 : http://192.168.191.1:8080/api/sys/benefitcentre/getBenefitCentreMposDetail
2020-06-19 14:01:37 -==>  Preparing: SELECT cast(benefit as char) benefit, cast(merchant_benefit as char) as merchant_benefit, cast(agency_benefit as char) as agency_benefit, cast(( share_benefit + single_benefit ) as char) AS share_benefit, cast(return_benefit as char) as return_benefit, cast(activity_benefit as char) as activity_benefit, cast(deduct_money as char) as deduct_money FROM t_summary_user_mpos_benefit_month WHERE user_id = ? and cre_month = ? 
2020-06-19 14:01:37 -==> Parameters: 181(String), 202006(String)
2020-06-19 14:01:37 -<==      Total: 1
2020-06-19 14:01:37 -耗时 : 5
2020-06-19 14:01:37 -此处进行解密+验签+身份验证
2020-06-19 14:01:37 -Map com.example.longecological.service.user.impl.UserInfoCacheServiceImpl.getUserFreezeCacheById(String) enable cache service,cacheKey:zfpay_user_freeze_181
2020-06-19 14:01:37 -此处进行解密+验签+身份验证
2020-06-19 14:01:37 -Map com.example.longecological.service.user.impl.UserInfoCacheServiceImpl.getUserFreezeCacheById(String) enable cache service,has cacheKey:zfpay_user_freeze_181 , return
2020-06-19 14:01:37 -Map com.example.longecological.service.user.impl.UserInfoCacheServiceImpl.getUserFreezeCacheById(String) enable cache service,cacheKey:zfpay_user_freeze_181
2020-06-19 14:01:37 -Map com.example.longecological.service.user.impl.UserInfoCacheServiceImpl.getUserFreezeCacheById(String) enable cache service,has cacheKey:zfpay_user_freeze_181 , return
2020-06-19 14:01:37 -请求地址 : http://192.168.191.1:8080/api/sys/benefitcentre/getBenefitCentreTraditionalPosDetail
2020-06-19 14:01:37 -请求地址 : http://192.168.191.1:8080/api/sys/benefitcentre/getBenefitCentreTraditionalPosDetail
2020-06-19 14:01:37 -==>  Preparing: SELECT cast(benefit as char) benefit, cast(merchant_benefit as char) as merchant_benefit, cast(agency_benefit as char) as agency_benefit, cast(( share_benefit + single_benefit ) as char) AS share_benefit, cast(return_benefit as char) as return_benefit, cast(activity_benefit as char) as activity_benefit, cast(deduct_money as char) as deduct_money FROM t_summary_user_traditional_pos_benefit_month WHERE user_id = ? and cre_month = ? and pos_type is null 
2020-06-19 14:01:37 -==> Parameters: 181(String), 202006(String)
2020-06-19 14:01:37 -<==      Total: 1
2020-06-19 14:01:37 -耗时 : 33
2020-06-19 14:01:37 -==>  Preparing: SELECT cast(benefit as char) benefit, cast(merchant_benefit as char) as merchant_benefit, cast(agency_benefit as char) as agency_benefit, cast(( share_benefit + single_benefit ) as char) AS share_benefit, cast(return_benefit as char) as return_benefit, cast(activity_benefit as char) as activity_benefit, cast(deduct_money as char) as deduct_money FROM t_summary_user_traditional_pos_benefit_month WHERE user_id = ? and cre_month = ? and pos_type='epos' 
2020-06-19 14:01:37 -==> Parameters: 181(String), 202006(String)
2020-06-19 14:01:37 -<==      Total: 1
2020-06-19 14:01:37 -耗时 : 35
2020-06-19 14:01:47 -此处进行解密+验签+身份验证
2020-06-19 14:01:47 -请求地址 : http://192.168.191.1:8080/api/user/login/userLogOut
2020-06-19 14:01:47 -token值=======181|1L1AV9E9OK7A7LSAQZZO95OBV09VTPSK
2020-06-19 14:01:47 -==>  Preparing: update t_user_info set device_token=? where id=? 
2020-06-19 14:01:47 -==> Parameters: null, 181(String)
2020-06-19 14:01:47 -<==    Updates: 1
2020-06-19 14:01:47 -耗时 : 76
2020-06-19 14:02:00 -此处进行解密+验签+身份验证
2020-06-19 14:02:00 -请求地址 : http://192.168.191.1:8080/api/common/imgCode/createImgCode
2020-06-19 14:02:00 -耗时 : 338
2020-06-19 14:02:57 -此处进行解密+验签+身份验证
2020-06-19 14:02:57 -请求地址 : http://192.168.191.1:8080/api/sys/version/getNewVersion
2020-06-19 14:02:57 -此处进行解密+验签+身份验证
2020-06-19 14:02:57 -Map com.example.longecological.service.system.impl.SysVersionCacheServiceImpl.getNewVersion(Map) enable cache service,cacheKey:zfpay_sys_version_info_new_android
2020-06-19 14:02:57 -Map com.example.longecological.service.system.impl.SysVersionCacheServiceImpl.getNewVersion(Map) enable cache service,has cacheKey:zfpay_sys_version_info_new_android , return
2020-06-19 14:02:57 -耗时 : 23
2020-06-19 14:02:58 -解密：
2020-06-19 14:02:58 -请求地址 : http://192.168.191.1:8080/api/sys/appImg/getAppImgList
2020-06-19 14:02:58 -==>  Preparing: SELECT id, img_type, (case when ?='04' then concat('http://cdn.szbypos.com/',img_url) else img_url end) as img_url FROM t_sys_app_img where img_type=? ORDER BY order_num desc 
2020-06-19 14:02:58 -==> Parameters: 04(String), 04(String)
2020-06-19 14:02:58 -<==      Total: 1
2020-06-19 14:02:58 -耗时 : 13
2020-06-19 14:03:05 -此处进行解密+验签+身份验证
2020-06-19 14:03:05 -请求地址 : http://192.168.191.1:8080/api/common/imgCode/createImgCode
2020-06-19 14:03:05 -耗时 : 12
