2020-04-02 09:37:06 -Starting LongEcologicalApplication on PC-201905161910 with PID 7188 (D:\javaSVN\zf2_qh\zfPayOver\target\classes started by Administrator in D:\javaSVN\zf2_qh\zfPayOver)
2020-04-02 09:37:06 -Running with Spring Boot v2.1.1.RELEASE, Spring v5.1.3.RELEASE
2020-04-02 09:37:06 -No active profile set, falling back to default profiles: default
2020-04-02 09:37:07 -Skipping MapperFactoryBean with name 'onlineActivityMapper' and 'com.example.longecological.mapper.activity.OnlineActivityMapper' mapperInterface. Bean already defined with the same name!
2020-04-02 09:37:07 -Skipping MapperFactoryBean with name 'benefitCentreMapper' and 'com.example.longecological.mapper.benefitcentre.BenefitCentreMapper' mapperInterface. Bean already defined with the same name!
2020-04-02 09:37:07 -Skipping MapperFactoryBean with name 'sysParamMapper' and 'com.example.longecological.mapper.common.SysParamMapper' mapperInterface. Bean already defined with the same name!
2020-04-02 09:37:07 -Skipping MapperFactoryBean with name 'sysParamRateMapper' and 'com.example.longecological.mapper.common.SysParamRateMapper' mapperInterface. Bean already defined with the same name!
2020-04-02 09:37:07 -Skipping MapperFactoryBean with name 'verifyRecordMapper' and 'com.example.longecological.mapper.common.VerifyRecordMapper' mapperInterface. Bean already defined with the same name!
2020-04-02 09:37:07 -Skipping MapperFactoryBean with name 'machinesManageMapper' and 'com.example.longecological.mapper.machines.MachinesManageMapper' mapperInterface. Bean already defined with the same name!
2020-04-02 09:37:07 -Skipping MapperFactoryBean with name 'merchantManageMapper' and 'com.example.longecological.mapper.merchant.MerchantManageMapper' mapperInterface. Bean already defined with the same name!
2020-04-02 09:37:07 -Skipping MapperFactoryBean with name 'messageMapper' and 'com.example.longecological.mapper.message.MessageMapper' mapperInterface. Bean already defined with the same name!
2020-04-02 09:37:07 -Skipping MapperFactoryBean with name 'moneyLockerCollegeMapper' and 'com.example.longecological.mapper.moneylocker.MoneyLockerCollegeMapper' mapperInterface. Bean already defined with the same name!
2020-04-02 09:37:07 -Skipping MapperFactoryBean with name 'mposMapper' and 'com.example.longecological.mapper.mpos.MposMapper' mapperInterface. Bean already defined with the same name!
2020-04-02 09:37:07 -Skipping MapperFactoryBean with name 'scheduleJobMapper' and 'com.example.longecological.mapper.quartz.ScheduleJobMapper' mapperInterface. Bean already defined with the same name!
2020-04-02 09:37:07 -Skipping MapperFactoryBean with name 'creditCardRatesApplyMapper' and 'com.example.longecological.mapper.ratesmanage.CreditCardRatesApplyMapper' mapperInterface. Bean already defined with the same name!
2020-04-02 09:37:07 -Skipping MapperFactoryBean with name 'reportFormsMapper' and 'com.example.longecological.mapper.reportforms.ReportFormsMapper' mapperInterface. Bean already defined with the same name!
2020-04-02 09:37:07 -Skipping MapperFactoryBean with name 'sysAppImgMapper' and 'com.example.longecological.mapper.system.SysAppImgMapper' mapperInterface. Bean already defined with the same name!
2020-04-02 09:37:07 -Skipping MapperFactoryBean with name 'sysBankInfoMapper' and 'com.example.longecological.mapper.system.SysBankInfoMapper' mapperInterface. Bean already defined with the same name!
2020-04-02 09:37:07 -Skipping MapperFactoryBean with name 'sysExchangeUrlMapper' and 'com.example.longecological.mapper.system.SysExchangeUrlMapper' mapperInterface. Bean already defined with the same name!
2020-04-02 09:37:07 -Skipping MapperFactoryBean with name 'sysNewsMapper' and 'com.example.longecological.mapper.system.SysNewsMapper' mapperInterface. Bean already defined with the same name!
2020-04-02 09:37:07 -Skipping MapperFactoryBean with name 'sysNoticeMapper' and 'com.example.longecological.mapper.system.SysNoticeMapper' mapperInterface. Bean already defined with the same name!
2020-04-02 09:37:07 -Skipping MapperFactoryBean with name 'sysVersionMapper' and 'com.example.longecological.mapper.system.SysVersionMapper' mapperInterface. Bean already defined with the same name!
2020-04-02 09:37:07 -Skipping MapperFactoryBean with name 'test' and 'com.example.longecological.mapper.test.Test' mapperInterface. Bean already defined with the same name!
2020-04-02 09:37:07 -Skipping MapperFactoryBean with name 'traditionalPosMapper' and 'com.example.longecological.mapper.traditionalpos.TraditionalPosMapper' mapperInterface. Bean already defined with the same name!
2020-04-02 09:37:07 -Skipping MapperFactoryBean with name 'userCardInfoMapper' and 'com.example.longecological.mapper.user.UserCardInfoMapper' mapperInterface. Bean already defined with the same name!
2020-04-02 09:37:07 -Skipping MapperFactoryBean with name 'userCashRecordMapper' and 'com.example.longecological.mapper.user.UserCashRecordMapper' mapperInterface. Bean already defined with the same name!
2020-04-02 09:37:07 -Skipping MapperFactoryBean with name 'userFeedBackMapper' and 'com.example.longecological.mapper.user.UserFeedBackMapper' mapperInterface. Bean already defined with the same name!
2020-04-02 09:37:07 -Skipping MapperFactoryBean with name 'userInfoMapper' and 'com.example.longecological.mapper.user.UserInfoMapper' mapperInterface. Bean already defined with the same name!
2020-04-02 09:37:07 -Skipping MapperFactoryBean with name 'zhongFuBackMapper' and 'com.example.longecological.mapper.zfback.ZhongFuBackMapper' mapperInterface. Bean already defined with the same name!
2020-04-02 09:37:08 -Multiple Spring Data modules found, entering strict repository configuration mode!
2020-04-02 09:37:08 -Bootstrapping Spring Data repositories in DEFAULT mode.
2020-04-02 09:37:08 -Finished Spring Data repository scanning in 109ms. Found 0 repository interfaces.
2020-04-02 09:37:08 -Multiple Spring Data modules found, entering strict repository configuration mode!
2020-04-02 09:37:08 -Bootstrapping Spring Data repositories in DEFAULT mode.
2020-04-02 09:37:08 -Finished Spring Data repository scanning in 50ms. Found 0 repository interfaces.
2020-04-02 09:37:08 -Bean 'taskExecutorConfig' of type [com.example.longecological.config.thread.TaskExecutorConfig$$EnhancerBySpringCGLIB$$ee21ad1] is not eligible for getting processed by all BeanPostProcessors (for example: not eligible for auto-proxying)
2020-04-02 09:37:08 -Bean 'org.springframework.transaction.annotation.ProxyTransactionManagementConfiguration' of type [org.springframework.transaction.annotation.ProxyTransactionManagementConfiguration$$EnhancerBySpringCGLIB$$965ff71] is not eligible for getting processed by all BeanPostProcessors (for example: not eligible for auto-proxying)
2020-04-02 09:37:09 -Tomcat initialized with port(s): 8080 (http)
2020-04-02 09:37:09 -Initializing ProtocolHandler ["http-nio-8080"]
2020-04-02 09:37:09 -Starting service [Tomcat]
2020-04-02 09:37:09 -Starting Servlet Engine: Apache Tomcat/9.0.13
2020-04-02 09:37:09 -The APR based Apache Tomcat Native library which allows optimal performance in production environments was not found on the java.library.path: [C:\Program Files\Java\jdk1.8.0_181\bin;C:\Windows\Sun\Java\bin;C:\Windows\system32;C:\Windows;C:\Program Files (x86)\NetSarang\Xshell 6\;C:\Python27\;C:\Python27\Scripts;C:\Program Files (x86)\NetSarang\Xftp 6\;C:\Program Files (x86)\Common Files\Oracle\Java\javapath;C:\Windows\system32;C:\Windows;C:\Windows\System32\Wbem;C:\Windows\System32\WindowsPowerShell\v1.0\;C:\Program Files (x86)\MySQL\MySQL Utilities 1.6\;C:\Program Files\TortoiseSVN\bin;C:\Program Files\Git\cmd;C:\ProgramData\chocolatey\bin;C:\Program Files\Geth;D:\360Downloads\web3j-3.6.0\bin;C:\Program Files\nodejs\;C:\Program Files\Microsoft SQL Server\120\DTS\Binn\;C:\Program Files\Microsoft SQL Server\Client SDK\ODBC\110\Tools\Binn\;C:\Program Files (x86)\Microsoft SQL Server\120\Tools\Binn\;C:\Program Files\Microsoft SQL Server\120\Tools\Binn\;C:\Program Files (x86)\Microsoft SQL Server\120\Tools\Binn\ManagementStudio\;C:\Program Files (x86)\Microsoft SQL Server\120\DTS\Binn\;C:\Program Files\Redis\;C:\Users\Administrator\AppData\Local\Microsoft\WindowsApps;C:\Program Files\Microsoft VS Code\bin;D:\360Downloads\web3j-3.6.0\bin;C:\Users\Administrator\AppData\Roaming\npm;C:\Program Files\Java\jdk1.8.0_181;;.]
2020-04-02 09:37:10 -Initializing Spring embedded WebApplicationContext
2020-04-02 09:37:10 -Root WebApplicationContext: initialization completed in 3660 ms
2020-04-02 09:37:10 -Filter xssFilter was not registered (disabled)
2020-04-02 09:37:10 -HikariPool-1 - Starting...
2020-04-02 09:37:10 -HikariPool-1 - Start completed.
2020-04-02 09:37:11 -HHH000204: Processing PersistenceUnitInfo [
	name: default
	...]
2020-04-02 09:37:11 -HHH000412: Hibernate Core {5.3.7.Final}
2020-04-02 09:37:11 -HHH000206: hibernate.properties not found
2020-04-02 09:37:11 -HCANN000001: Hibernate Commons Annotations {5.0.4.Final}
2020-04-02 09:37:11 -HHH000400: Using dialect: org.hibernate.dialect.MySQL5Dialect
2020-04-02 09:37:12 -Initialized JPA EntityManagerFactory for persistence unit 'default'
2020-04-02 09:37:12 -Using default implementation for ThreadExecutor
2020-04-02 09:37:12 -Initialized Scheduler Signaller of type: class org.quartz.core.SchedulerSignalerImpl
2020-04-02 09:37:12 -Quartz Scheduler v.2.3.0 created.
2020-04-02 09:37:12 -RAMJobStore initialized.
2020-04-02 09:37:12 -Scheduler meta-data: Quartz Scheduler (v2.3.0) 'schedulerFactoryBean' with instanceId 'NON_CLUSTERED'
  Scheduler class: 'org.quartz.core.QuartzScheduler' - running locally.
  NOT STARTED.
  Currently in standby mode.
  Number of jobs executed: 0
  Using thread pool 'org.quartz.simpl.SimpleThreadPool' - with 10 threads.
  Using job-store 'org.quartz.simpl.RAMJobStore' - which does not support persistence. and is not clustered.

2020-04-02 09:37:12 -Quartz scheduler 'schedulerFactoryBean' initialized from an externally provided properties instance.
2020-04-02 09:37:12 -Quartz scheduler version: 2.3.0
2020-04-02 09:37:12 -JobFactory set to: org.springframework.scheduling.quartz.AdaptableJobFactory@4e67cfe1
2020-04-02 09:37:13 -STAET TaskExecutorConfig
2020-04-02 09:37:13 -Initializing ExecutorService
2020-04-02 09:37:13 -Initializing ExecutorService 'getAsyncExecutor'
2020-04-02 09:37:13 -spring.jpa.open-in-view is enabled by default. Therefore, database queries may be performed during view rendering. Explicitly configure spring.jpa.open-in-view to disable this warning
2020-04-02 09:37:13 -Cannot find template location: classpath:/templates/ (please add some templates or check your Thymeleaf configuration)
2020-04-02 09:37:14 -Initializing ExecutorService 'taskScheduler'
2020-04-02 09:37:14 -Starting Quartz Scheduler now
2020-04-02 09:37:14 -Scheduler schedulerFactoryBean_$_NON_CLUSTERED started.
2020-04-02 09:37:14 -Starting ProtocolHandler ["http-nio-8080"]
2020-04-02 09:37:14 -Using a shared selector for servlet write/read
2020-04-02 09:37:14 -Tomcat started on port(s): 8080 (http) with context path ''
2020-04-02 09:37:14 -Started LongEcologicalApplication in 8.972 seconds (JVM running for 10.911)
2020-04-02 09:39:18 -Initializing Spring DispatcherServlet 'dispatcherServlet'
2020-04-02 09:39:18 -Initializing Servlet 'dispatcherServlet'
2020-04-02 09:39:18 -Completed initialization in 16 ms
2020-04-02 09:39:18 -此处进行解密+验签+身份验证
2020-04-02 09:39:18 -此处进行解密+验签+身份验证
2020-04-02 09:39:18 -请求地址 : http://192.168.191.1:8080/api/sys/version/getNewVersion
2020-04-02 09:39:18 -Map com.example.longecological.service.system.impl.SysVersionCacheServiceImpl.getNewVersion(Map) enable cache service,cacheKey:zfpay_sys_version_info_new_android
2020-04-02 09:39:18 -Starting without optional epoll library
2020-04-02 09:39:18 -Starting without optional kqueue library
2020-04-02 09:39:18 -解密：
2020-04-02 09:39:18 -请求地址 : http://192.168.191.1:8080/api/sys/appImg/getAppImgList
2020-04-02 09:39:18 -==>  Preparing: SELECT id, img_type, (case when ?='04' then concat('http://cdn.yhswl.com/',img_url) else img_url end) as img_url FROM t_sys_app_img where img_type=? ORDER BY order_num 
2020-04-02 09:39:18 -==> Parameters: 04(String), 04(String)
2020-04-02 09:39:18 -<==      Total: 1
2020-04-02 09:39:18 -耗时 : 82
2020-04-02 09:39:19 -Map com.example.longecological.service.system.impl.SysVersionCacheServiceImpl.getNewVersion(Map) enable cache service,has cacheKey:zfpay_sys_version_info_new_android , return
2020-04-02 09:39:19 -耗时 : 885
2020-04-02 09:39:19 -此处进行解密+验签+身份验证
2020-04-02 09:39:19 -解密：{"version_no":"","login_password":"","login_type":"token","sign":"6994C37FADC9DE97FCDAA2A5DE7C5D5A","device_no":"1.0.9","device_type":"android","sys_user_account":"","token":"426|RDT9PFSETBEVH3JRNQ9PU2323LLV89FP"}
2020-04-02 09:39:19 -请求地址 : http://192.168.191.1:8080/api/user/login/userLogin
2020-04-02 09:39:19 -token值=======426|RDT9PFSETBEVH3JRNQ9PU2323LLV89FP
2020-04-02 09:39:19 -==>  Preparing: SELECT * FROM t_user_info where id = ? 
2020-04-02 09:39:19 -==> Parameters: 426(String)
2020-04-02 09:39:19 -<==      Total: 1
2020-04-02 09:39:19 -==>  Preparing: SELECT user_id AS manager_id, auth_isaudit, card_isaudit, app_id FROM sys_user WHERE user_id = ? AND del_flag='0' AND status='0' 
2020-04-02 09:39:19 -==> Parameters: 25(String)
2020-04-02 09:39:19 -<==      Total: 1
2020-04-02 09:39:19 -String com.example.longecological.service.common.impl.SysParamServiceImpl.getParamByCode(String) enable cache service,cacheKey:zfpay_sys_param_openThreeTierDistribution
2020-04-02 09:39:19 -String com.example.longecological.service.common.impl.SysParamServiceImpl.getParamByCode(String) enable cache service,has cacheKey:zfpay_sys_param_openThreeTierDistribution , return
2020-04-02 09:39:19 -String com.example.longecological.service.common.impl.SysParamServiceImpl.getParamByCode(String) enable cache service,cacheKey:zfpay_sys_param_openThreeTierDistribution
2020-04-02 09:39:19 -String com.example.longecological.service.common.impl.SysParamServiceImpl.getParamByCode(String) enable cache service,has cacheKey:zfpay_sys_param_openThreeTierDistribution , return
2020-04-02 09:39:19 -String com.example.longecological.service.common.impl.SysParamServiceImpl.getParamByCode(String) enable cache service,cacheKey:zfpay_sys_param_openThreeTierDistribution
2020-04-02 09:39:19 -String com.example.longecological.service.common.impl.SysParamServiceImpl.getParamByCode(String) enable cache service,has cacheKey:zfpay_sys_param_openThreeTierDistribution , return
2020-04-02 09:39:19 -耗时 : 29
2020-04-02 09:39:22 -此处进行解密+验签+身份验证
2020-04-02 09:39:22 -Map com.example.longecological.service.user.impl.UserInfoCacheServiceImpl.getUserFreezeCacheById(String) enable cache service,cacheKey:zfpay_user_freeze_426
2020-04-02 09:39:22 -Map com.example.longecological.service.user.impl.UserInfoCacheServiceImpl.getUserFreezeCacheById(String) enable cache service,has cacheKey:zfpay_user_freeze_426 , return
2020-04-02 09:39:22 -请求地址 : http://192.168.191.1:8080/api/user/info/getUserNewInfo
2020-04-02 09:39:22 -==>  Preparing: SELECT money, settle_money, deduct_money, today_benefit, total_benefit, settle_single_feet_money, single_rate_feet_money FROM t_user_info WHERE id = ? 
2020-04-02 09:39:22 -==> Parameters: 426(String)
2020-04-02 09:39:22 -<==      Total: 1
2020-04-02 09:39:22 -耗时 : 10
2020-04-02 09:39:23 -此处进行解密+验签+身份验证
2020-04-02 09:39:23 -Map com.example.longecological.service.user.impl.UserInfoCacheServiceImpl.getUserFreezeCacheById(String) enable cache service,cacheKey:zfpay_user_freeze_426
2020-04-02 09:39:23 -此处进行解密+验签+身份验证
2020-04-02 09:39:23 -Map com.example.longecological.service.user.impl.UserInfoCacheServiceImpl.getUserFreezeCacheById(String) enable cache service,cacheKey:zfpay_user_freeze_426
2020-04-02 09:39:23 -Map com.example.longecological.service.user.impl.UserInfoCacheServiceImpl.getUserFreezeCacheById(String) enable cache service,has cacheKey:zfpay_user_freeze_426 , return
2020-04-02 09:39:23 -此处进行解密+验签+身份验证
2020-04-02 09:39:23 -Map com.example.longecological.service.user.impl.UserInfoCacheServiceImpl.getUserFreezeCacheById(String) enable cache service,cacheKey:zfpay_user_freeze_426
2020-04-02 09:39:23 -Map com.example.longecological.service.user.impl.UserInfoCacheServiceImpl.getUserFreezeCacheById(String) enable cache service,has cacheKey:zfpay_user_freeze_426 , return
2020-04-02 09:39:23 -此处进行解密+验签+身份验证
2020-04-02 09:39:23 -解密：
2020-04-02 09:39:23 -请求地址 : http://192.168.191.1:8080/api/sys/appImg/getAppImgList
2020-04-02 09:39:23 -==>  Preparing: SELECT id, img_type, (case when ?='04' then concat('http://cdn.yhswl.com/',img_url) else img_url end) as img_url FROM t_sys_app_img where img_type=? ORDER BY order_num 
2020-04-02 09:39:23 -==> Parameters: 01(String), 01(String)
2020-04-02 09:39:23 -Map com.example.longecological.service.user.impl.UserInfoCacheServiceImpl.getUserFreezeCacheById(String) enable cache service,has cacheKey:zfpay_user_freeze_426 , return
2020-04-02 09:39:23 -<==      Total: 4
2020-04-02 09:39:23 -耗时 : 2
2020-04-02 09:39:23 -请求地址 : http://192.168.191.1:8080/api/sys/notice/getNewNotice
2020-04-02 09:39:23 -请求地址 : http://192.168.191.1:8080/api/sys/notice/getUnReadNews
2020-04-02 09:39:23 -请求地址 : http://192.168.191.1:8080/api/user/info/getUserNewInfo
2020-04-02 09:39:23 -==>  Preparing: SELECT money, settle_money, deduct_money, today_benefit, total_benefit, settle_single_feet_money, single_rate_feet_money FROM t_user_info WHERE id = ? 
2020-04-02 09:39:23 -==> Parameters: 426(String)
2020-04-02 09:39:23 -<==      Total: 1
2020-04-02 09:39:23 -耗时 : 3
2020-04-02 09:39:23 -==>  Preparing: SELECT cast(t.id as char) as notice_id, t.notice_title, cast((select count(*) from t_user_read_notice_info where user_id = ? and notice_id = t.id) as char) as is_read, DATE_FORMAT( STR_TO_DATE( CONCAT(t.cre_date, t.cre_time), '%Y%m%d%H%i%s' ), '%Y-%m-%d %H:%i:%s' ) AS cre_date FROM t_sys_notice_info t where t.status=0 order by t.id desc limit 0,2 
2020-04-02 09:39:23 -Map com.example.longecological.service.user.impl.UserInfoCacheServiceImpl.getUserInfoCacheById(String) enable cache service,cacheKey:zfpay_user_info_id_426
2020-04-02 09:39:23 -==> Parameters: 426(String)
2020-04-02 09:39:23 -Map com.example.longecological.service.user.impl.UserInfoCacheServiceImpl.getUserInfoCacheById(String) enable cache service,has cacheKey:zfpay_user_info_id_426 , return
2020-04-02 09:39:23 -==>  Preparing: select sum(cnt) from (select count(*) as cnt from t_user_apply_cardrate_trapos_record_info where user_id = ? and status in('08','09') union select count(*) as cnt from t_user_apply_cardrate_mpos_record_info where user_id = ? and status in('08','09')) t 
2020-04-02 09:39:23 -==> Parameters: 426(String), 426(String)
2020-04-02 09:39:23 -此处进行解密+验签+身份验证
2020-04-02 09:39:23 -Map com.example.longecological.service.user.impl.UserInfoCacheServiceImpl.getUserFreezeCacheById(String) enable cache service,cacheKey:zfpay_user_freeze_426
2020-04-02 09:39:23 -Map com.example.longecological.service.user.impl.UserInfoCacheServiceImpl.getUserFreezeCacheById(String) enable cache service,has cacheKey:zfpay_user_freeze_426 , return
2020-04-02 09:39:23 -请求地址 : http://192.168.191.1:8080/api/sys/notice/getUnReadNews
2020-04-02 09:39:23 -Map com.example.longecological.service.user.impl.UserInfoCacheServiceImpl.getUserInfoCacheById(String) enable cache service,cacheKey:zfpay_user_info_id_426
2020-04-02 09:39:23 -Map com.example.longecological.service.user.impl.UserInfoCacheServiceImpl.getUserInfoCacheById(String) enable cache service,has cacheKey:zfpay_user_info_id_426 , return
2020-04-02 09:39:23 -==>  Preparing: select sum(cnt) from (select count(*) as cnt from t_user_apply_cardrate_trapos_record_info where user_id = ? and status in('08','09') union select count(*) as cnt from t_user_apply_cardrate_mpos_record_info where user_id = ? and status in('08','09')) t 
2020-04-02 09:39:23 -==> Parameters: 426(String), 426(String)
2020-04-02 09:39:23 -<==      Total: 2
2020-04-02 09:39:23 -耗时 : 43
2020-04-02 09:39:23 -<==      Total: 1
2020-04-02 09:39:23 -<==      Total: 1
2020-04-02 09:39:23 -==>  Preparing: select * from t_news_read_state where news_type=? and user_id=? 
2020-04-02 09:39:23 -==>  Preparing: select * from t_news_read_state where news_type=? and user_id=? 
2020-04-02 09:39:23 -==> Parameters: applyRateFlag(String), 426(String)
2020-04-02 09:39:23 -==> Parameters: applyRateFlag(String), 426(String)
2020-04-02 09:39:23 -此处进行解密+验签+身份验证
2020-04-02 09:39:23 -Map com.example.longecological.service.user.impl.UserInfoCacheServiceImpl.getUserFreezeCacheById(String) enable cache service,cacheKey:zfpay_user_freeze_426
2020-04-02 09:39:23 -Map com.example.longecological.service.user.impl.UserInfoCacheServiceImpl.getUserFreezeCacheById(String) enable cache service,has cacheKey:zfpay_user_freeze_426 , return
2020-04-02 09:39:23 -请求地址 : http://192.168.191.1:8080/api/sys/news/getNewNews
2020-04-02 09:39:23 -==>  Preparing: SELECT cast(id as char) as news_id, news_title, news_cover, cast(browse_num as char) as browse_num, DATE_FORMAT( STR_TO_DATE( CONCAT(cre_date, cre_time), '%Y%m%d%H%i%s' ), '%Y-%m-%d %H:%i:%s' ) AS cre_date FROM t_sys_news_info where status=0 order by id desc limit 0,3 
2020-04-02 09:39:23 -==> Parameters: 
2020-04-02 09:39:23 -<==      Total: 1
2020-04-02 09:39:23 -==>  Preparing: update t_news_read_state set pre_unread_num=?,unread_num=? where user_id=? and news_type=? 
2020-04-02 09:39:23 -==> Parameters: 0(Integer), 0(Integer), 426(String), applyRateFlag(String)
2020-04-02 09:39:23 -<==      Total: 3
2020-04-02 09:39:23 -耗时 : 8
2020-04-02 09:39:23 -<==    Updates: 1
2020-04-02 09:39:23 -==>  Preparing: select sum(cnt) from (SELECT count(*) as cnt FROM t_user_trapos_recall_record_info WHERE acce_user_id = ? AND status = '00' union SELECT count(*) as cnt FROM t_user_mpos_recall_record_info WHERE acce_user_id = ? AND status = '00') t 
2020-04-02 09:39:23 -==> Parameters: 426(String), 426(String)
2020-04-02 09:39:23 -<==      Total: 1
2020-04-02 09:39:23 -==>  Preparing: update t_news_read_state set pre_unread_num=?,unread_num=? where user_id=? and news_type=? 
2020-04-02 09:39:23 -==> Parameters: 0(Integer), 0(Integer), 426(String), applyRateFlag(String)
2020-04-02 09:39:23 -<==    Updates: 1
2020-04-02 09:39:23 -==>  Preparing: select sum(cnt) from (SELECT count(*) as cnt FROM t_user_trapos_recall_record_info WHERE acce_user_id = ? AND status = '00' union SELECT count(*) as cnt FROM t_user_mpos_recall_record_info WHERE acce_user_id = ? AND status = '00') t 
2020-04-02 09:39:23 -==> Parameters: 426(String), 426(String)
2020-04-02 09:39:23 -<==      Total: 1
2020-04-02 09:39:23 -==>  Preparing: select * from t_news_read_state where news_type=? and user_id=? 
2020-04-02 09:39:23 -==> Parameters: recallFlag(String), 426(String)
2020-04-02 09:39:23 -<==      Total: 1
2020-04-02 09:39:23 -==>  Preparing: update t_news_read_state set pre_unread_num=?,unread_num=? where user_id=? and news_type=? 
2020-04-02 09:39:23 -==> Parameters: 0(Integer), 0(Integer), 426(String), recallFlag(String)
2020-04-02 09:39:23 -<==      Total: 1
2020-04-02 09:39:23 -==>  Preparing: select * from t_news_read_state where news_type=? and user_id=? 
2020-04-02 09:39:23 -==> Parameters: recallFlag(String), 426(String)
2020-04-02 09:39:23 -<==      Total: 1
2020-04-02 09:39:23 -==>  Preparing: update t_news_read_state set pre_unread_num=?,unread_num=? where user_id=? and news_type=? 
2020-04-02 09:39:23 -==> Parameters: 0(Integer), 0(Integer), 426(String), recallFlag(String)
2020-04-02 09:39:23 -<==    Updates: 1
2020-04-02 09:39:23 -==>  Preparing: select count(*) as cnt from t_sys_money_locker_college_info 
2020-04-02 09:39:23 -==> Parameters: 
2020-04-02 09:39:23 -<==    Updates: 1
2020-04-02 09:39:23 -==>  Preparing: select count(*) as cnt from t_sys_money_locker_college_info 
2020-04-02 09:39:23 -==> Parameters: 
2020-04-02 09:39:23 -<==      Total: 1
2020-04-02 09:39:23 -==>  Preparing: select * from t_news_read_state where news_type=? and user_id=? 
2020-04-02 09:39:23 -==> Parameters: collegeFlag(String), 426(String)
2020-04-02 09:39:23 -<==      Total: 1
2020-04-02 09:39:23 -==>  Preparing: select * from t_news_read_state where news_type=? and user_id=? 
2020-04-02 09:39:23 -==> Parameters: collegeFlag(String), 426(String)
2020-04-02 09:39:23 -<==      Total: 1
2020-04-02 09:39:23 -==>  Preparing: update t_news_read_state set pre_unread_num=?,unread_num=? where user_id=? and news_type=? 
2020-04-02 09:39:23 -==> Parameters: 25(Integer), 25(Integer), 426(String), collegeFlag(String)
2020-04-02 09:39:23 -<==      Total: 1
2020-04-02 09:39:23 -==>  Preparing: update t_news_read_state set pre_unread_num=?,unread_num=? where user_id=? and news_type=? 
2020-04-02 09:39:23 -==> Parameters: 25(Integer), 25(Integer), 426(String), collegeFlag(String)
2020-04-02 09:39:23 -<==    Updates: 1
2020-04-02 09:39:23 -==>  Preparing: select sum(cnt) from (select count(*) as cnt from t_user_apply_cardrate_trapos_record_info where user_id = ? and status in('08','09') union select count(*) as cnt from t_user_apply_cardrate_mpos_record_info where user_id = ? and status in('08','09')) t 
2020-04-02 09:39:23 -==> Parameters: 426(String), 426(String)
2020-04-02 09:39:23 -<==    Updates: 1
2020-04-02 09:39:23 -==>  Preparing: select sum(cnt) from (select count(*) as cnt from t_user_apply_cardrate_trapos_record_info where user_id = ? and status in('08','09') union select count(*) as cnt from t_user_apply_cardrate_mpos_record_info where user_id = ? and status in('08','09')) t 
2020-04-02 09:39:23 -<==      Total: 1
2020-04-02 09:39:23 -==> Parameters: 426(String), 426(String)
2020-04-02 09:39:23 -==>  Preparing: select * from t_news_read_state where news_type=? and user_id=? 
2020-04-02 09:39:23 -==> Parameters: cardFlag(String), 426(String)
2020-04-02 09:39:23 -<==      Total: 1
2020-04-02 09:39:23 -==>  Preparing: select * from t_news_read_state where news_type=? and user_id=? 
2020-04-02 09:39:23 -==> Parameters: cardFlag(String), 426(String)
2020-04-02 09:39:23 -<==      Total: 1
2020-04-02 09:39:23 -==>  Preparing: update t_news_read_state set pre_unread_num=?,unread_num=? where user_id=? and news_type=? 
2020-04-02 09:39:23 -==> Parameters: 0(Integer), 0(Integer), 426(String), cardFlag(String)
2020-04-02 09:39:23 -<==      Total: 1
2020-04-02 09:39:23 -==>  Preparing: update t_news_read_state set pre_unread_num=?,unread_num=? where user_id=? and news_type=? 
2020-04-02 09:39:23 -==> Parameters: 0(Integer), 0(Integer), 426(String), cardFlag(String)
2020-04-02 09:39:23 -<==    Updates: 1
2020-04-02 09:39:23 -==>  Preparing: select * from t_news_read_state where news_type=? and user_id=? 
2020-04-02 09:39:23 -==> Parameters: appImgFlag(String), 426(String)
2020-04-02 09:39:23 -<==      Total: 1
2020-04-02 09:39:23 -耗时 : 186
2020-04-02 09:39:23 -<==    Updates: 1
2020-04-02 09:39:23 -==>  Preparing: select * from t_news_read_state where news_type=? and user_id=? 
2020-04-02 09:39:23 -==> Parameters: appImgFlag(String), 426(String)
2020-04-02 09:39:23 -<==      Total: 1
2020-04-02 09:39:23 -耗时 : 167
2020-04-02 09:46:19 -此处进行解密+验签+身份验证
2020-04-02 09:46:19 -Map com.example.longecological.service.user.impl.UserInfoCacheServiceImpl.getUserFreezeCacheById(String) enable cache service,cacheKey:zfpay_user_freeze_426
2020-04-02 09:46:19 -Map com.example.longecological.service.user.impl.UserInfoCacheServiceImpl.getUserFreezeCacheById(String) enable cache service,has cacheKey:zfpay_user_freeze_426 , return
2020-04-02 09:46:19 -请求地址 : http://192.168.191.1:8080/api/sys/notice/getUnReadNews
2020-04-02 09:46:19 -Map com.example.longecological.service.user.impl.UserInfoCacheServiceImpl.getUserInfoCacheById(String) enable cache service,cacheKey:zfpay_user_info_id_426
2020-04-02 09:46:19 -Map com.example.longecological.service.user.impl.UserInfoCacheServiceImpl.getUserInfoCacheById(String) enable cache service,has cacheKey:zfpay_user_info_id_426 , return
2020-04-02 09:46:19 -此处进行解密+验签+身份验证
2020-04-02 09:46:19 -Map com.example.longecological.service.user.impl.UserInfoCacheServiceImpl.getUserFreezeCacheById(String) enable cache service,cacheKey:zfpay_user_freeze_426
2020-04-02 09:46:19 -Map com.example.longecological.service.user.impl.UserInfoCacheServiceImpl.getUserFreezeCacheById(String) enable cache service,has cacheKey:zfpay_user_freeze_426 , return
2020-04-02 09:46:19 -==>  Preparing: select sum(cnt) from (select count(*) as cnt from t_user_apply_cardrate_trapos_record_info where user_id = ? and status in('08','09') union select count(*) as cnt from t_user_apply_cardrate_mpos_record_info where user_id = ? and status in('08','09')) t 
2020-04-02 09:46:19 -==> Parameters: 426(String), 426(String)
2020-04-02 09:46:19 -请求地址 : http://192.168.191.1:8080/api/user/info/getUserNewInfo
2020-04-02 09:46:19 -<==      Total: 1
2020-04-02 09:46:19 -==>  Preparing: select * from t_news_read_state where news_type=? and user_id=? 
2020-04-02 09:46:19 -==>  Preparing: SELECT money, settle_money, deduct_money, today_benefit, total_benefit, settle_single_feet_money, single_rate_feet_money FROM t_user_info WHERE id = ? 
2020-04-02 09:46:19 -==> Parameters: applyRateFlag(String), 426(String)
2020-04-02 09:46:19 -==> Parameters: 426(String)
2020-04-02 09:46:19 -<==      Total: 1
2020-04-02 09:46:19 -<==      Total: 1
2020-04-02 09:46:19 -==>  Preparing: update t_news_read_state set pre_unread_num=?,unread_num=? where user_id=? and news_type=? 
2020-04-02 09:46:19 -==> Parameters: 0(Integer), 0(Integer), 426(String), applyRateFlag(String)
2020-04-02 09:46:19 -耗时 : 7
2020-04-02 09:46:19 -<==    Updates: 1
2020-04-02 09:46:19 -==>  Preparing: select sum(cnt) from (SELECT count(*) as cnt FROM t_user_trapos_recall_record_info WHERE acce_user_id = ? AND status = '00' union SELECT count(*) as cnt FROM t_user_mpos_recall_record_info WHERE acce_user_id = ? AND status = '00') t 
2020-04-02 09:46:19 -==> Parameters: 426(String), 426(String)
2020-04-02 09:46:19 -<==      Total: 1
2020-04-02 09:46:19 -==>  Preparing: select * from t_news_read_state where news_type=? and user_id=? 
2020-04-02 09:46:19 -==> Parameters: recallFlag(String), 426(String)
2020-04-02 09:46:20 -<==      Total: 1
2020-04-02 09:46:20 -==>  Preparing: update t_news_read_state set pre_unread_num=?,unread_num=? where user_id=? and news_type=? 
2020-04-02 09:46:20 -==> Parameters: 0(Integer), 0(Integer), 426(String), recallFlag(String)
2020-04-02 09:46:20 -<==    Updates: 1
2020-04-02 09:46:20 -==>  Preparing: select count(*) as cnt from t_sys_money_locker_college_info 
2020-04-02 09:46:20 -==> Parameters: 
2020-04-02 09:46:20 -<==      Total: 1
2020-04-02 09:46:20 -==>  Preparing: select * from t_news_read_state where news_type=? and user_id=? 
2020-04-02 09:46:20 -==> Parameters: collegeFlag(String), 426(String)
2020-04-02 09:46:20 -<==      Total: 1
2020-04-02 09:46:20 -==>  Preparing: update t_news_read_state set pre_unread_num=?,unread_num=? where user_id=? and news_type=? 
2020-04-02 09:46:20 -==> Parameters: 25(Integer), 25(Integer), 426(String), collegeFlag(String)
2020-04-02 09:46:20 -<==    Updates: 1
2020-04-02 09:46:20 -==>  Preparing: select sum(cnt) from (select count(*) as cnt from t_user_apply_cardrate_trapos_record_info where user_id = ? and status in('08','09') union select count(*) as cnt from t_user_apply_cardrate_mpos_record_info where user_id = ? and status in('08','09')) t 
2020-04-02 09:46:20 -==> Parameters: 426(String), 426(String)
2020-04-02 09:46:20 -<==      Total: 1
2020-04-02 09:46:20 -==>  Preparing: select * from t_news_read_state where news_type=? and user_id=? 
2020-04-02 09:46:20 -==> Parameters: cardFlag(String), 426(String)
2020-04-02 09:46:20 -<==      Total: 1
2020-04-02 09:46:20 -==>  Preparing: update t_news_read_state set pre_unread_num=?,unread_num=? where user_id=? and news_type=? 
2020-04-02 09:46:20 -==> Parameters: 0(Integer), 0(Integer), 426(String), cardFlag(String)
2020-04-02 09:46:20 -<==    Updates: 1
2020-04-02 09:46:20 -==>  Preparing: select * from t_news_read_state where news_type=? and user_id=? 
2020-04-02 09:46:20 -==> Parameters: appImgFlag(String), 426(String)
2020-04-02 09:46:20 -<==      Total: 1
2020-04-02 09:46:20 -耗时 : 91
2020-04-02 09:51:03 -此处进行解密+验签+身份验证
2020-04-02 09:51:03 -Map com.example.longecological.service.user.impl.UserInfoCacheServiceImpl.getUserFreezeCacheById(String) enable cache service,cacheKey:zfpay_user_freeze_426
2020-04-02 09:51:03 -Map com.example.longecological.service.user.impl.UserInfoCacheServiceImpl.getUserFreezeCacheById(String) enable cache service,has cacheKey:zfpay_user_freeze_426 , return
2020-04-02 09:51:03 -请求地址 : http://192.168.191.1:8080/api/sys/notice/updateNewsReadFlag
2020-04-02 09:51:03 -==>  Preparing: update t_news_read_state set unread_num=0,read_flag=? where user_id=? and news_type=? 
2020-04-02 09:51:03 -==> Parameters: 1(String), 426(String), recallFlag(String)
2020-04-02 09:51:03 -<==    Updates: 1
2020-04-02 09:51:03 -耗时 : 12
2020-04-02 09:51:03 -此处进行解密+验签+身份验证
2020-04-02 09:51:03 -Map com.example.longecological.service.user.impl.UserInfoCacheServiceImpl.getUserFreezeCacheById(String) enable cache service,cacheKey:zfpay_user_freeze_426
2020-04-02 09:51:03 -Map com.example.longecological.service.user.impl.UserInfoCacheServiceImpl.getUserFreezeCacheById(String) enable cache service,has cacheKey:zfpay_user_freeze_426 , return
2020-04-02 09:51:03 -请求地址 : http://192.168.191.1:8080/api/sys/machinesmanage/getRecallTraditionalPosList
2020-04-02 09:51:03 -==>  Preparing: SELECT cast(id as char) as recall_id, sn, DATE_FORMAT( STR_TO_DATE( CONCAT(cre_date, cre_time), '%Y%m%d%H%i%s' ), '%Y-%m-%d %H:%i:%s' ) AS cre_datetime FROM t_user_trapos_recall_record_info WHERE acce_user_id = ? and pos_type is null AND status = ? ORDER BY id desc 
2020-04-02 09:51:03 -==> Parameters: 426(String), 00(String)
2020-04-02 09:51:03 -<==      Total: 0
2020-04-02 09:51:03 -耗时 : 34
2020-04-02 09:51:04 -此处进行解密+验签+身份验证
2020-04-02 09:51:04 -Map com.example.longecological.service.user.impl.UserInfoCacheServiceImpl.getUserFreezeCacheById(String) enable cache service,cacheKey:zfpay_user_freeze_426
2020-04-02 09:51:04 -Map com.example.longecological.service.user.impl.UserInfoCacheServiceImpl.getUserFreezeCacheById(String) enable cache service,has cacheKey:zfpay_user_freeze_426 , return
2020-04-02 09:51:04 -请求地址 : http://192.168.191.1:8080/api/sys/machinesmanage/getRecallTraditionalPosList
2020-04-02 09:51:04 -==>  Preparing: SELECT cast(id as char) as recall_id, sn, DATE_FORMAT( STR_TO_DATE( CONCAT(cre_date, cre_time), '%Y%m%d%H%i%s' ), '%Y-%m-%d %H:%i:%s' ) AS cre_datetime FROM t_user_trapos_recall_record_info WHERE acce_user_id = ? and pos_type is null AND status = ? ORDER BY id desc 
2020-04-02 09:51:04 -==> Parameters: 426(String), 09(String)
2020-04-02 09:51:04 -<==      Total: 0
2020-04-02 09:51:04 -耗时 : 2
2020-04-02 09:51:04 -此处进行解密+验签+身份验证
2020-04-02 09:51:04 -Map com.example.longecological.service.user.impl.UserInfoCacheServiceImpl.getUserFreezeCacheById(String) enable cache service,cacheKey:zfpay_user_freeze_426
2020-04-02 09:51:04 -Map com.example.longecological.service.user.impl.UserInfoCacheServiceImpl.getUserFreezeCacheById(String) enable cache service,has cacheKey:zfpay_user_freeze_426 , return
2020-04-02 09:51:04 -请求地址 : http://192.168.191.1:8080/api/sys/machinesmanage/getRecallTraditionalPosList
2020-04-02 09:51:04 -==>  Preparing: SELECT cast(id as char) as recall_id, sn, DATE_FORMAT( STR_TO_DATE( CONCAT(cre_date, cre_time), '%Y%m%d%H%i%s' ), '%Y-%m-%d %H:%i:%s' ) AS cre_datetime FROM t_user_trapos_recall_record_info WHERE acce_user_id = ? and pos_type is null AND status = ? ORDER BY id desc 
2020-04-02 09:51:04 -==> Parameters: 426(String), 08(String)
2020-04-02 09:51:04 -<==      Total: 0
2020-04-02 09:51:04 -耗时 : 4
2020-04-02 09:51:32 -此处进行解密+验签+身份验证
2020-04-02 09:51:32 -Map com.example.longecological.service.user.impl.UserInfoCacheServiceImpl.getUserFreezeCacheById(String) enable cache service,cacheKey:zfpay_user_freeze_426
2020-04-02 09:51:32 -Map com.example.longecological.service.user.impl.UserInfoCacheServiceImpl.getUserFreezeCacheById(String) enable cache service,has cacheKey:zfpay_user_freeze_426 , return
2020-04-02 09:51:32 -请求地址 : http://192.168.191.1:8080/api/sys/machinesmanage/getRecallMposList
2020-04-02 09:51:32 -==>  Preparing: SELECT cast(id as char) as recall_id, sn, DATE_FORMAT( STR_TO_DATE( CONCAT(cre_date, cre_time), '%Y%m%d%H%i%s' ), '%Y-%m-%d %H:%i:%s' ) AS cre_datetime FROM t_user_mpos_recall_record_info WHERE acce_user_id = ? AND status = ? ORDER BY id desc limit 0,10 
2020-04-02 09:51:32 -==> Parameters: 426(String), 09(String)
2020-04-02 09:51:32 -<==      Total: 0
2020-04-02 09:51:32 -耗时 : 4
2020-04-02 09:51:32 -此处进行解密+验签+身份验证
2020-04-02 09:51:32 -Map com.example.longecological.service.user.impl.UserInfoCacheServiceImpl.getUserFreezeCacheById(String) enable cache service,cacheKey:zfpay_user_freeze_426
2020-04-02 09:51:32 -Map com.example.longecological.service.user.impl.UserInfoCacheServiceImpl.getUserFreezeCacheById(String) enable cache service,has cacheKey:zfpay_user_freeze_426 , return
2020-04-02 09:51:32 -请求地址 : http://192.168.191.1:8080/api/sys/machinesmanage/getRecallMposList
2020-04-02 09:51:32 -==>  Preparing: SELECT cast(id as char) as recall_id, sn, DATE_FORMAT( STR_TO_DATE( CONCAT(cre_date, cre_time), '%Y%m%d%H%i%s' ), '%Y-%m-%d %H:%i:%s' ) AS cre_datetime FROM t_user_mpos_recall_record_info WHERE acce_user_id = ? AND status = ? ORDER BY id desc limit 0,10 
2020-04-02 09:51:32 -==> Parameters: 426(String), 00(String)
2020-04-02 09:51:32 -<==      Total: 0
2020-04-02 09:51:32 -耗时 : 3
2020-04-02 09:51:32 -此处进行解密+验签+身份验证
2020-04-02 09:51:32 -Map com.example.longecological.service.user.impl.UserInfoCacheServiceImpl.getUserFreezeCacheById(String) enable cache service,cacheKey:zfpay_user_freeze_426
2020-04-02 09:51:32 -Map com.example.longecological.service.user.impl.UserInfoCacheServiceImpl.getUserFreezeCacheById(String) enable cache service,has cacheKey:zfpay_user_freeze_426 , return
2020-04-02 09:51:32 -请求地址 : http://192.168.191.1:8080/api/sys/machinesmanage/getRecallMposList
2020-04-02 09:51:32 -==>  Preparing: SELECT cast(id as char) as recall_id, sn, DATE_FORMAT( STR_TO_DATE( CONCAT(cre_date, cre_time), '%Y%m%d%H%i%s' ), '%Y-%m-%d %H:%i:%s' ) AS cre_datetime FROM t_user_mpos_recall_record_info WHERE acce_user_id = ? AND status = ? ORDER BY id desc limit 0,10 
2020-04-02 09:51:32 -==> Parameters: 426(String), 08(String)
2020-04-02 09:51:32 -<==      Total: 0
2020-04-02 09:51:32 -耗时 : 5
2020-04-02 10:00:45 -此处进行解密+验签+身份验证
2020-04-02 10:00:45 -此处进行解密+验签+身份验证
2020-04-02 10:00:45 -Map com.example.longecological.service.user.impl.UserInfoCacheServiceImpl.getUserFreezeCacheById(String) enable cache service,cacheKey:zfpay_user_freeze_426
2020-04-02 10:00:45 -Map com.example.longecological.service.user.impl.UserInfoCacheServiceImpl.getUserFreezeCacheById(String) enable cache service,cacheKey:zfpay_user_freeze_426
2020-04-02 10:00:45 -Map com.example.longecological.service.user.impl.UserInfoCacheServiceImpl.getUserFreezeCacheById(String) enable cache service,has cacheKey:zfpay_user_freeze_426 , return
2020-04-02 10:00:45 -Map com.example.longecological.service.user.impl.UserInfoCacheServiceImpl.getUserFreezeCacheById(String) enable cache service,has cacheKey:zfpay_user_freeze_426 , return
2020-04-02 10:00:45 -请求地址 : http://192.168.191.1:8080/api/user/info/getUserNewInfo
2020-04-02 10:00:45 -请求地址 : http://192.168.191.1:8080/api/sys/notice/getUnReadNews
2020-04-02 10:00:45 -==>  Preparing: SELECT money, settle_money, deduct_money, today_benefit, total_benefit, settle_single_feet_money, single_rate_feet_money FROM t_user_info WHERE id = ? 
2020-04-02 10:00:45 -Map com.example.longecological.service.user.impl.UserInfoCacheServiceImpl.getUserInfoCacheById(String) enable cache service,cacheKey:zfpay_user_info_id_426
2020-04-02 10:00:45 -==> Parameters: 426(String)
2020-04-02 10:00:45 -Map com.example.longecological.service.user.impl.UserInfoCacheServiceImpl.getUserInfoCacheById(String) enable cache service,has cacheKey:zfpay_user_info_id_426 , return
2020-04-02 10:00:45 -<==      Total: 1
2020-04-02 10:00:45 -耗时 : 3
2020-04-02 10:00:45 -==>  Preparing: select sum(cnt) from (select count(*) as cnt from t_user_apply_cardrate_trapos_record_info where user_id = ? and status in('08','09') union select count(*) as cnt from t_user_apply_cardrate_mpos_record_info where user_id = ? and status in('08','09')) t 
2020-04-02 10:00:45 -==> Parameters: 426(String), 426(String)
2020-04-02 10:00:45 -<==      Total: 1
2020-04-02 10:00:45 -==>  Preparing: select * from t_news_read_state where news_type=? and user_id=? 
2020-04-02 10:00:45 -==> Parameters: applyRateFlag(String), 426(String)
2020-04-02 10:00:45 -<==      Total: 1
2020-04-02 10:00:45 -==>  Preparing: update t_news_read_state set pre_unread_num=?,unread_num=? where user_id=? and news_type=? 
2020-04-02 10:00:45 -==> Parameters: 0(Integer), 0(Integer), 426(String), applyRateFlag(String)
2020-04-02 10:00:46 -<==    Updates: 1
2020-04-02 10:00:46 -==>  Preparing: select sum(cnt) from (SELECT count(*) as cnt FROM t_user_trapos_recall_record_info WHERE acce_user_id = ? AND status = '00' union SELECT count(*) as cnt FROM t_user_mpos_recall_record_info WHERE acce_user_id = ? AND status = '00') t 
2020-04-02 10:00:46 -==> Parameters: 426(String), 426(String)
2020-04-02 10:00:46 -<==      Total: 1
2020-04-02 10:00:46 -==>  Preparing: select * from t_news_read_state where news_type=? and user_id=? 
2020-04-02 10:00:46 -==> Parameters: recallFlag(String), 426(String)
2020-04-02 10:00:46 -<==      Total: 1
2020-04-02 10:00:46 -==>  Preparing: update t_news_read_state set pre_unread_num=?,unread_num=? where user_id=? and news_type=? 
2020-04-02 10:00:46 -==> Parameters: 0(Integer), 0(Integer), 426(String), recallFlag(String)
2020-04-02 10:00:46 -<==    Updates: 1
2020-04-02 10:00:46 -==>  Preparing: select count(*) as cnt from t_sys_money_locker_college_info 
2020-04-02 10:00:46 -==> Parameters: 
2020-04-02 10:00:46 -<==      Total: 1
2020-04-02 10:00:46 -==>  Preparing: select * from t_news_read_state where news_type=? and user_id=? 
2020-04-02 10:00:46 -==> Parameters: collegeFlag(String), 426(String)
2020-04-02 10:00:46 -<==      Total: 1
2020-04-02 10:00:46 -==>  Preparing: update t_news_read_state set pre_unread_num=?,unread_num=? where user_id=? and news_type=? 
2020-04-02 10:00:46 -==> Parameters: 25(Integer), 25(Integer), 426(String), collegeFlag(String)
2020-04-02 10:00:46 -<==    Updates: 1
2020-04-02 10:00:46 -==>  Preparing: select sum(cnt) from (select count(*) as cnt from t_user_apply_cardrate_trapos_record_info where user_id = ? and status in('08','09') union select count(*) as cnt from t_user_apply_cardrate_mpos_record_info where user_id = ? and status in('08','09')) t 
2020-04-02 10:00:46 -==> Parameters: 426(String), 426(String)
2020-04-02 10:00:46 -<==      Total: 1
2020-04-02 10:00:46 -==>  Preparing: select * from t_news_read_state where news_type=? and user_id=? 
2020-04-02 10:00:46 -==> Parameters: cardFlag(String), 426(String)
2020-04-02 10:00:46 -<==      Total: 1
2020-04-02 10:00:46 -==>  Preparing: update t_news_read_state set pre_unread_num=?,unread_num=? where user_id=? and news_type=? 
2020-04-02 10:00:46 -==> Parameters: 0(Integer), 0(Integer), 426(String), cardFlag(String)
2020-04-02 10:00:46 -<==    Updates: 1
2020-04-02 10:00:46 -==>  Preparing: select * from t_news_read_state where news_type=? and user_id=? 
2020-04-02 10:00:46 -==> Parameters: appImgFlag(String), 426(String)
2020-04-02 10:00:46 -<==      Total: 1
2020-04-02 10:00:46 -耗时 : 73
2020-04-02 10:00:47 -此处进行解密+验签+身份验证
2020-04-02 10:00:47 -Map com.example.longecological.service.user.impl.UserInfoCacheServiceImpl.getUserFreezeCacheById(String) enable cache service,cacheKey:zfpay_user_freeze_426
2020-04-02 10:00:47 -Map com.example.longecological.service.user.impl.UserInfoCacheServiceImpl.getUserFreezeCacheById(String) enable cache service,has cacheKey:zfpay_user_freeze_426 , return
2020-04-02 10:00:47 -请求地址 : http://192.168.191.1:8080/api/sys/notice/getUnReadNews
2020-04-02 10:00:47 -Map com.example.longecological.service.user.impl.UserInfoCacheServiceImpl.getUserInfoCacheById(String) enable cache service,cacheKey:zfpay_user_info_id_426
2020-04-02 10:00:47 -Map com.example.longecological.service.user.impl.UserInfoCacheServiceImpl.getUserInfoCacheById(String) enable cache service,has cacheKey:zfpay_user_info_id_426 , return
2020-04-02 10:00:47 -==>  Preparing: select sum(cnt) from (select count(*) as cnt from t_user_apply_cardrate_trapos_record_info where user_id = ? and status in('08','09') union select count(*) as cnt from t_user_apply_cardrate_mpos_record_info where user_id = ? and status in('08','09')) t 
2020-04-02 10:00:47 -==> Parameters: 426(String), 426(String)
2020-04-02 10:00:47 -<==      Total: 1
2020-04-02 10:00:47 -==>  Preparing: select * from t_news_read_state where news_type=? and user_id=? 
2020-04-02 10:00:47 -==> Parameters: applyRateFlag(String), 426(String)
2020-04-02 10:00:47 -<==      Total: 1
2020-04-02 10:00:47 -==>  Preparing: update t_news_read_state set pre_unread_num=?,unread_num=? where user_id=? and news_type=? 
2020-04-02 10:00:47 -==> Parameters: 0(Integer), 0(Integer), 426(String), applyRateFlag(String)
2020-04-02 10:00:47 -<==    Updates: 1
2020-04-02 10:00:47 -==>  Preparing: select sum(cnt) from (SELECT count(*) as cnt FROM t_user_trapos_recall_record_info WHERE acce_user_id = ? AND status = '00' union SELECT count(*) as cnt FROM t_user_mpos_recall_record_info WHERE acce_user_id = ? AND status = '00') t 
2020-04-02 10:00:47 -==> Parameters: 426(String), 426(String)
2020-04-02 10:00:47 -<==      Total: 1
2020-04-02 10:00:47 -==>  Preparing: select * from t_news_read_state where news_type=? and user_id=? 
2020-04-02 10:00:47 -==> Parameters: recallFlag(String), 426(String)
2020-04-02 10:00:47 -<==      Total: 1
2020-04-02 10:00:47 -==>  Preparing: update t_news_read_state set pre_unread_num=?,unread_num=? where user_id=? and news_type=? 
2020-04-02 10:00:47 -==> Parameters: 0(Integer), 0(Integer), 426(String), recallFlag(String)
2020-04-02 10:00:47 -<==    Updates: 1
2020-04-02 10:00:47 -==>  Preparing: select count(*) as cnt from t_sys_money_locker_college_info 
2020-04-02 10:00:47 -==> Parameters: 
2020-04-02 10:00:47 -<==      Total: 1
2020-04-02 10:00:47 -==>  Preparing: select * from t_news_read_state where news_type=? and user_id=? 
2020-04-02 10:00:47 -==> Parameters: collegeFlag(String), 426(String)
2020-04-02 10:00:47 -<==      Total: 1
2020-04-02 10:00:47 -==>  Preparing: update t_news_read_state set pre_unread_num=?,unread_num=? where user_id=? and news_type=? 
2020-04-02 10:00:47 -==> Parameters: 25(Integer), 25(Integer), 426(String), collegeFlag(String)
2020-04-02 10:00:47 -<==    Updates: 1
2020-04-02 10:00:47 -==>  Preparing: select sum(cnt) from (select count(*) as cnt from t_user_apply_cardrate_trapos_record_info where user_id = ? and status in('08','09') union select count(*) as cnt from t_user_apply_cardrate_mpos_record_info where user_id = ? and status in('08','09')) t 
2020-04-02 10:00:47 -==> Parameters: 426(String), 426(String)
2020-04-02 10:00:47 -<==      Total: 1
2020-04-02 10:00:47 -==>  Preparing: select * from t_news_read_state where news_type=? and user_id=? 
2020-04-02 10:00:47 -==> Parameters: cardFlag(String), 426(String)
2020-04-02 10:00:47 -<==      Total: 1
2020-04-02 10:00:47 -==>  Preparing: update t_news_read_state set pre_unread_num=?,unread_num=? where user_id=? and news_type=? 
2020-04-02 10:00:47 -==> Parameters: 0(Integer), 0(Integer), 426(String), cardFlag(String)
2020-04-02 10:00:47 -<==    Updates: 1
2020-04-02 10:00:47 -==>  Preparing: select * from t_news_read_state where news_type=? and user_id=? 
2020-04-02 10:00:47 -==> Parameters: appImgFlag(String), 426(String)
2020-04-02 10:00:47 -<==      Total: 1
2020-04-02 10:00:47 -耗时 : 60
2020-04-02 10:00:49 -此处进行解密+验签+身份验证
2020-04-02 10:00:49 -Map com.example.longecological.service.user.impl.UserInfoCacheServiceImpl.getUserFreezeCacheById(String) enable cache service,cacheKey:zfpay_user_freeze_426
2020-04-02 10:00:49 -Map com.example.longecological.service.user.impl.UserInfoCacheServiceImpl.getUserFreezeCacheById(String) enable cache service,has cacheKey:zfpay_user_freeze_426 , return
2020-04-02 10:00:49 -请求地址 : http://192.168.191.1:8080/api/sys/machinesmanage/getMposAllocationList
2020-04-02 10:00:49 -==>  Preparing: SELECT sn, IFNULL(card_settle_price, '无') AS card_settle_price, IFNULL(cloud_settle_price, '无') AS cloud_settle_price, IFNULL(single_profit_rate, '无') AS single_profit_rate, IFNULL(cash_back_rate, '无') AS cash_back_rate, (select GROUP_CONCAT(policy_name) from t_sys_pos_policy_info tt where tt.sn=t_user_mpos_info.sn) as policy_name, cast((select (case when TIMESTAMPDIFF(day,CURRENT_DATE,str_to_date(module1_end_date,'%Y%m%d'))>=0 then TIMESTAMPDIFF(day,CURRENT_DATE,str_to_date(module1_end_date,'%Y%m%d')) else 0 end) as expire_day from t_sys_pos_policy_info tt where tt.sn=t_user_mpos_info.sn and tt.module_type=1) as char) as expire_day FROM t_user_mpos_info WHERE user_id = ? AND state_status = '1' AND activity_status = '0' AND trade_status = '0' AND del = '0' order by sn 
2020-04-02 10:00:49 -==> Parameters: 426(String)
2020-04-02 10:00:49 -此处进行解密+验签+身份验证
2020-04-02 10:00:49 -Map com.example.longecological.service.user.impl.UserInfoCacheServiceImpl.getUserFreezeCacheById(String) enable cache service,cacheKey:zfpay_user_freeze_426
2020-04-02 10:00:49 -Map com.example.longecological.service.user.impl.UserInfoCacheServiceImpl.getUserFreezeCacheById(String) enable cache service,has cacheKey:zfpay_user_freeze_426 , return
2020-04-02 10:00:49 -请求地址 : http://192.168.191.1:8080/api/sys/machinesmanage/getMposRecallList
2020-04-02 10:00:49 -==>  Preparing: SELECT t.sn, t.user_id FROM t_user_mpos_info t WHERE t.state_status = '1' AND t.activity_status = '0' AND t.trade_status = '0' AND del = '0' AND t.user_id in (select id from t_user_info where referer_id = ?) AND NOT EXISTS ( SELECT 1 FROM t_user_mpos_recall_record_info t1 WHERE t1.send_user_id = ? AND t1.sn = t.sn AND t1.status = '00') order by t.sn 
2020-04-02 10:00:49 -==> Parameters: 426(String), 426(String)
2020-04-02 10:00:49 -<==      Total: 204
2020-04-02 10:00:49 -耗时 : 183
2020-04-02 10:00:49 -<==      Total: 631
2020-04-02 10:00:49 -耗时 : 426
2020-04-02 10:00:50 -此处进行解密+验签+身份验证
2020-04-02 10:00:50 -Map com.example.longecological.service.user.impl.UserInfoCacheServiceImpl.getUserFreezeCacheById(String) enable cache service,cacheKey:zfpay_user_freeze_426
2020-04-02 10:00:50 -Map com.example.longecological.service.user.impl.UserInfoCacheServiceImpl.getUserFreezeCacheById(String) enable cache service,has cacheKey:zfpay_user_freeze_426 , return
2020-04-02 10:00:50 -请求地址 : http://192.168.191.1:8080/api/sys/machinesmanage/selectUnbindMpos
2020-04-02 10:00:50 -==>  Preparing: SELECT sn FROM t_user_mpos_info t WHERE t.user_id = ? AND t.state_status = '1' AND t.activity_status = '0' AND t.trade_status = '0' AND t.del = '0' AND NOT EXISTS(SELECT 1 FROM t_user_mpos_unbind_record_info tt WHERE tt.SN=t.sn AND tt.status='00') 
2020-04-02 10:00:50 -==> Parameters: 426(String)
2020-04-02 10:00:50 -<==      Total: 204
2020-04-02 10:00:50 -耗时 : 95
2020-04-02 10:01:04 -此处进行解密+验签+身份验证
2020-04-02 10:01:04 -Map com.example.longecological.service.user.impl.UserInfoCacheServiceImpl.getUserFreezeCacheById(String) enable cache service,cacheKey:zfpay_user_freeze_426
2020-04-02 10:01:04 -Map com.example.longecological.service.user.impl.UserInfoCacheServiceImpl.getUserFreezeCacheById(String) enable cache service,has cacheKey:zfpay_user_freeze_426 , return
2020-04-02 10:01:04 -请求地址 : http://192.168.191.1:8080/api/sys/machinesmanage/recallMpos
2020-04-02 10:01:04 -==>  Preparing: INSERT INTO t_user_mpos_recall_record_info ( send_user_id, acce_user_id, sn, cre_date, cre_time ) SELECT ?, user_id, sn, ?, ? FROM t_user_mpos_info WHERE state_status = '1' AND FIND_IN_SET(sn, ?) AND user_id in (select id from t_user_info where referer_id = ?) 
2020-04-02 10:01:04 -==> Parameters: 426(String), 20200402(String), 100104(String), M351846100602(String), 426(String)
2020-04-02 10:01:05 -<==    Updates: 1
2020-04-02 10:01:05 -==>  Preparing: select * from t_user_mpos_info where sn in ( ? ) and state_status='1' 
2020-04-02 10:01:05 -==> Parameters: M351846100602(String)
2020-04-02 10:01:05 -<==      Total: 1
2020-04-02 10:01:05 -==>  Preparing: update t_news_read_state set read_flag=? where user_id in ( ? ) and news_type=? 
2020-04-02 10:01:05 -==> Parameters: 0(String), 1430(Integer), recallFlag(String)
2020-04-02 10:01:05 -<==    Updates: 1
2020-04-02 10:01:05 -耗时 : 203
2020-04-02 10:01:05 -此处进行解密+验签+身份验证
2020-04-02 10:01:05 -Map com.example.longecological.service.user.impl.UserInfoCacheServiceImpl.getUserFreezeCacheById(String) enable cache service,cacheKey:zfpay_user_freeze_426
2020-04-02 10:01:05 -Map com.example.longecological.service.user.impl.UserInfoCacheServiceImpl.getUserFreezeCacheById(String) enable cache service,has cacheKey:zfpay_user_freeze_426 , return
2020-04-02 10:01:05 -请求地址 : http://192.168.191.1:8080/api/sys/machinesmanage/getMposRecallList
2020-04-02 10:01:05 -==>  Preparing: SELECT t.sn, t.user_id FROM t_user_mpos_info t WHERE t.state_status = '1' AND t.activity_status = '0' AND t.trade_status = '0' AND del = '0' AND t.user_id in (select id from t_user_info where referer_id = ?) AND NOT EXISTS ( SELECT 1 FROM t_user_mpos_recall_record_info t1 WHERE t1.send_user_id = ? AND t1.sn = t.sn AND t1.status = '00') order by t.sn 
2020-04-02 10:01:05 -==> Parameters: 426(String), 426(String)
2020-04-02 10:01:05 -<==      Total: 630
2020-04-02 10:01:05 -耗时 : 454
2020-04-02 10:03:01 -此处进行解密+验签+身份验证
2020-04-02 10:03:01 -Map com.example.longecological.service.user.impl.UserInfoCacheServiceImpl.getUserFreezeCacheById(String) enable cache service,cacheKey:zfpay_user_freeze_426
2020-04-02 10:03:01 -Map com.example.longecological.service.user.impl.UserInfoCacheServiceImpl.getUserFreezeCacheById(String) enable cache service,has cacheKey:zfpay_user_freeze_426 , return
2020-04-02 10:03:01 -请求地址 : http://192.168.191.1:8080/api/user/info/getUserNewInfo
2020-04-02 10:03:01 -==>  Preparing: SELECT money, settle_money, deduct_money, today_benefit, total_benefit, settle_single_feet_money, single_rate_feet_money FROM t_user_info WHERE id = ? 
2020-04-02 10:03:01 -==> Parameters: 426(String)
2020-04-02 10:03:01 -<==      Total: 1
2020-04-02 10:03:01 -耗时 : 2
2020-04-02 10:03:01 -此处进行解密+验签+身份验证
2020-04-02 10:03:01 -Map com.example.longecological.service.user.impl.UserInfoCacheServiceImpl.getUserFreezeCacheById(String) enable cache service,cacheKey:zfpay_user_freeze_426
2020-04-02 10:03:01 -Map com.example.longecological.service.user.impl.UserInfoCacheServiceImpl.getUserFreezeCacheById(String) enable cache service,has cacheKey:zfpay_user_freeze_426 , return
2020-04-02 10:03:01 -请求地址 : http://192.168.191.1:8080/api/sys/notice/getUnReadNews
2020-04-02 10:03:01 -Map com.example.longecological.service.user.impl.UserInfoCacheServiceImpl.getUserInfoCacheById(String) enable cache service,cacheKey:zfpay_user_info_id_426
2020-04-02 10:03:01 -Map com.example.longecological.service.user.impl.UserInfoCacheServiceImpl.getUserInfoCacheById(String) enable cache service,has cacheKey:zfpay_user_info_id_426 , return
2020-04-02 10:03:01 -==>  Preparing: select sum(cnt) from (select count(*) as cnt from t_user_apply_cardrate_trapos_record_info where user_id = ? and status in('08','09') union select count(*) as cnt from t_user_apply_cardrate_mpos_record_info where user_id = ? and status in('08','09')) t 
2020-04-02 10:03:01 -==> Parameters: 426(String), 426(String)
2020-04-02 10:03:01 -<==      Total: 1
2020-04-02 10:03:01 -==>  Preparing: select * from t_news_read_state where news_type=? and user_id=? 
2020-04-02 10:03:01 -==> Parameters: applyRateFlag(String), 426(String)
2020-04-02 10:03:01 -<==      Total: 1
2020-04-02 10:03:01 -==>  Preparing: update t_news_read_state set pre_unread_num=?,unread_num=? where user_id=? and news_type=? 
2020-04-02 10:03:01 -==> Parameters: 0(Integer), 0(Integer), 426(String), applyRateFlag(String)
2020-04-02 10:03:01 -<==    Updates: 1
2020-04-02 10:03:01 -==>  Preparing: select sum(cnt) from (SELECT count(*) as cnt FROM t_user_trapos_recall_record_info WHERE acce_user_id = ? AND status = '00' union SELECT count(*) as cnt FROM t_user_mpos_recall_record_info WHERE acce_user_id = ? AND status = '00') t 
2020-04-02 10:03:01 -==> Parameters: 426(String), 426(String)
2020-04-02 10:03:01 -<==      Total: 1
2020-04-02 10:03:01 -==>  Preparing: select * from t_news_read_state where news_type=? and user_id=? 
2020-04-02 10:03:01 -==> Parameters: recallFlag(String), 426(String)
2020-04-02 10:03:01 -<==      Total: 1
2020-04-02 10:03:01 -==>  Preparing: update t_news_read_state set pre_unread_num=?,unread_num=? where user_id=? and news_type=? 
2020-04-02 10:03:01 -==> Parameters: 0(Integer), 0(Integer), 426(String), recallFlag(String)
2020-04-02 10:03:01 -<==    Updates: 1
2020-04-02 10:03:01 -==>  Preparing: select count(*) as cnt from t_sys_money_locker_college_info 
2020-04-02 10:03:01 -==> Parameters: 
2020-04-02 10:03:01 -<==      Total: 1
2020-04-02 10:03:01 -==>  Preparing: select * from t_news_read_state where news_type=? and user_id=? 
2020-04-02 10:03:01 -==> Parameters: collegeFlag(String), 426(String)
2020-04-02 10:03:01 -<==      Total: 1
2020-04-02 10:03:01 -==>  Preparing: update t_news_read_state set pre_unread_num=?,unread_num=? where user_id=? and news_type=? 
2020-04-02 10:03:01 -==> Parameters: 25(Integer), 25(Integer), 426(String), collegeFlag(String)
2020-04-02 10:03:01 -<==    Updates: 1
2020-04-02 10:03:01 -==>  Preparing: select sum(cnt) from (select count(*) as cnt from t_user_apply_cardrate_trapos_record_info where user_id = ? and status in('08','09') union select count(*) as cnt from t_user_apply_cardrate_mpos_record_info where user_id = ? and status in('08','09')) t 
2020-04-02 10:03:01 -==> Parameters: 426(String), 426(String)
2020-04-02 10:03:01 -<==      Total: 1
2020-04-02 10:03:01 -==>  Preparing: select * from t_news_read_state where news_type=? and user_id=? 
2020-04-02 10:03:01 -==> Parameters: cardFlag(String), 426(String)
2020-04-02 10:03:01 -<==      Total: 1
2020-04-02 10:03:01 -==>  Preparing: update t_news_read_state set pre_unread_num=?,unread_num=? where user_id=? and news_type=? 
2020-04-02 10:03:01 -==> Parameters: 0(Integer), 0(Integer), 426(String), cardFlag(String)
2020-04-02 10:03:01 -<==    Updates: 1
2020-04-02 10:03:01 -==>  Preparing: select * from t_news_read_state where news_type=? and user_id=? 
2020-04-02 10:03:01 -==> Parameters: appImgFlag(String), 426(String)
2020-04-02 10:03:01 -<==      Total: 1
2020-04-02 10:03:01 -耗时 : 109
2020-04-02 10:03:03 -此处进行解密+验签+身份验证
2020-04-02 10:03:03 -Map com.example.longecological.service.user.impl.UserInfoCacheServiceImpl.getUserFreezeCacheById(String) enable cache service,cacheKey:zfpay_user_freeze_426
2020-04-02 10:03:03 -Map com.example.longecological.service.user.impl.UserInfoCacheServiceImpl.getUserFreezeCacheById(String) enable cache service,has cacheKey:zfpay_user_freeze_426 , return
2020-04-02 10:03:03 -请求地址 : http://192.168.191.1:8080/api/sys/machinesmanage/getMposAllocationList
2020-04-02 10:03:03 -==>  Preparing: SELECT sn, IFNULL(card_settle_price, '无') AS card_settle_price, IFNULL(cloud_settle_price, '无') AS cloud_settle_price, IFNULL(single_profit_rate, '无') AS single_profit_rate, IFNULL(cash_back_rate, '无') AS cash_back_rate, (select GROUP_CONCAT(policy_name) from t_sys_pos_policy_info tt where tt.sn=t_user_mpos_info.sn) as policy_name, cast((select (case when TIMESTAMPDIFF(day,CURRENT_DATE,str_to_date(module1_end_date,'%Y%m%d'))>=0 then TIMESTAMPDIFF(day,CURRENT_DATE,str_to_date(module1_end_date,'%Y%m%d')) else 0 end) as expire_day from t_sys_pos_policy_info tt where tt.sn=t_user_mpos_info.sn and tt.module_type=1) as char) as expire_day FROM t_user_mpos_info WHERE user_id = ? AND state_status = '1' AND activity_status = '0' AND trade_status = '0' AND del = '0' order by sn 
2020-04-02 10:03:03 -==> Parameters: 426(String)
2020-04-02 10:03:03 -<==      Total: 204
2020-04-02 10:03:03 -耗时 : 83
2020-04-02 10:03:03 -此处进行解密+验签+身份验证
2020-04-02 10:03:03 -Map com.example.longecological.service.user.impl.UserInfoCacheServiceImpl.getUserFreezeCacheById(String) enable cache service,cacheKey:zfpay_user_freeze_426
2020-04-02 10:03:03 -Map com.example.longecological.service.user.impl.UserInfoCacheServiceImpl.getUserFreezeCacheById(String) enable cache service,has cacheKey:zfpay_user_freeze_426 , return
2020-04-02 10:03:03 -请求地址 : http://192.168.191.1:8080/api/sys/machinesmanage/getMposRecallList
2020-04-02 10:03:03 -==>  Preparing: SELECT t.sn, t.user_id FROM t_user_mpos_info t WHERE t.state_status = '1' AND t.activity_status = '0' AND t.trade_status = '0' AND del = '0' AND t.user_id in (select id from t_user_info where referer_id = ?) AND NOT EXISTS ( SELECT 1 FROM t_user_mpos_recall_record_info t1 WHERE t1.send_user_id = ? AND t1.sn = t.sn AND t1.status = '00') order by t.sn 
2020-04-02 10:03:03 -==> Parameters: 426(String), 426(String)
2020-04-02 10:03:03 -<==      Total: 630
2020-04-02 10:03:03 -耗时 : 500
2020-04-02 10:03:08 -此处进行解密+验签+身份验证
2020-04-02 10:03:08 -Map com.example.longecological.service.user.impl.UserInfoCacheServiceImpl.getUserFreezeCacheById(String) enable cache service,cacheKey:zfpay_user_freeze_426
2020-04-02 10:03:08 -Map com.example.longecological.service.user.impl.UserInfoCacheServiceImpl.getUserFreezeCacheById(String) enable cache service,has cacheKey:zfpay_user_freeze_426 , return
2020-04-02 10:03:08 -请求地址 : http://192.168.191.1:8080/api/sys/machinesmanage/selectUnbindMpos
2020-04-02 10:03:08 -==>  Preparing: SELECT sn FROM t_user_mpos_info t WHERE t.user_id = ? AND t.state_status = '1' AND t.activity_status = '0' AND t.trade_status = '0' AND t.del = '0' AND NOT EXISTS(SELECT 1 FROM t_user_mpos_unbind_record_info tt WHERE tt.SN=t.sn AND tt.status='00') 
2020-04-02 10:03:08 -==> Parameters: 426(String)
2020-04-02 10:03:08 -<==      Total: 204
2020-04-02 10:03:08 -耗时 : 100
2020-04-02 10:05:04 -此处进行解密+验签+身份验证
2020-04-02 10:05:04 -Map com.example.longecological.service.user.impl.UserInfoCacheServiceImpl.getUserFreezeCacheById(String) enable cache service,cacheKey:zfpay_user_freeze_426
2020-04-02 10:05:04 -Map com.example.longecological.service.user.impl.UserInfoCacheServiceImpl.getUserFreezeCacheById(String) enable cache service,has cacheKey:zfpay_user_freeze_426 , return
2020-04-02 10:05:04 -请求地址 : http://192.168.191.1:8080/api/sys/notice/getUnReadNews
2020-04-02 10:05:04 -Map com.example.longecological.service.user.impl.UserInfoCacheServiceImpl.getUserInfoCacheById(String) enable cache service,cacheKey:zfpay_user_info_id_426
2020-04-02 10:05:04 -Map com.example.longecological.service.user.impl.UserInfoCacheServiceImpl.getUserInfoCacheById(String) enable cache service,has cacheKey:zfpay_user_info_id_426 , return
2020-04-02 10:05:04 -==>  Preparing: select sum(cnt) from (select count(*) as cnt from t_user_apply_cardrate_trapos_record_info where user_id = ? and status in('08','09') union select count(*) as cnt from t_user_apply_cardrate_mpos_record_info where user_id = ? and status in('08','09')) t 
2020-04-02 10:05:04 -==> Parameters: 426(String), 426(String)
2020-04-02 10:05:04 -此处进行解密+验签+身份验证
2020-04-02 10:05:04 -Map com.example.longecological.service.user.impl.UserInfoCacheServiceImpl.getUserFreezeCacheById(String) enable cache service,cacheKey:zfpay_user_freeze_426
2020-04-02 10:05:04 -Map com.example.longecological.service.user.impl.UserInfoCacheServiceImpl.getUserFreezeCacheById(String) enable cache service,has cacheKey:zfpay_user_freeze_426 , return
2020-04-02 10:05:04 -请求地址 : http://192.168.191.1:8080/api/user/info/getUserNewInfo
2020-04-02 10:05:04 -==>  Preparing: SELECT money, settle_money, deduct_money, today_benefit, total_benefit, settle_single_feet_money, single_rate_feet_money FROM t_user_info WHERE id = ? 
2020-04-02 10:05:04 -==> Parameters: 426(String)
2020-04-02 10:05:04 -<==      Total: 1
2020-04-02 10:05:04 -耗时 : 9
2020-04-02 10:05:04 -<==      Total: 1
2020-04-02 10:05:04 -==>  Preparing: select * from t_news_read_state where news_type=? and user_id=? 
2020-04-02 10:05:04 -==> Parameters: applyRateFlag(String), 426(String)
2020-04-02 10:05:04 -<==      Total: 1
2020-04-02 10:05:04 -==>  Preparing: update t_news_read_state set pre_unread_num=?,unread_num=? where user_id=? and news_type=? 
2020-04-02 10:05:04 -==> Parameters: 0(Integer), 0(Integer), 426(String), applyRateFlag(String)
2020-04-02 10:05:04 -<==    Updates: 1
2020-04-02 10:05:04 -==>  Preparing: select sum(cnt) from (SELECT count(*) as cnt FROM t_user_trapos_recall_record_info WHERE acce_user_id = ? AND status = '00' union SELECT count(*) as cnt FROM t_user_mpos_recall_record_info WHERE acce_user_id = ? AND status = '00') t 
2020-04-02 10:05:04 -==> Parameters: 426(String), 426(String)
2020-04-02 10:05:04 -<==      Total: 1
2020-04-02 10:05:04 -==>  Preparing: select * from t_news_read_state where news_type=? and user_id=? 
2020-04-02 10:05:04 -==> Parameters: recallFlag(String), 426(String)
2020-04-02 10:05:04 -<==      Total: 1
2020-04-02 10:05:04 -==>  Preparing: update t_news_read_state set pre_unread_num=?,unread_num=? where user_id=? and news_type=? 
2020-04-02 10:05:04 -==> Parameters: 0(Integer), 0(Integer), 426(String), recallFlag(String)
2020-04-02 10:05:04 -<==    Updates: 1
2020-04-02 10:05:04 -==>  Preparing: select count(*) as cnt from t_sys_money_locker_college_info 
2020-04-02 10:05:04 -==> Parameters: 
2020-04-02 10:05:04 -<==      Total: 1
2020-04-02 10:05:04 -==>  Preparing: select * from t_news_read_state where news_type=? and user_id=? 
2020-04-02 10:05:04 -==> Parameters: collegeFlag(String), 426(String)
2020-04-02 10:05:04 -<==      Total: 1
2020-04-02 10:05:04 -==>  Preparing: update t_news_read_state set pre_unread_num=?,unread_num=? where user_id=? and news_type=? 
2020-04-02 10:05:04 -==> Parameters: 25(Integer), 25(Integer), 426(String), collegeFlag(String)
2020-04-02 10:05:04 -<==    Updates: 1
2020-04-02 10:05:04 -==>  Preparing: select sum(cnt) from (select count(*) as cnt from t_user_apply_cardrate_trapos_record_info where user_id = ? and status in('08','09') union select count(*) as cnt from t_user_apply_cardrate_mpos_record_info where user_id = ? and status in('08','09')) t 
2020-04-02 10:05:04 -==> Parameters: 426(String), 426(String)
2020-04-02 10:05:04 -<==      Total: 1
2020-04-02 10:05:04 -==>  Preparing: select * from t_news_read_state where news_type=? and user_id=? 
2020-04-02 10:05:04 -==> Parameters: cardFlag(String), 426(String)
2020-04-02 10:05:04 -<==      Total: 1
2020-04-02 10:05:04 -==>  Preparing: update t_news_read_state set pre_unread_num=?,unread_num=? where user_id=? and news_type=? 
2020-04-02 10:05:04 -==> Parameters: 0(Integer), 0(Integer), 426(String), cardFlag(String)
2020-04-02 10:05:04 -<==    Updates: 1
2020-04-02 10:05:04 -==>  Preparing: select * from t_news_read_state where news_type=? and user_id=? 
2020-04-02 10:05:04 -==> Parameters: appImgFlag(String), 426(String)
2020-04-02 10:05:04 -<==      Total: 1
2020-04-02 10:05:04 -耗时 : 132
2020-04-02 10:10:52 -此处进行解密+验签+身份验证
2020-04-02 10:10:52 -Map com.example.longecological.service.user.impl.UserInfoCacheServiceImpl.getUserFreezeCacheById(String) enable cache service,cacheKey:zfpay_user_freeze_426
2020-04-02 10:10:52 -Map com.example.longecological.service.user.impl.UserInfoCacheServiceImpl.getUserFreezeCacheById(String) enable cache service,has cacheKey:zfpay_user_freeze_426 , return
2020-04-02 10:10:52 -请求地址 : http://192.168.191.1:8080/api/sys/machinesmanage/getMposAllocationList
2020-04-02 10:10:52 -==>  Preparing: SELECT sn, IFNULL(card_settle_price, '无') AS card_settle_price, IFNULL(cloud_settle_price, '无') AS cloud_settle_price, IFNULL(single_profit_rate, '无') AS single_profit_rate, IFNULL(cash_back_rate, '无') AS cash_back_rate, (select GROUP_CONCAT(policy_name) from t_sys_pos_policy_info tt where tt.sn=t_user_mpos_info.sn) as policy_name, cast((select (case when TIMESTAMPDIFF(day,CURRENT_DATE,str_to_date(module1_end_date,'%Y%m%d'))>=0 then TIMESTAMPDIFF(day,CURRENT_DATE,str_to_date(module1_end_date,'%Y%m%d')) else 0 end) as expire_day from t_sys_pos_policy_info tt where tt.sn=t_user_mpos_info.sn and tt.module_type=1) as char) as expire_day FROM t_user_mpos_info WHERE user_id = ? AND state_status = '1' AND activity_status = '0' AND trade_status = '0' AND del = '0' order by sn 
2020-04-02 10:10:52 -==> Parameters: 426(String)
2020-04-02 10:10:52 -此处进行解密+验签+身份验证
2020-04-02 10:10:52 -Map com.example.longecological.service.user.impl.UserInfoCacheServiceImpl.getUserFreezeCacheById(String) enable cache service,cacheKey:zfpay_user_freeze_426
2020-04-02 10:10:52 -Map com.example.longecological.service.user.impl.UserInfoCacheServiceImpl.getUserFreezeCacheById(String) enable cache service,has cacheKey:zfpay_user_freeze_426 , return
2020-04-02 10:10:52 -请求地址 : http://192.168.191.1:8080/api/sys/machinesmanage/getMposRecallList
2020-04-02 10:10:52 -==>  Preparing: SELECT t.sn, t.user_id FROM t_user_mpos_info t WHERE t.state_status = '1' AND t.activity_status = '0' AND t.trade_status = '0' AND del = '0' AND t.user_id in (select id from t_user_info where referer_id = ?) AND NOT EXISTS ( SELECT 1 FROM t_user_mpos_recall_record_info t1 WHERE t1.send_user_id = ? AND t1.sn = t.sn AND t1.status = '00') order by t.sn 
2020-04-02 10:10:52 -==> Parameters: 426(String), 426(String)
2020-04-02 10:10:52 -<==      Total: 204
2020-04-02 10:10:52 -耗时 : 201
2020-04-02 10:10:52 -<==      Total: 630
2020-04-02 10:10:52 -耗时 : 412
2020-04-02 10:10:54 -此处进行解密+验签+身份验证
2020-04-02 10:10:54 -Map com.example.longecological.service.user.impl.UserInfoCacheServiceImpl.getUserFreezeCacheById(String) enable cache service,cacheKey:zfpay_user_freeze_426
2020-04-02 10:10:54 -Map com.example.longecological.service.user.impl.UserInfoCacheServiceImpl.getUserFreezeCacheById(String) enable cache service,has cacheKey:zfpay_user_freeze_426 , return
2020-04-02 10:10:54 -请求地址 : http://192.168.191.1:8080/api/sys/machinesmanage/selectUnbindMpos
2020-04-02 10:10:54 -==>  Preparing: SELECT sn FROM t_user_mpos_info t WHERE t.user_id = ? AND t.state_status = '1' AND t.activity_status = '0' AND t.trade_status = '0' AND t.del = '0' AND NOT EXISTS(SELECT 1 FROM t_user_mpos_unbind_record_info tt WHERE tt.SN=t.sn AND tt.status='00') 
2020-04-02 10:10:54 -==> Parameters: 426(String)
2020-04-02 10:10:54 -<==      Total: 204
2020-04-02 10:10:54 -耗时 : 101
2020-04-02 10:10:56 -此处进行解密+验签+身份验证
2020-04-02 10:10:56 -Map com.example.longecological.service.user.impl.UserInfoCacheServiceImpl.getUserFreezeCacheById(String) enable cache service,cacheKey:zfpay_user_freeze_426
2020-04-02 10:10:56 -Map com.example.longecological.service.user.impl.UserInfoCacheServiceImpl.getUserFreezeCacheById(String) enable cache service,has cacheKey:zfpay_user_freeze_426 , return
2020-04-02 10:10:56 -请求地址 : http://192.168.191.1:8080/api/sys/machinesmanage/getMposUnbindRecordList
2020-04-02 10:10:56 -==>  Preparing: SELECT cast(id as char) as unbind_id, sn, status, DATE_FORMAT(STR_TO_DATE(CONCAT(cre_date, cre_time),'%Y%m%d%H%i%s'),'%Y-%m-%d %H:%i:%s') AS cre_datetime FROM t_user_mpos_unbind_record_info WHERE user_id = ? ORDER BY id desc limit 0,10 
2020-04-02 10:10:56 -==> Parameters: 426(String)
2020-04-02 10:10:56 -<==      Total: 1
2020-04-02 10:10:56 -耗时 : 2
2020-04-02 10:10:56 -此处进行解密+验签+身份验证
2020-04-02 10:10:56 -Map com.example.longecological.service.user.impl.UserInfoCacheServiceImpl.getUserFreezeCacheById(String) enable cache service,cacheKey:zfpay_user_freeze_426
2020-04-02 10:10:56 -Map com.example.longecological.service.user.impl.UserInfoCacheServiceImpl.getUserFreezeCacheById(String) enable cache service,has cacheKey:zfpay_user_freeze_426 , return
2020-04-02 10:10:56 -请求地址 : http://192.168.191.1:8080/api/sys/machinesmanage/getTraditionalPosUnbindRecordList
2020-04-02 10:10:56 -==>  Preparing: SELECT cast(id as char) as unbind_id, sn, status, DATE_FORMAT(STR_TO_DATE(CONCAT(cre_date, cre_time),'%Y%m%d%H%i%s'),'%Y-%m-%d %H:%i:%s') AS cre_datetime FROM t_user_trapos_unbind_record_info WHERE user_id = ? and pos_type is null ORDER BY id desc limit 0,10 
2020-04-02 10:10:56 -==> Parameters: 426(String)
2020-04-02 10:10:56 -<==      Total: 3
2020-04-02 10:10:56 -耗时 : 9
2020-04-02 10:10:59 -此处进行解密+验签+身份验证
2020-04-02 10:10:59 -Map com.example.longecological.service.user.impl.UserInfoCacheServiceImpl.getUserFreezeCacheById(String) enable cache service,cacheKey:zfpay_user_freeze_426
2020-04-02 10:10:59 -Map com.example.longecological.service.user.impl.UserInfoCacheServiceImpl.getUserFreezeCacheById(String) enable cache service,has cacheKey:zfpay_user_freeze_426 , return
2020-04-02 10:10:59 -请求地址 : http://192.168.191.1:8080/api/sys/machinesmanage/getTraditionalPosUnbindRecordList
2020-04-02 10:10:59 -==>  Preparing: SELECT cast(id as char) as unbind_id, sn, status, DATE_FORMAT(STR_TO_DATE(CONCAT(cre_date, cre_time),'%Y%m%d%H%i%s'),'%Y-%m-%d %H:%i:%s') AS cre_datetime FROM t_user_trapos_unbind_record_info WHERE user_id = ? and pos_type='epos' ORDER BY id desc limit 0,10 
2020-04-02 10:10:59 -==> Parameters: 426(String)
2020-04-02 10:10:59 -<==      Total: 1
2020-04-02 10:10:59 -耗时 : 4
2020-04-02 10:11:03 -此处进行解密+验签+身份验证
2020-04-02 10:11:03 -Map com.example.longecological.service.user.impl.UserInfoCacheServiceImpl.getUserFreezeCacheById(String) enable cache service,cacheKey:zfpay_user_freeze_426
2020-04-02 10:11:03 -Map com.example.longecological.service.user.impl.UserInfoCacheServiceImpl.getUserFreezeCacheById(String) enable cache service,has cacheKey:zfpay_user_freeze_426 , return
2020-04-02 10:11:03 -请求地址 : http://192.168.191.1:8080/api/user/info/getUserNewInfo
2020-04-02 10:11:03 -此处进行解密+验签+身份验证
2020-04-02 10:11:03 -==>  Preparing: SELECT money, settle_money, deduct_money, today_benefit, total_benefit, settle_single_feet_money, single_rate_feet_money FROM t_user_info WHERE id = ? 
2020-04-02 10:11:03 -==> Parameters: 426(String)
2020-04-02 10:11:03 -Map com.example.longecological.service.user.impl.UserInfoCacheServiceImpl.getUserFreezeCacheById(String) enable cache service,cacheKey:zfpay_user_freeze_426
2020-04-02 10:11:03 -Map com.example.longecological.service.user.impl.UserInfoCacheServiceImpl.getUserFreezeCacheById(String) enable cache service,has cacheKey:zfpay_user_freeze_426 , return
2020-04-02 10:11:03 -请求地址 : http://192.168.191.1:8080/api/sys/notice/getUnReadNews
2020-04-02 10:11:03 -Map com.example.longecological.service.user.impl.UserInfoCacheServiceImpl.getUserInfoCacheById(String) enable cache service,cacheKey:zfpay_user_info_id_426
2020-04-02 10:11:03 -<==      Total: 1
2020-04-02 10:11:03 -Map com.example.longecological.service.user.impl.UserInfoCacheServiceImpl.getUserInfoCacheById(String) enable cache service,has cacheKey:zfpay_user_info_id_426 , return
2020-04-02 10:11:03 -耗时 : 6
2020-04-02 10:11:03 -==>  Preparing: select sum(cnt) from (select count(*) as cnt from t_user_apply_cardrate_trapos_record_info where user_id = ? and status in('08','09') union select count(*) as cnt from t_user_apply_cardrate_mpos_record_info where user_id = ? and status in('08','09')) t 
2020-04-02 10:11:03 -==> Parameters: 426(String), 426(String)
2020-04-02 10:11:03 -<==      Total: 1
2020-04-02 10:11:03 -==>  Preparing: select * from t_news_read_state where news_type=? and user_id=? 
2020-04-02 10:11:03 -==> Parameters: applyRateFlag(String), 426(String)
2020-04-02 10:11:03 -<==      Total: 1
2020-04-02 10:11:03 -==>  Preparing: update t_news_read_state set pre_unread_num=?,unread_num=? where user_id=? and news_type=? 
2020-04-02 10:11:03 -==> Parameters: 0(Integer), 0(Integer), 426(String), applyRateFlag(String)
2020-04-02 10:11:03 -<==    Updates: 1
2020-04-02 10:11:03 -==>  Preparing: select sum(cnt) from (SELECT count(*) as cnt FROM t_user_trapos_recall_record_info WHERE acce_user_id = ? AND status = '00' union SELECT count(*) as cnt FROM t_user_mpos_recall_record_info WHERE acce_user_id = ? AND status = '00') t 
2020-04-02 10:11:03 -==> Parameters: 426(String), 426(String)
2020-04-02 10:11:03 -<==      Total: 1
2020-04-02 10:11:03 -==>  Preparing: select * from t_news_read_state where news_type=? and user_id=? 
2020-04-02 10:11:03 -==> Parameters: recallFlag(String), 426(String)
2020-04-02 10:11:03 -<==      Total: 1
2020-04-02 10:11:03 -==>  Preparing: update t_news_read_state set pre_unread_num=?,unread_num=? where user_id=? and news_type=? 
2020-04-02 10:11:03 -==> Parameters: 0(Integer), 0(Integer), 426(String), recallFlag(String)
2020-04-02 10:11:03 -<==    Updates: 1
2020-04-02 10:11:03 -==>  Preparing: select count(*) as cnt from t_sys_money_locker_college_info 
2020-04-02 10:11:03 -==> Parameters: 
2020-04-02 10:11:03 -<==      Total: 1
2020-04-02 10:11:03 -==>  Preparing: select * from t_news_read_state where news_type=? and user_id=? 
2020-04-02 10:11:03 -==> Parameters: collegeFlag(String), 426(String)
2020-04-02 10:11:03 -<==      Total: 1
2020-04-02 10:11:03 -==>  Preparing: update t_news_read_state set pre_unread_num=?,unread_num=? where user_id=? and news_type=? 
2020-04-02 10:11:03 -==> Parameters: 25(Integer), 25(Integer), 426(String), collegeFlag(String)
2020-04-02 10:11:03 -<==    Updates: 1
2020-04-02 10:11:03 -==>  Preparing: select sum(cnt) from (select count(*) as cnt from t_user_apply_cardrate_trapos_record_info where user_id = ? and status in('08','09') union select count(*) as cnt from t_user_apply_cardrate_mpos_record_info where user_id = ? and status in('08','09')) t 
2020-04-02 10:11:03 -==> Parameters: 426(String), 426(String)
2020-04-02 10:11:03 -<==      Total: 1
2020-04-02 10:11:03 -==>  Preparing: select * from t_news_read_state where news_type=? and user_id=? 
2020-04-02 10:11:03 -==> Parameters: cardFlag(String), 426(String)
2020-04-02 10:11:03 -<==      Total: 1
2020-04-02 10:11:03 -==>  Preparing: update t_news_read_state set pre_unread_num=?,unread_num=? where user_id=? and news_type=? 
2020-04-02 10:11:03 -==> Parameters: 0(Integer), 0(Integer), 426(String), cardFlag(String)
2020-04-02 10:11:03 -<==    Updates: 1
2020-04-02 10:11:03 -==>  Preparing: select * from t_news_read_state where news_type=? and user_id=? 
2020-04-02 10:11:03 -==> Parameters: appImgFlag(String), 426(String)
2020-04-02 10:11:03 -<==      Total: 1
2020-04-02 10:11:03 -耗时 : 121
2020-04-02 14:09:24 -Starting LongEcologicalApplication on PC-201905161910 with PID 12184 (D:\javaSVN\zf2_qh\zfPayOver\target\classes started by Administrator in D:\javaSVN\zf2_qh\zfPayOver)
2020-04-02 14:09:24 -Running with Spring Boot v2.1.1.RELEASE, Spring v5.1.3.RELEASE
2020-04-02 14:09:24 -No active profile set, falling back to default profiles: default
2020-04-02 14:09:25 -Skipping MapperFactoryBean with name 'onlineActivityMapper' and 'com.example.longecological.mapper.activity.OnlineActivityMapper' mapperInterface. Bean already defined with the same name!
2020-04-02 14:09:25 -Skipping MapperFactoryBean with name 'benefitCentreMapper' and 'com.example.longecological.mapper.benefitcentre.BenefitCentreMapper' mapperInterface. Bean already defined with the same name!
2020-04-02 14:09:25 -Skipping MapperFactoryBean with name 'sysParamMapper' and 'com.example.longecological.mapper.common.SysParamMapper' mapperInterface. Bean already defined with the same name!
2020-04-02 14:09:25 -Skipping MapperFactoryBean with name 'sysParamRateMapper' and 'com.example.longecological.mapper.common.SysParamRateMapper' mapperInterface. Bean already defined with the same name!
2020-04-02 14:09:25 -Skipping MapperFactoryBean with name 'verifyRecordMapper' and 'com.example.longecological.mapper.common.VerifyRecordMapper' mapperInterface. Bean already defined with the same name!
2020-04-02 14:09:25 -Skipping MapperFactoryBean with name 'machinesManageMapper' and 'com.example.longecological.mapper.machines.MachinesManageMapper' mapperInterface. Bean already defined with the same name!
2020-04-02 14:09:25 -Skipping MapperFactoryBean with name 'merchantManageMapper' and 'com.example.longecological.mapper.merchant.MerchantManageMapper' mapperInterface. Bean already defined with the same name!
2020-04-02 14:09:25 -Skipping MapperFactoryBean with name 'messageMapper' and 'com.example.longecological.mapper.message.MessageMapper' mapperInterface. Bean already defined with the same name!
2020-04-02 14:09:25 -Skipping MapperFactoryBean with name 'moneyLockerCollegeMapper' and 'com.example.longecological.mapper.moneylocker.MoneyLockerCollegeMapper' mapperInterface. Bean already defined with the same name!
2020-04-02 14:09:25 -Skipping MapperFactoryBean with name 'mposMapper' and 'com.example.longecological.mapper.mpos.MposMapper' mapperInterface. Bean already defined with the same name!
2020-04-02 14:09:25 -Skipping MapperFactoryBean with name 'scheduleJobMapper' and 'com.example.longecological.mapper.quartz.ScheduleJobMapper' mapperInterface. Bean already defined with the same name!
2020-04-02 14:09:25 -Skipping MapperFactoryBean with name 'creditCardRatesApplyMapper' and 'com.example.longecological.mapper.ratesmanage.CreditCardRatesApplyMapper' mapperInterface. Bean already defined with the same name!
2020-04-02 14:09:25 -Skipping MapperFactoryBean with name 'reportFormsMapper' and 'com.example.longecological.mapper.reportforms.ReportFormsMapper' mapperInterface. Bean already defined with the same name!
2020-04-02 14:09:25 -Skipping MapperFactoryBean with name 'sysAppImgMapper' and 'com.example.longecological.mapper.system.SysAppImgMapper' mapperInterface. Bean already defined with the same name!
2020-04-02 14:09:25 -Skipping MapperFactoryBean with name 'sysBankInfoMapper' and 'com.example.longecological.mapper.system.SysBankInfoMapper' mapperInterface. Bean already defined with the same name!
2020-04-02 14:09:25 -Skipping MapperFactoryBean with name 'sysExchangeUrlMapper' and 'com.example.longecological.mapper.system.SysExchangeUrlMapper' mapperInterface. Bean already defined with the same name!
2020-04-02 14:09:25 -Skipping MapperFactoryBean with name 'sysNewsMapper' and 'com.example.longecological.mapper.system.SysNewsMapper' mapperInterface. Bean already defined with the same name!
2020-04-02 14:09:25 -Skipping MapperFactoryBean with name 'sysNoticeMapper' and 'com.example.longecological.mapper.system.SysNoticeMapper' mapperInterface. Bean already defined with the same name!
2020-04-02 14:09:25 -Skipping MapperFactoryBean with name 'sysVersionMapper' and 'com.example.longecological.mapper.system.SysVersionMapper' mapperInterface. Bean already defined with the same name!
2020-04-02 14:09:25 -Skipping MapperFactoryBean with name 'test' and 'com.example.longecological.mapper.test.Test' mapperInterface. Bean already defined with the same name!
2020-04-02 14:09:25 -Skipping MapperFactoryBean with name 'traditionalPosMapper' and 'com.example.longecological.mapper.traditionalpos.TraditionalPosMapper' mapperInterface. Bean already defined with the same name!
2020-04-02 14:09:25 -Skipping MapperFactoryBean with name 'userCardInfoMapper' and 'com.example.longecological.mapper.user.UserCardInfoMapper' mapperInterface. Bean already defined with the same name!
2020-04-02 14:09:25 -Skipping MapperFactoryBean with name 'userCashRecordMapper' and 'com.example.longecological.mapper.user.UserCashRecordMapper' mapperInterface. Bean already defined with the same name!
2020-04-02 14:09:25 -Skipping MapperFactoryBean with name 'userFeedBackMapper' and 'com.example.longecological.mapper.user.UserFeedBackMapper' mapperInterface. Bean already defined with the same name!
2020-04-02 14:09:25 -Skipping MapperFactoryBean with name 'userInfoMapper' and 'com.example.longecological.mapper.user.UserInfoMapper' mapperInterface. Bean already defined with the same name!
2020-04-02 14:09:25 -Skipping MapperFactoryBean with name 'zhongFuBackMapper' and 'com.example.longecological.mapper.zfback.ZhongFuBackMapper' mapperInterface. Bean already defined with the same name!
2020-04-02 14:09:25 -Multiple Spring Data modules found, entering strict repository configuration mode!
2020-04-02 14:09:25 -Bootstrapping Spring Data repositories in DEFAULT mode.
2020-04-02 14:09:26 -Finished Spring Data repository scanning in 77ms. Found 0 repository interfaces.
2020-04-02 14:09:26 -Multiple Spring Data modules found, entering strict repository configuration mode!
2020-04-02 14:09:26 -Bootstrapping Spring Data repositories in DEFAULT mode.
2020-04-02 14:09:26 -Finished Spring Data repository scanning in 42ms. Found 0 repository interfaces.
2020-04-02 14:09:26 -Bean 'taskExecutorConfig' of type [com.example.longecological.config.thread.TaskExecutorConfig$$EnhancerBySpringCGLIB$$5ed2cae2] is not eligible for getting processed by all BeanPostProcessors (for example: not eligible for auto-proxying)
2020-04-02 14:09:26 -Bean 'org.springframework.transaction.annotation.ProxyTransactionManagementConfiguration' of type [org.springframework.transaction.annotation.ProxyTransactionManagementConfiguration$$EnhancerBySpringCGLIB$$5956af82] is not eligible for getting processed by all BeanPostProcessors (for example: not eligible for auto-proxying)
2020-04-02 14:09:27 -Tomcat initialized with port(s): 8080 (http)
2020-04-02 14:09:27 -Initializing ProtocolHandler ["http-nio-8080"]
2020-04-02 14:09:27 -Starting service [Tomcat]
2020-04-02 14:09:27 -Starting Servlet Engine: Apache Tomcat/9.0.13
2020-04-02 14:09:27 -The APR based Apache Tomcat Native library which allows optimal performance in production environments was not found on the java.library.path: [C:\Program Files\Java\jdk1.8.0_181\bin;C:\Windows\Sun\Java\bin;C:\Windows\system32;C:\Windows;C:\Program Files (x86)\NetSarang\Xshell 6\;C:\Python27\;C:\Python27\Scripts;C:\Program Files (x86)\NetSarang\Xftp 6\;C:\Program Files (x86)\Common Files\Oracle\Java\javapath;C:\Windows\system32;C:\Windows;C:\Windows\System32\Wbem;C:\Windows\System32\WindowsPowerShell\v1.0\;C:\Program Files (x86)\MySQL\MySQL Utilities 1.6\;C:\Program Files\TortoiseSVN\bin;C:\Program Files\Git\cmd;C:\ProgramData\chocolatey\bin;C:\Program Files\Geth;D:\360Downloads\web3j-3.6.0\bin;C:\Program Files\nodejs\;C:\Program Files\Microsoft SQL Server\120\DTS\Binn\;C:\Program Files\Microsoft SQL Server\Client SDK\ODBC\110\Tools\Binn\;C:\Program Files (x86)\Microsoft SQL Server\120\Tools\Binn\;C:\Program Files\Microsoft SQL Server\120\Tools\Binn\;C:\Program Files (x86)\Microsoft SQL Server\120\Tools\Binn\ManagementStudio\;C:\Program Files (x86)\Microsoft SQL Server\120\DTS\Binn\;C:\Program Files\Redis\;C:\Users\Administrator\AppData\Local\Microsoft\WindowsApps;C:\Program Files\Microsoft VS Code\bin;D:\360Downloads\web3j-3.6.0\bin;C:\Users\Administrator\AppData\Roaming\npm;C:\Program Files\Java\jdk1.8.0_181;;.]
2020-04-02 14:09:27 -Initializing Spring embedded WebApplicationContext
2020-04-02 14:09:27 -Root WebApplicationContext: initialization completed in 2454 ms
2020-04-02 14:09:27 -Filter xssFilter was not registered (disabled)
2020-04-02 14:09:27 -HikariPool-1 - Starting...
2020-04-02 14:09:27 -HikariPool-1 - Start completed.
2020-04-02 14:09:27 -HHH000204: Processing PersistenceUnitInfo [
	name: default
	...]
2020-04-02 14:09:27 -HHH000412: Hibernate Core {5.3.7.Final}
2020-04-02 14:09:27 -HHH000206: hibernate.properties not found
2020-04-02 14:09:28 -HCANN000001: Hibernate Commons Annotations {5.0.4.Final}
2020-04-02 14:09:28 -HHH000400: Using dialect: org.hibernate.dialect.MySQL5Dialect
2020-04-02 14:09:28 -Initialized JPA EntityManagerFactory for persistence unit 'default'
2020-04-02 14:09:28 -Using default implementation for ThreadExecutor
2020-04-02 14:09:28 -Initialized Scheduler Signaller of type: class org.quartz.core.SchedulerSignalerImpl
2020-04-02 14:09:28 -Quartz Scheduler v.2.3.0 created.
2020-04-02 14:09:28 -RAMJobStore initialized.
2020-04-02 14:09:28 -Scheduler meta-data: Quartz Scheduler (v2.3.0) 'schedulerFactoryBean' with instanceId 'NON_CLUSTERED'
  Scheduler class: 'org.quartz.core.QuartzScheduler' - running locally.
  NOT STARTED.
  Currently in standby mode.
  Number of jobs executed: 0
  Using thread pool 'org.quartz.simpl.SimpleThreadPool' - with 10 threads.
  Using job-store 'org.quartz.simpl.RAMJobStore' - which does not support persistence. and is not clustered.

2020-04-02 14:09:28 -Quartz scheduler 'schedulerFactoryBean' initialized from an externally provided properties instance.
2020-04-02 14:09:28 -Quartz scheduler version: 2.3.0
2020-04-02 14:09:28 -JobFactory set to: org.springframework.scheduling.quartz.AdaptableJobFactory@446b64b3
2020-04-02 14:09:29 -STAET TaskExecutorConfig
2020-04-02 14:09:29 -Initializing ExecutorService
2020-04-02 14:09:29 -Initializing ExecutorService 'getAsyncExecutor'
2020-04-02 14:09:29 -spring.jpa.open-in-view is enabled by default. Therefore, database queries may be performed during view rendering. Explicitly configure spring.jpa.open-in-view to disable this warning
2020-04-02 14:09:29 -Cannot find template location: classpath:/templates/ (please add some templates or check your Thymeleaf configuration)
2020-04-02 14:09:30 -Initializing ExecutorService 'taskScheduler'
2020-04-02 14:09:30 -Starting Quartz Scheduler now
2020-04-02 14:09:30 -Scheduler schedulerFactoryBean_$_NON_CLUSTERED started.
2020-04-02 14:09:30 -Starting ProtocolHandler ["http-nio-8080"]
2020-04-02 14:09:30 -Using a shared selector for servlet write/read
2020-04-02 14:09:30 -Tomcat started on port(s): 8080 (http) with context path ''
2020-04-02 14:09:30 -Started LongEcologicalApplication in 6.049 seconds (JVM running for 7.078)
2020-04-02 14:09:37 -Initializing Spring DispatcherServlet 'dispatcherServlet'
2020-04-02 14:09:37 -Initializing Servlet 'dispatcherServlet'
2020-04-02 14:09:37 -Completed initialization in 15 ms
2020-04-02 14:09:37 -此处进行解密+验签+身份验证
2020-04-02 14:09:37 -此处进行解密+验签+身份验证
2020-04-02 14:09:37 -此处进行解密+验签+身份验证
2020-04-02 14:09:37 -此处进行解密+验签+身份验证
2020-04-02 14:09:37 -Map com.example.longecological.service.user.impl.UserInfoCacheServiceImpl.getUserFreezeCacheById(String) enable cache service,cacheKey:zfpay_user_freeze_426
2020-04-02 14:09:37 -Map com.example.longecological.service.user.impl.UserInfoCacheServiceImpl.getUserFreezeCacheById(String) enable cache service,cacheKey:zfpay_user_freeze_426
2020-04-02 14:09:37 -Map com.example.longecological.service.user.impl.UserInfoCacheServiceImpl.getUserFreezeCacheById(String) enable cache service,cacheKey:zfpay_user_freeze_426
2020-04-02 14:09:37 -Map com.example.longecological.service.user.impl.UserInfoCacheServiceImpl.getUserFreezeCacheById(String) enable cache service,cacheKey:zfpay_user_freeze_426
2020-04-02 14:09:37 -Starting without optional epoll library
2020-04-02 14:09:37 -Starting without optional kqueue library
2020-04-02 14:09:38 -Map com.example.longecological.service.user.impl.UserInfoCacheServiceImpl.getUserFreezeCacheById(String) enable cache service,has cacheKey:zfpay_user_freeze_426 , return
2020-04-02 14:09:38 -Map com.example.longecological.service.user.impl.UserInfoCacheServiceImpl.getUserFreezeCacheById(String) enable cache service,has cacheKey:zfpay_user_freeze_426 , return
2020-04-02 14:09:38 -Map com.example.longecological.service.user.impl.UserInfoCacheServiceImpl.getUserFreezeCacheById(String) enable cache service,has cacheKey:zfpay_user_freeze_426 , return
2020-04-02 14:09:38 -Map com.example.longecological.service.user.impl.UserInfoCacheServiceImpl.getUserFreezeCacheById(String) enable cache service,has cacheKey:zfpay_user_freeze_426 , return
2020-04-02 14:09:38 -请求地址 : http://192.168.191.1:8080/api/sys/benefitcentre/getBenefitCentreTraditionalPosDetail
2020-04-02 14:09:38 -请求地址 : http://192.168.191.1:8080/api/sys/benefitcentre/getBenefitCentreTraditionalPosDetail
2020-04-02 14:09:38 -请求地址 : http://192.168.191.1:8080/api/sys/benefitcentre/getHeaderInformation
2020-04-02 14:09:38 -请求地址 : http://192.168.191.1:8080/api/sys/benefitcentre/getBenefitCentreMposDetail
2020-04-02 14:09:38 -==>  Preparing: SELECT cast(today_benefit as char) as today_benefit, cast(money as char) AS withdraw_money, cast(settle_money as char) as settle_money, cast(total_benefit as char) as total_benefit FROM t_user_info WHERE id = ? 
2020-04-02 14:09:38 -==>  Preparing: SELECT cast(benefit as char) benefit, cast(merchant_benefit as char) as merchant_benefit, cast(agency_benefit as char) as agency_benefit, cast(( share_benefit + single_benefit ) as char) AS share_benefit, cast(return_benefit as char) as return_benefit, cast(activity_benefit as char) as activity_benefit, cast(deduct_money as char) as deduct_money FROM t_summary_user_mpos_benefit_month WHERE user_id = ? and cre_month = ? 
2020-04-02 14:09:38 -==>  Preparing: SELECT cast(benefit as char) benefit, cast(merchant_benefit as char) as merchant_benefit, cast(agency_benefit as char) as agency_benefit, cast(( share_benefit + single_benefit ) as char) AS share_benefit, cast(return_benefit as char) as return_benefit, cast(activity_benefit as char) as activity_benefit, cast(deduct_money as char) as deduct_money FROM t_summary_user_traditional_pos_benefit_month WHERE user_id = ? and cre_month = ? and pos_type='epos' 
2020-04-02 14:09:38 -==>  Preparing: SELECT cast(benefit as char) benefit, cast(merchant_benefit as char) as merchant_benefit, cast(agency_benefit as char) as agency_benefit, cast(( share_benefit + single_benefit ) as char) AS share_benefit, cast(return_benefit as char) as return_benefit, cast(activity_benefit as char) as activity_benefit, cast(deduct_money as char) as deduct_money FROM t_summary_user_traditional_pos_benefit_month WHERE user_id = ? and cre_month = ? and pos_type is null 
2020-04-02 14:09:38 -==> Parameters: 426(String), 202004(String)
2020-04-02 14:09:38 -==> Parameters: 426(String), 202004(String)
2020-04-02 14:09:38 -==> Parameters: 426(String)
2020-04-02 14:09:38 -==> Parameters: 426(String), 202004(String)
2020-04-02 14:09:38 -<==      Total: 0
2020-04-02 14:09:38 -<==      Total: 0
2020-04-02 14:09:38 -<==      Total: 0
2020-04-02 14:09:38 -耗时 : 52
2020-04-02 14:09:38 -耗时 : 52
2020-04-02 14:09:38 -耗时 : 53
2020-04-02 14:09:38 -<==      Total: 1
2020-04-02 14:09:38 -耗时 : 55
