2020-03-08 14:38:31 -Starting LongEcologicalApplication on PC-201905161910 with PID 17100 (D:\javaSVN\zf2_qh\zfPayOver\target\classes started by Administrator in D:\javaSVN\zf2_qh\zfPayOver)
2020-03-08 14:38:31 -Running with Spring Boot v2.1.1.RELEASE, Spring v5.1.3.RELEASE
2020-03-08 14:38:31 -No active profile set, falling back to default profiles: default
2020-03-08 14:38:32 -Skipping MapperFactoryBean with name 'onlineActivityMapper' and 'com.example.longecological.mapper.activity.OnlineActivityMapper' mapperInterface. Bean already defined with the same name!
2020-03-08 14:38:32 -Skipping MapperFactoryBean with name 'benefitCentreMapper' and 'com.example.longecological.mapper.benefitcentre.BenefitCentreMapper' mapperInterface. Bean already defined with the same name!
2020-03-08 14:38:32 -Skipping MapperFactoryBean with name 'sysParamMapper' and 'com.example.longecological.mapper.common.SysParamMapper' mapperInterface. Bean already defined with the same name!
2020-03-08 14:38:32 -Skipping MapperFactoryBean with name 'sysParamRateMapper' and 'com.example.longecological.mapper.common.SysParamRateMapper' mapperInterface. Bean already defined with the same name!
2020-03-08 14:38:32 -Skipping MapperFactoryBean with name 'verifyRecordMapper' and 'com.example.longecological.mapper.common.VerifyRecordMapper' mapperInterface. Bean already defined with the same name!
2020-03-08 14:38:32 -Skipping MapperFactoryBean with name 'machinesManageMapper' and 'com.example.longecological.mapper.machines.MachinesManageMapper' mapperInterface. Bean already defined with the same name!
2020-03-08 14:38:32 -Skipping MapperFactoryBean with name 'merchantManageMapper' and 'com.example.longecological.mapper.merchant.MerchantManageMapper' mapperInterface. Bean already defined with the same name!
2020-03-08 14:38:32 -Skipping MapperFactoryBean with name 'messageMapper' and 'com.example.longecological.mapper.message.MessageMapper' mapperInterface. Bean already defined with the same name!
2020-03-08 14:38:32 -Skipping MapperFactoryBean with name 'moneyLockerCollegeMapper' and 'com.example.longecological.mapper.moneylocker.MoneyLockerCollegeMapper' mapperInterface. Bean already defined with the same name!
2020-03-08 14:38:32 -Skipping MapperFactoryBean with name 'mposMapper' and 'com.example.longecological.mapper.mpos.MposMapper' mapperInterface. Bean already defined with the same name!
2020-03-08 14:38:32 -Skipping MapperFactoryBean with name 'scheduleJobMapper' and 'com.example.longecological.mapper.quartz.ScheduleJobMapper' mapperInterface. Bean already defined with the same name!
2020-03-08 14:38:32 -Skipping MapperFactoryBean with name 'creditCardRatesApplyMapper' and 'com.example.longecological.mapper.ratesmanage.CreditCardRatesApplyMapper' mapperInterface. Bean already defined with the same name!
2020-03-08 14:38:32 -Skipping MapperFactoryBean with name 'reportFormsMapper' and 'com.example.longecological.mapper.reportforms.ReportFormsMapper' mapperInterface. Bean already defined with the same name!
2020-03-08 14:38:32 -Skipping MapperFactoryBean with name 'sysAppImgMapper' and 'com.example.longecological.mapper.system.SysAppImgMapper' mapperInterface. Bean already defined with the same name!
2020-03-08 14:38:32 -Skipping MapperFactoryBean with name 'sysBankInfoMapper' and 'com.example.longecological.mapper.system.SysBankInfoMapper' mapperInterface. Bean already defined with the same name!
2020-03-08 14:38:32 -Skipping MapperFactoryBean with name 'sysExchangeUrlMapper' and 'com.example.longecological.mapper.system.SysExchangeUrlMapper' mapperInterface. Bean already defined with the same name!
2020-03-08 14:38:32 -Skipping MapperFactoryBean with name 'sysNewsMapper' and 'com.example.longecological.mapper.system.SysNewsMapper' mapperInterface. Bean already defined with the same name!
2020-03-08 14:38:32 -Skipping MapperFactoryBean with name 'sysNoticeMapper' and 'com.example.longecological.mapper.system.SysNoticeMapper' mapperInterface. Bean already defined with the same name!
2020-03-08 14:38:32 -Skipping MapperFactoryBean with name 'sysVersionMapper' and 'com.example.longecological.mapper.system.SysVersionMapper' mapperInterface. Bean already defined with the same name!
2020-03-08 14:38:32 -Skipping MapperFactoryBean with name 'test' and 'com.example.longecological.mapper.test.Test' mapperInterface. Bean already defined with the same name!
2020-03-08 14:38:32 -Skipping MapperFactoryBean with name 'traditionalPosMapper' and 'com.example.longecological.mapper.traditionalpos.TraditionalPosMapper' mapperInterface. Bean already defined with the same name!
2020-03-08 14:38:32 -Skipping MapperFactoryBean with name 'userCardInfoMapper' and 'com.example.longecological.mapper.user.UserCardInfoMapper' mapperInterface. Bean already defined with the same name!
2020-03-08 14:38:32 -Skipping MapperFactoryBean with name 'userCashRecordMapper' and 'com.example.longecological.mapper.user.UserCashRecordMapper' mapperInterface. Bean already defined with the same name!
2020-03-08 14:38:32 -Skipping MapperFactoryBean with name 'userFeedBackMapper' and 'com.example.longecological.mapper.user.UserFeedBackMapper' mapperInterface. Bean already defined with the same name!
2020-03-08 14:38:32 -Skipping MapperFactoryBean with name 'userInfoMapper' and 'com.example.longecological.mapper.user.UserInfoMapper' mapperInterface. Bean already defined with the same name!
2020-03-08 14:38:32 -Skipping MapperFactoryBean with name 'zhongFuBackMapper' and 'com.example.longecological.mapper.zfback.ZhongFuBackMapper' mapperInterface. Bean already defined with the same name!
2020-03-08 14:38:33 -Multiple Spring Data modules found, entering strict repository configuration mode!
2020-03-08 14:38:33 -Bootstrapping Spring Data repositories in DEFAULT mode.
2020-03-08 14:38:33 -Finished Spring Data repository scanning in 81ms. Found 0 repository interfaces.
2020-03-08 14:38:33 -Multiple Spring Data modules found, entering strict repository configuration mode!
2020-03-08 14:38:33 -Bootstrapping Spring Data repositories in DEFAULT mode.
2020-03-08 14:38:33 -Finished Spring Data repository scanning in 75ms. Found 0 repository interfaces.
2020-03-08 14:38:33 -Bean 'taskExecutorConfig' of type [com.example.longecological.config.thread.TaskExecutorConfig$$EnhancerBySpringCGLIB$$152f4df9] is not eligible for getting processed by all BeanPostProcessors (for example: not eligible for auto-proxying)
2020-03-08 14:38:33 -Bean 'org.springframework.transaction.annotation.ProxyTransactionManagementConfiguration' of type [org.springframework.transaction.annotation.ProxyTransactionManagementConfiguration$$EnhancerBySpringCGLIB$$fb33299] is not eligible for getting processed by all BeanPostProcessors (for example: not eligible for auto-proxying)
2020-03-08 14:38:34 -Tomcat initialized with port(s): 8080 (http)
2020-03-08 14:38:34 -Initializing ProtocolHandler ["http-nio-8080"]
2020-03-08 14:38:34 -Starting service [Tomcat]
2020-03-08 14:38:34 -Starting Servlet Engine: Apache Tomcat/9.0.13
2020-03-08 14:38:34 -The APR based Apache Tomcat Native library which allows optimal performance in production environments was not found on the java.library.path: [C:\Program Files\Java\jdk1.8.0_181\bin;C:\Windows\Sun\Java\bin;C:\Windows\system32;C:\Windows;C:\Program Files (x86)\NetSarang\Xshell 6\;C:\Python27\;C:\Python27\Scripts;C:\Program Files (x86)\NetSarang\Xftp 6\;C:\Program Files (x86)\Common Files\Oracle\Java\javapath;C:\Windows\system32;C:\Windows;C:\Windows\System32\Wbem;C:\Windows\System32\WindowsPowerShell\v1.0\;C:\Program Files (x86)\MySQL\MySQL Utilities 1.6\;C:\Program Files\TortoiseSVN\bin;C:\Program Files\Git\cmd;C:\ProgramData\chocolatey\bin;C:\Program Files\Geth;D:\360Downloads\web3j-3.6.0\bin;C:\Program Files\nodejs\;C:\Program Files\Microsoft SQL Server\120\DTS\Binn\;C:\Program Files\Microsoft SQL Server\Client SDK\ODBC\110\Tools\Binn\;C:\Program Files (x86)\Microsoft SQL Server\120\Tools\Binn\;C:\Program Files\Microsoft SQL Server\120\Tools\Binn\;C:\Program Files (x86)\Microsoft SQL Server\120\Tools\Binn\ManagementStudio\;C:\Program Files (x86)\Microsoft SQL Server\120\DTS\Binn\;C:\Users\Administrator\AppData\Local\Microsoft\WindowsApps;C:\Program Files\Microsoft VS Code\bin;D:\360Downloads\web3j-3.6.0\bin;C:\Users\Administrator\AppData\Roaming\npm;C:\Program Files\Java\jdk1.8.0_181;;.]
2020-03-08 14:38:34 -Initializing Spring embedded WebApplicationContext
2020-03-08 14:38:34 -Root WebApplicationContext: initialization completed in 2889 ms
2020-03-08 14:38:34 -Filter xssFilter was not registered (disabled)
2020-03-08 14:38:35 -HikariPool-1 - Starting...
2020-03-08 14:38:35 -HikariPool-1 - Start completed.
2020-03-08 14:38:35 -HHH000204: Processing PersistenceUnitInfo [
	name: default
	...]
2020-03-08 14:38:35 -HHH000412: Hibernate Core {5.3.7.Final}
2020-03-08 14:38:35 -HHH000206: hibernate.properties not found
2020-03-08 14:38:35 -HCANN000001: Hibernate Commons Annotations {5.0.4.Final}
2020-03-08 14:38:36 -HHH000400: Using dialect: org.hibernate.dialect.MySQL5Dialect
2020-03-08 14:38:36 -Initialized JPA EntityManagerFactory for persistence unit 'default'
2020-03-08 14:38:36 -Using default implementation for ThreadExecutor
2020-03-08 14:38:36 -Initialized Scheduler Signaller of type: class org.quartz.core.SchedulerSignalerImpl
2020-03-08 14:38:36 -Quartz Scheduler v.2.3.0 created.
2020-03-08 14:38:36 -RAMJobStore initialized.
2020-03-08 14:38:36 -Scheduler meta-data: Quartz Scheduler (v2.3.0) 'schedulerFactoryBean' with instanceId 'NON_CLUSTERED'
  Scheduler class: 'org.quartz.core.QuartzScheduler' - running locally.
  NOT STARTED.
  Currently in standby mode.
  Number of jobs executed: 0
  Using thread pool 'org.quartz.simpl.SimpleThreadPool' - with 10 threads.
  Using job-store 'org.quartz.simpl.RAMJobStore' - which does not support persistence. and is not clustered.

2020-03-08 14:38:36 -Quartz scheduler 'schedulerFactoryBean' initialized from an externally provided properties instance.
2020-03-08 14:38:36 -Quartz scheduler version: 2.3.0
2020-03-08 14:38:36 -JobFactory set to: org.springframework.scheduling.quartz.AdaptableJobFactory@6bb4cc0e
2020-03-08 14:38:37 -STAET TaskExecutorConfig
2020-03-08 14:38:37 -Initializing ExecutorService
2020-03-08 14:38:37 -Initializing ExecutorService 'getAsyncExecutor'
2020-03-08 14:38:37 -spring.jpa.open-in-view is enabled by default. Therefore, database queries may be performed during view rendering. Explicitly configure spring.jpa.open-in-view to disable this warning
2020-03-08 14:38:37 -Cannot find template location: classpath:/templates/ (please add some templates or check your Thymeleaf configuration)
2020-03-08 14:38:38 -Initializing ExecutorService 'taskScheduler'
2020-03-08 14:38:38 -Starting Quartz Scheduler now
2020-03-08 14:38:38 -Scheduler schedulerFactoryBean_$_NON_CLUSTERED started.
2020-03-08 14:38:38 -Starting ProtocolHandler ["http-nio-8080"]
2020-03-08 14:38:38 -Using a shared selector for servlet write/read
2020-03-08 14:38:38 -Tomcat started on port(s): 8080 (http) with context path ''
2020-03-08 14:38:38 -Started LongEcologicalApplication in 7.324 seconds (JVM running for 8.338)
2020-03-08 14:44:03 -Initializing Spring DispatcherServlet 'dispatcherServlet'
2020-03-08 14:44:03 -Initializing Servlet 'dispatcherServlet'
2020-03-08 14:44:03 -Completed initialization in 11 ms
2020-03-08 14:44:03 -此处进行解密+验签+身份验证
2020-03-08 14:44:03 -此处进行解密+验签+身份验证
2020-03-08 14:44:03 -此处进行解密+验签+身份验证
2020-03-08 14:44:03 -此处进行解密+验签+身份验证
2020-03-08 14:44:03 -Map com.example.longecological.service.user.impl.UserInfoCacheServiceImpl.getUserFreezeCacheById(String) enable cache service,cacheKey:zfpay_user_freeze_181
2020-03-08 14:44:03 -Map com.example.longecological.service.user.impl.UserInfoCacheServiceImpl.getUserFreezeCacheById(String) enable cache service,cacheKey:zfpay_user_freeze_181
2020-03-08 14:44:03 -Map com.example.longecological.service.user.impl.UserInfoCacheServiceImpl.getUserFreezeCacheById(String) enable cache service,cacheKey:zfpay_user_freeze_181
2020-03-08 14:44:03 -Starting without optional epoll library
2020-03-08 14:44:03 -Starting without optional kqueue library
2020-03-08 14:44:04 -解密：{
  "login_type" : "token",
  "device_type" : "iOS",
  "sign" : "B0AAAE9641C1CB676639F4C48E5A20AD",
  "version_no" : "1.1.1",
  "token" : "181|O9TOXZ0B5W2Y6GLVKPB7GXKQ7XH5Z46P",
  "device_no" : "iOS11.4.1"
}
2020-03-08 14:44:04 -请求地址 : http://192.168.191.1:8080/api/user/login/userLogin
2020-03-08 14:44:04 -token值=======181|O9TOXZ0B5W2Y6GLVKPB7GXKQ7XH5Z46P
2020-03-08 14:44:04 -Map com.example.longecological.service.user.impl.UserInfoCacheServiceImpl.getUserFreezeCacheById(String) enable cache service,has cacheKey:zfpay_user_freeze_181 , return
2020-03-08 14:44:04 -Map com.example.longecological.service.user.impl.UserInfoCacheServiceImpl.getUserFreezeCacheById(String) enable cache service,has cacheKey:zfpay_user_freeze_181 , return
2020-03-08 14:44:04 -Map com.example.longecological.service.user.impl.UserInfoCacheServiceImpl.getUserFreezeCacheById(String) enable cache service,has cacheKey:zfpay_user_freeze_181 , return
2020-03-08 14:44:04 -请求地址 : http://192.168.191.1:8080/api/sys/appImg/getAppImgList
2020-03-08 14:44:04 -请求地址 : http://192.168.191.1:8080/api/sys/notice/getNewNotice
2020-03-08 14:44:04 -请求地址 : http://192.168.191.1:8080/api/sys/news/getNewNews
2020-03-08 14:44:04 -List com.example.longecological.service.system.impl.SysAppImgCacheServiceImpl.getAppImgList(Map) enable cache service,cacheKey:zfpay_sys_app_img_01
2020-03-08 14:44:04 -List com.example.longecological.service.system.impl.SysAppImgCacheServiceImpl.getAppImgList(Map) enable cache service,has cacheKey:zfpay_sys_app_img_01 , return
2020-03-08 14:44:04 -==>  Preparing: SELECT cast(id as char) as news_id, news_title, news_cover, cast(browse_num as char) as browse_num, DATE_FORMAT( STR_TO_DATE( CONCAT(cre_date, cre_time), '%Y%m%d%H%i%s' ), '%Y-%m-%d %H:%i:%s' ) AS cre_date FROM t_sys_news_info where status=0 order by id desc limit 0,3 
2020-03-08 14:44:04 -==>  Preparing: SELECT * FROM t_user_info where id = ? 
2020-03-08 14:44:04 -耗时 : 25
2020-03-08 14:44:04 -==>  Preparing: SELECT cast(t.id as char) as notice_id, t.notice_title, cast((select count(*) from t_user_read_notice_info where user_id = ? and notice_id = t.id) as char) as is_read, DATE_FORMAT( STR_TO_DATE( CONCAT(t.cre_date, t.cre_time), '%Y%m%d%H%i%s' ), '%Y-%m-%d %H:%i:%s' ) AS cre_date FROM t_sys_notice_info t where t.status=0 order by t.id desc limit 0,2 
2020-03-08 14:44:04 -==> Parameters: 
2020-03-08 14:44:04 -==> Parameters: 181(String)
2020-03-08 14:44:04 -==> Parameters: 181(String)
2020-03-08 14:44:04 -<==      Total: 3
2020-03-08 14:44:04 -<==      Total: 2
2020-03-08 14:44:04 -<==      Total: 1
2020-03-08 14:44:04 -耗时 : 50
2020-03-08 14:44:04 -耗时 : 50
2020-03-08 14:44:04 -==>  Preparing: SELECT user_id AS manager_id, auth_isaudit, card_isaudit, app_id FROM sys_user WHERE user_id = ? AND del_flag='0' AND status='0' 
2020-03-08 14:44:04 -==> Parameters: 26(String)
2020-03-08 14:44:04 -<==      Total: 1
2020-03-08 14:44:04 -String com.example.longecological.service.common.impl.SysParamServiceImpl.getParamByCode(String) enable cache service,cacheKey:zfpay_sys_param_openThreeTierDistribution
2020-03-08 14:44:04 -String com.example.longecological.service.common.impl.SysParamServiceImpl.getParamByCode(String) enable cache service,has cacheKey:zfpay_sys_param_openThreeTierDistribution , return
2020-03-08 14:44:04 -String com.example.longecological.service.common.impl.SysParamServiceImpl.getParamByCode(String) enable cache service,cacheKey:zfpay_sys_param_openThreeTierDistribution
2020-03-08 14:44:04 -String com.example.longecological.service.common.impl.SysParamServiceImpl.getParamByCode(String) enable cache service,has cacheKey:zfpay_sys_param_openThreeTierDistribution , return
2020-03-08 14:44:04 -String com.example.longecological.service.common.impl.SysParamServiceImpl.getParamByCode(String) enable cache service,cacheKey:zfpay_sys_param_openThreeTierDistribution
2020-03-08 14:44:04 -String com.example.longecological.service.common.impl.SysParamServiceImpl.getParamByCode(String) enable cache service,has cacheKey:zfpay_sys_param_openThreeTierDistribution , return
2020-03-08 14:44:04 -耗时 : 376
2020-03-08 14:44:04 -此处进行解密+验签+身份验证
2020-03-08 14:44:04 -此处进行解密+验签+身份验证
2020-03-08 14:44:04 -Map com.example.longecological.service.user.impl.UserInfoCacheServiceImpl.getUserFreezeCacheById(String) enable cache service,cacheKey:zfpay_user_freeze_181
2020-03-08 14:44:04 -Map com.example.longecological.service.user.impl.UserInfoCacheServiceImpl.getUserFreezeCacheById(String) enable cache service,cacheKey:zfpay_user_freeze_181
2020-03-08 14:44:04 -此处进行解密+验签+身份验证
2020-03-08 14:44:04 -请求地址 : http://192.168.191.1:8080/api/sys/version/getNewVersion
2020-03-08 14:44:04 -Map com.example.longecological.service.user.impl.UserInfoCacheServiceImpl.getUserFreezeCacheById(String) enable cache service,has cacheKey:zfpay_user_freeze_181 , return
2020-03-08 14:44:04 -Map com.example.longecological.service.system.impl.SysVersionCacheServiceImpl.getNewVersion(Map) enable cache service,cacheKey:zfpay_sys_version_info_new_iOS
2020-03-08 14:44:04 -Map com.example.longecological.service.user.impl.UserInfoCacheServiceImpl.getUserFreezeCacheById(String) enable cache service,has cacheKey:zfpay_user_freeze_181 , return
2020-03-08 14:44:04 -Map com.example.longecological.service.system.impl.SysVersionCacheServiceImpl.getNewVersion(Map) enable cache service,has cacheKey:zfpay_sys_version_info_new_iOS , return
2020-03-08 14:44:04 -请求地址 : http://192.168.191.1:8080/api/sys/appImg/getAppImgList
2020-03-08 14:44:04 -耗时 : 18
2020-03-08 14:44:04 -List com.example.longecological.service.system.impl.SysAppImgCacheServiceImpl.getAppImgList(Map) enable cache service,cacheKey:zfpay_sys_app_img_02
2020-03-08 14:44:04 -请求地址 : http://192.168.191.1:8080/api/sys/notice/getUnReadNews
2020-03-08 14:44:04 -Map com.example.longecological.service.user.impl.UserInfoCacheServiceImpl.getUserInfoCacheById(String) enable cache service,cacheKey:zfpay_user_info_id_181
2020-03-08 14:44:04 -List com.example.longecological.service.system.impl.SysAppImgCacheServiceImpl.getAppImgList(Map) enable cache service,has cacheKey:zfpay_sys_app_img_02 , return
2020-03-08 14:44:04 -Map com.example.longecological.service.user.impl.UserInfoCacheServiceImpl.getUserInfoCacheById(String) enable cache service,has cacheKey:zfpay_user_info_id_181 , return
2020-03-08 14:44:04 -耗时 : 16
2020-03-08 14:44:04 -==>  Preparing: select sum(cnt) from (select count(*) as cnt from t_user_apply_cardrate_trapos_record_info where user_id = ? and status in('08','09') union select count(*) as cnt from t_user_apply_cardrate_mpos_record_info where user_id = ? and status in('08','09')) t 
2020-03-08 14:44:04 -==> Parameters: 181(String), 181(String)
2020-03-08 14:44:04 -<==      Total: 1
2020-03-08 14:44:04 -==>  Preparing: select * from t_news_read_state where news_type=? and user_id=? 
2020-03-08 14:44:04 -==> Parameters: applyRateFlag(String), 181(String)
2020-03-08 14:44:04 -<==      Total: 1
2020-03-08 14:44:04 -==>  Preparing: update t_news_read_state set pre_unread_num=?,unread_num=? where user_id=? and news_type=? 
2020-03-08 14:44:04 -==> Parameters: 13(Integer), 13(Integer), 181(String), applyRateFlag(String)
2020-03-08 14:44:04 -<==    Updates: 1
2020-03-08 14:44:04 -==>  Preparing: select sum(cnt) from (SELECT count(*) as cnt FROM t_user_trapos_recall_record_info WHERE acce_user_id = ? AND status = '00' union SELECT count(*) as cnt FROM t_user_mpos_recall_record_info WHERE acce_user_id = ? AND status = '00') t 
2020-03-08 14:44:04 -==> Parameters: 181(String), 181(String)
2020-03-08 14:44:04 -<==      Total: 1
2020-03-08 14:44:04 -==>  Preparing: select * from t_news_read_state where news_type=? and user_id=? 
2020-03-08 14:44:04 -==> Parameters: recallFlag(String), 181(String)
2020-03-08 14:44:04 -<==      Total: 1
2020-03-08 14:44:04 -==>  Preparing: update t_news_read_state set pre_unread_num=?,unread_num=? where user_id=? and news_type=? 
2020-03-08 14:44:04 -==> Parameters: 0(Integer), 0(Integer), 181(String), recallFlag(String)
2020-03-08 14:44:04 -<==    Updates: 1
2020-03-08 14:44:04 -==>  Preparing: select count(*) as cnt from t_sys_money_locker_college_info 
2020-03-08 14:44:04 -==> Parameters: 
2020-03-08 14:44:04 -<==      Total: 1
2020-03-08 14:44:04 -==>  Preparing: select * from t_news_read_state where news_type=? and user_id=? 
2020-03-08 14:44:04 -==> Parameters: collegeFlag(String), 181(String)
2020-03-08 14:44:04 -<==      Total: 1
2020-03-08 14:44:04 -==>  Preparing: update t_news_read_state set pre_unread_num=?,unread_num=? where user_id=? and news_type=? 
2020-03-08 14:44:04 -==> Parameters: 15(Integer), 15(Integer), 181(String), collegeFlag(String)
2020-03-08 14:44:04 -<==    Updates: 1
2020-03-08 14:44:04 -==>  Preparing: select sum(cnt) from (select count(*) as cnt from t_user_apply_cardrate_trapos_record_info where user_id = ? and status in('08','09') union select count(*) as cnt from t_user_apply_cardrate_mpos_record_info where user_id = ? and status in('08','09')) t 
2020-03-08 14:44:04 -==> Parameters: 181(String), 181(String)
2020-03-08 14:44:04 -<==      Total: 1
2020-03-08 14:44:04 -==>  Preparing: select * from t_news_read_state where news_type=? and user_id=? 
2020-03-08 14:44:04 -==> Parameters: cardFlag(String), 181(String)
2020-03-08 14:44:04 -<==      Total: 1
2020-03-08 14:44:04 -==>  Preparing: update t_news_read_state set pre_unread_num=?,unread_num=? where user_id=? and news_type=? 
2020-03-08 14:44:04 -==> Parameters: 13(Integer), 13(Integer), 181(String), cardFlag(String)
2020-03-08 14:44:04 -<==    Updates: 1
2020-03-08 14:44:04 -耗时 : 112
2020-03-08 14:44:09 -此处进行解密+验签+身份验证
2020-03-08 14:44:09 -此处进行解密+验签+身份验证
2020-03-08 14:44:09 -此处进行解密+验签+身份验证
2020-03-08 14:44:09 -Map com.example.longecological.service.user.impl.UserInfoCacheServiceImpl.getUserFreezeCacheById(String) enable cache service,cacheKey:zfpay_user_freeze_181
2020-03-08 14:44:09 -Map com.example.longecological.service.user.impl.UserInfoCacheServiceImpl.getUserFreezeCacheById(String) enable cache service,cacheKey:zfpay_user_freeze_181
2020-03-08 14:44:09 -Map com.example.longecological.service.user.impl.UserInfoCacheServiceImpl.getUserFreezeCacheById(String) enable cache service,cacheKey:zfpay_user_freeze_181
2020-03-08 14:44:09 -Map com.example.longecological.service.user.impl.UserInfoCacheServiceImpl.getUserFreezeCacheById(String) enable cache service,has cacheKey:zfpay_user_freeze_181 , return
2020-03-08 14:44:09 -Map com.example.longecological.service.user.impl.UserInfoCacheServiceImpl.getUserFreezeCacheById(String) enable cache service,has cacheKey:zfpay_user_freeze_181 , return
2020-03-08 14:44:09 -Map com.example.longecological.service.user.impl.UserInfoCacheServiceImpl.getUserFreezeCacheById(String) enable cache service,has cacheKey:zfpay_user_freeze_181 , return
2020-03-08 14:44:09 -请求地址 : http://192.168.191.1:8080/api/sys/benefitcentre/getHeaderInformation
2020-03-08 14:44:09 -请求地址 : http://192.168.191.1:8080/api/sys/benefitcentre/getBenefitCentreTraditionalPosDetail
2020-03-08 14:44:09 -请求地址 : http://192.168.191.1:8080/api/sys/benefitcentre/getBenefitCentreMposDetail
2020-03-08 14:44:09 -==>  Preparing: SELECT cast(today_benefit as char) as today_benefit, cast((money - today_benefit) as char) AS withdraw_money, cast(settle_money as char) as settle_money, cast(total_benefit as char) as total_benefit FROM t_user_info WHERE id = ? 
2020-03-08 14:44:09 -==> Parameters: 181(String)
2020-03-08 14:44:09 -==>  Preparing: SELECT cast(benefit as char) benefit, cast(merchant_benefit as char) as merchant_benefit, cast(agency_benefit as char) as agency_benefit, cast(( share_benefit + single_benefit ) as char) AS share_benefit, cast(return_benefit as char) as return_benefit, cast(activity_benefit as char) as activity_benefit, cast(deduct_money as char) as deduct_money FROM t_summary_user_traditional_pos_benefit_month WHERE user_id = ? and cre_month = ? 
2020-03-08 14:44:09 -==> Parameters: 181(String), 202003(String)
2020-03-08 14:44:09 -==>  Preparing: SELECT cast(benefit as char) benefit, cast(merchant_benefit as char) as merchant_benefit, cast(agency_benefit as char) as agency_benefit, cast(( share_benefit + single_benefit ) as char) AS share_benefit, cast(return_benefit as char) as return_benefit, cast(activity_benefit as char) as activity_benefit, cast(deduct_money as char) as deduct_money FROM t_summary_user_mpos_benefit_month WHERE user_id = ? and cre_month = ? 
2020-03-08 14:44:09 -==> Parameters: 181(String), 202003(String)
2020-03-08 14:44:09 -<==      Total: 1
2020-03-08 14:44:09 -耗时 : 13
2020-03-08 14:44:09 -<==      Total: 1
2020-03-08 14:44:09 -耗时 : 12
2020-03-08 14:44:09 -<==      Total: 1
2020-03-08 14:44:09 -耗时 : 17
